info: Microsoft.Hosting.Lifetime[0]
      Application started. Press Ctrl+C to shut down.
info: Microsoft.Hosting.Lifetime[0]
      Hosting environment: Production
info: Microsoft.Hosting.Lifetime[0]
      Content root path: D:\POS-19-10-2025\POS-BackPublish
2025-11-24T16:09:40.720+0200	writing admin.system.version to 
2025-11-24T16:09:40.722+0200	done dumping admin.system.version (1 document)
2025-11-24T16:09:40.723+0200	writing POSdbhamdy.POSOrders to 
2025-11-24T16:09:41.023+0200	writing newPOSdb.POSProductPricingClasses to 
2025-11-24T16:09:41.024+0200	writing POSdbhamdy.POSCustomers to 
2025-11-24T16:09:41.024+0200	writing POSdbhamdy.POSUsersLogins to 
2025-11-24T16:09:41.047+0200	done dumping POSdbhamdy.POSUsersLogins (1939 documents)
2025-11-24T16:09:41.047+0200	writing POSdbnew.POSProductPricingClasses to 
2025-11-24T16:09:41.049+0200	done dumping newPOSdb.POSProductPricingClasses (2724 documents)
2025-11-24T16:09:41.049+0200	writing POSdbnew.POSProductTaxes to 
2025-11-24T16:09:41.054+0200	done dumping POSdbnew.POSProductTaxes (415 documents)
2025-11-24T16:09:41.055+0200	writing POSdbhamdy.POSIncomingUsers to 
2025-11-24T16:09:41.060+0200	done dumping POSdbnew.POSProductPricingClasses (1209 documents)
2025-11-24T16:09:41.060+0200	writing POSdbhamdy.POSNotes to 
2025-11-24T16:09:41.066+0200	done dumping POSdbhamdy.POSNotes (292 documents)
2025-11-24T16:09:41.066+0200	writing newPOSdb.POSProductTaxes to 
2025-11-24T16:09:41.066+0200	done dumping POSdbhamdy.POSIncomingUsers (401 documents)
2025-11-24T16:09:41.066+0200	writing newPOSdb.POSCostCenters to 
2025-11-24T16:09:41.071+0200	done dumping newPOSdb.POSCostCenters (202 documents)
2025-11-24T16:09:41.071+0200	done dumping newPOSdb.POSProductTaxes (286 documents)
2025-11-24T16:09:41.071+0200	writing POSdbnew.POSMobileOrders to 
2025-11-24T16:09:41.071+0200	writing POSdbhamdy.POSCustomerOrders to 
2025-11-24T16:09:41.090+0200	done dumping POSdbhamdy.POSCustomerOrders (186 documents)
2025-11-24T16:09:41.091+0200	done dumping POSdbhamdy.POSCustomers (2207 documents)
2025-11-24T16:09:41.091+0200	writing POSdbhamdy.POSCashReceipts to 
2025-11-24T16:09:41.091+0200	writing POSdbnew.POSOrders to 
2025-11-24T16:09:41.096+0200	done dumping POSdbhamdy.POSCashReceipts (150 documents)
2025-11-24T16:09:41.097+0200	writing POSdbhamdy.POSRegions to 
2025-11-24T16:09:41.104+0200	done dumping POSdbhamdy.POSRegions (137 documents)
2025-11-24T16:09:41.104+0200	writing Quiz.POSScreens to 
2025-11-24T16:09:41.107+0200	done dumping Quiz.POSScreens (134 documents)
2025-11-24T16:09:41.107+0200	writing POSdbhamdy.POSRegionsDeliveryPrices to 
2025-11-24T16:09:41.112+0200	done dumping POSdbhamdy.POSRegionsDeliveryPrices (130 documents)
2025-11-24T16:09:41.113+0200	writing POSdb.POSProductPricingClasses to 
2025-11-24T16:09:41.115+0200	done dumping POSdb.POSProductPricingClasses (108 documents)
2025-11-24T16:09:41.115+0200	writing Quiz.POSUsersLogins to 
2025-11-24T16:09:41.118+0200	done dumping Quiz.POSUsersLogins (107 documents)
2025-11-24T16:09:41.118+0200	writing POSdbhamdy.POSProductPricingClasses to 
2025-11-24T16:09:41.123+0200	done dumping POSdbhamdy.POSProductPricingClasses (102 documents)
2025-11-24T16:09:41.124+0200	writing Quiz.POSOrders to 
2025-11-24T16:09:41.151+0200	done dumping Quiz.POSOrders (99 documents)
2025-11-24T16:09:41.151+0200	writing POSdbhamdy.POSOpenDays to 
2025-11-24T16:09:41.155+0200	done dumping POSdbhamdy.POSOpenDays (98 documents)
2025-11-24T16:09:41.155+0200	writing POSdbnew.POSVendors to 
2025-11-24T16:09:41.157+0200	done dumping POSdbnew.POSVendors (97 documents)
2025-11-24T16:09:41.158+0200	writing POSdbnew.POSUsersLogins to 
2025-11-24T16:09:41.160+0200	done dumping POSdbnew.POSUsersLogins (90 documents)
2025-11-24T16:09:41.160+0200	writing POSdb.POSScreens to 
2025-11-24T16:09:41.162+0200	done dumping POSdbnew.POSMobileOrders (186 documents)
2025-11-24T16:09:41.163+0200	writing POSdb.POSOrders to 
2025-11-24T16:09:41.163+0200	done dumping POSdb.POSScreens (69 documents)
2025-11-24T16:09:41.163+0200	writing Ofline.POSScreens to 
2025-11-24T16:09:41.166+0200	done dumping Ofline.POSScreens (68 documents)
2025-11-24T16:09:41.166+0200	writing new.POSScreens to 
2025-11-24T16:09:41.168+0200	done dumping new.POSScreens (68 documents)
2025-11-24T16:09:41.170+0200	writing newPOSdb.POSScreens to 
2025-11-24T16:09:41.172+0200	done dumping POSdbnew.POSOrders (154 documents)
2025-11-24T16:09:41.172+0200	writing POSdbhamdy.POSScreens to 
2025-11-24T16:09:41.173+0200	done dumping newPOSdb.POSScreens (68 documents)
2025-11-24T16:09:41.173+0200	writing POSdbnew.POSScreens to 
2025-11-24T16:09:41.174+0200	done dumping POSdbhamdy.POSScreens (68 documents)
2025-11-24T16:09:41.174+0200	writing POSdbnew.POSEmployees to 
2025-11-24T16:09:41.174+0200	done dumping POSdbnew.POSScreens (67 documents)
2025-11-24T16:09:41.174+0200	writing POSdb.POSMobileOrders to 
2025-11-24T16:09:41.178+0200	done dumping POSdbnew.POSEmployees (63 documents)
2025-11-24T16:09:41.178+0200	writing POSdb.POSProductTaxes to 
2025-11-24T16:09:41.182+0200	done dumping POSdb.POSProductTaxes (53 documents)
2025-11-24T16:09:41.183+0200	writing POSdbhamdy.POSReturnOrders to 
2025-11-24T16:09:41.185+0200	done dumping POSdbhamdy.POSReturnOrders (36 documents)
2025-11-24T16:09:41.187+0200	writing POSdbhamdy.POSEmployees to 
2025-11-24T16:09:41.189+0200	done dumping POSdbhamdy.POSEmployees (32 documents)
2025-11-24T16:09:41.189+0200	writing newPOSdb.POSOrders to 
2025-11-24T16:09:41.190+0200	done dumping POSdb.POSOrders (68 documents)
2025-11-24T16:09:41.191+0200	writing POSdbnew.POSIncomingUsers to 
2025-11-24T16:09:41.194+0200	done dumping POSdbnew.POSIncomingUsers (28 documents)
2025-11-24T16:09:41.194+0200	writing POSdb.POSUsersLogins to 
2025-11-24T16:09:41.196+0200	done dumping POSdb.POSUsersLogins (28 documents)
2025-11-24T16:09:41.197+0200	writing Quiz.POSOpenDays to 
2025-11-24T16:09:41.199+0200	done dumping Quiz.POSOpenDays (23 documents)
2025-11-24T16:09:41.199+0200	writing POSdbnew.POSOpenDays to 
2025-11-24T16:09:41.200+0200	done dumping POSdb.POSMobileOrders (61 documents)
2025-11-24T16:09:41.200+0200	writing Quiz.POSIncomingUsers to 
2025-11-24T16:09:41.201+0200	done dumping POSdbnew.POSOpenDays (23 documents)
2025-11-24T16:09:41.201+0200	writing Quiz.POSCustomerGroups to 
2025-11-24T16:09:41.203+0200	done dumping Quiz.POSIncomingUsers (21 documents)
2025-11-24T16:09:41.203+0200	done dumping Quiz.POSCustomerGroups (20 documents)
2025-11-24T16:09:41.203+0200	writing POSdb.POSCategories to 
2025-11-24T16:09:41.203+0200	writing POSdbnew.POSUnits to 
2025-11-24T16:09:41.204+0200	done dumping POSdb.POSCategories (18 documents)
2025-11-24T16:09:41.204+0200	done dumping POSdbnew.POSUnits (18 documents)
2025-11-24T16:09:41.205+0200	writing Quiz.POSReturnOrders to 
2025-11-24T16:09:41.205+0200	writing POSdbnew.POSCategories to 
2025-11-24T16:09:41.207+0200	done dumping POSdbnew.POSCategories (17 documents)
2025-11-24T16:09:41.207+0200	writing POSdbnew.POSItemGroups to 
2025-11-24T16:09:41.209+0200	done dumping Quiz.POSReturnOrders (17 documents)
2025-11-24T16:09:41.210+0200	writing POSdbnew.POSCustomers to 
2025-11-24T16:09:41.212+0200	done dumping POSdbnew.POSCustomers (15 documents)
2025-11-24T16:09:41.213+0200	writing newPOSdb.POSCustomers to 
2025-11-24T16:09:41.214+0200	done dumping newPOSdb.POSCustomers (14 documents)
2025-11-24T16:09:41.215+0200	writing Ofline.POSProductPricingClasses to 
2025-11-24T16:09:41.216+0200	done dumping Ofline.POSProductPricingClasses (13 documents)
2025-11-24T16:09:41.216+0200	writing newPOSdb.POSUsersLogins to 
2025-11-24T16:09:41.217+0200	done dumping newPOSdb.POSOrders (29 documents)
2025-11-24T16:09:41.217+0200	writing POSdbnew.POSEmployeeGroups to 
2025-11-24T16:09:41.219+0200	done dumping newPOSdb.POSUsersLogins (13 documents)
2025-11-24T16:09:41.219+0200	writing Quiz.POSProductPricingClasses to 
2025-11-24T16:09:41.220+0200	done dumping POSdbnew.POSEmployeeGroups (13 documents)
2025-11-24T16:09:41.220+0200	writing POSdb.POSUnits to 
2025-11-24T16:09:41.220+0200	done dumping Quiz.POSProductPricingClasses (12 documents)
2025-11-24T16:09:41.220+0200	writing POSdbhamdy.POSVendors to 
2025-11-24T16:09:41.221+0200	done dumping POSdbnew.POSItemGroups (16 documents)
2025-11-24T16:09:41.221+0200	done dumping POSdb.POSUnits (12 documents)
2025-11-24T16:09:41.221+0200	writing newPOSdb.POSVendors to 
2025-11-24T16:09:41.223+0200	writing POSdb.POSOrderTypeTaxes to 
2025-11-24T16:09:41.223+0200	done dumping POSdbhamdy.POSVendors (11 documents)
2025-11-24T16:09:41.223+0200	writing POSdbnew.POSVolumes to 
2025-11-24T16:09:41.223+0200	done dumping newPOSdb.POSVendors (11 documents)
2025-11-24T16:09:41.224+0200	writing POSdbnew.POSOrderTypes to 
2025-11-24T16:09:41.224+0200	done dumping POSdb.POSOrderTypeTaxes (10 documents)
2025-11-24T16:09:41.225+0200	done dumping POSdbnew.POSVolumes (10 documents)
2025-11-24T16:09:41.225+0200	writing new.POSOrders to 
2025-11-24T16:09:41.226+0200	writing POSdbnew.POSRegions to 
2025-11-24T16:09:41.228+0200	done dumping POSdbnew.POSOrderTypes (10 documents)
2025-11-24T16:09:41.229+0200	writing newPOSdb.POSPricingClasses to 
2025-11-24T16:09:41.230+0200	done dumping newPOSdb.POSPricingClasses (8 documents)
2025-11-24T16:09:41.231+0200	writing POSdb.POSCustomers to 
2025-11-24T16:09:41.231+0200	done dumping POSdbnew.POSRegions (9 documents)
2025-11-24T16:09:41.231+0200	done dumping new.POSOrders (9 documents)
2025-11-24T16:09:41.232+0200	writing POSdbhamdy.POSUnits to 
2025-11-24T16:09:41.232+0200	writing Quiz.POSCategories to 
2025-11-24T16:09:41.235+0200	done dumping Quiz.POSCategories (8 documents)
2025-11-24T16:09:41.236+0200	writing POSdbhamdy.POSEmployeeGroups to 
2025-11-24T16:09:41.236+0200	done dumping POSdbhamdy.POSUnits (8 documents)
2025-11-24T16:09:41.238+0200	writing POSdbnew.applicationUsers to 
2025-11-24T16:09:41.238+0200	done dumping POSdbhamdy.POSEmployeeGroups (8 documents)
2025-11-24T16:09:41.239+0200	writing POSdb.POSIncomingUsers to 
2025-11-24T16:09:41.240+0200	done dumping POSdbnew.applicationUsers (8 documents)
2025-11-24T16:09:41.241+0200	done dumping POSdb.POSCustomers (8 documents)
2025-11-24T16:09:41.241+0200	writing POSdbhamdy.applicationUsers to 
2025-11-24T16:09:41.243+0200	writing POSdbnew.POSOrderPayTypes to 
2025-11-24T16:09:41.245+0200	done dumping POSdbhamdy.applicationUsers (8 documents)
2025-11-24T16:09:41.245+0200	writing POSdbnew.POSOrderTypeTaxes to 
2025-11-24T16:09:41.245+0200	done dumping POSdb.POSIncomingUsers (8 documents)
2025-11-24T16:09:41.245+0200	writing newPOSdb.POSUnits to 
2025-11-24T16:09:41.245+0200	done dumping POSdbnew.POSOrderPayTypes (7 documents)
2025-11-24T16:09:41.246+0200	writing POSdbnew.POSStocks to 
2025-11-24T16:09:41.246+0200	done dumping POSdbnew.POSOrderTypeTaxes (7 documents)
2025-11-24T16:09:41.246+0200	done dumping newPOSdb.POSUnits (7 documents)
2025-11-24T16:09:41.247+0200	writing POSdb.POSEmployees to 
2025-11-24T16:09:41.247+0200	done dumping POSdbnew.POSStocks (7 documents)
2025-11-24T16:09:41.247+0200	writing newPOSdb.POSStocks to 
2025-11-24T16:09:41.247+0200	writing newPOSdb.POSBranches to 
2025-11-24T16:09:41.249+0200	done dumping newPOSdb.POSStocks (7 documents)
2025-11-24T16:09:41.249+0200	done dumping POSdb.POSEmployees (7 documents)
2025-11-24T16:09:41.249+0200	writing POSdb.POSOrderPayTypes to 
2025-11-24T16:09:41.249+0200	done dumping newPOSdb.POSBranches (7 documents)
2025-11-24T16:09:41.249+0200	writing POSdbnew.POSProductTypes to 
2025-11-24T16:09:41.249+0200	writing newPOSdb.POSCities to 
2025-11-24T16:09:41.251+0200	done dumping POSdb.POSOrderPayTypes (7 documents)
2025-11-24T16:09:41.251+0200	done dumping newPOSdb.POSCities (6 documents)
2025-11-24T16:09:41.251+0200	writing newPOSdb.POSEmployees to 
2025-11-24T16:09:41.251+0200	writing Quiz.POSProductTaxes to 
2025-11-24T16:09:41.253+0200	done dumping Quiz.POSProductTaxes (6 documents)
2025-11-24T16:09:41.253+0200	done dumping newPOSdb.POSEmployees (6 documents)
2025-11-24T16:09:41.253+0200	writing POSdbnew.POSCustomerOrders to 
2025-11-24T16:09:41.254+0200	writing Quiz.POSUnits to 
2025-11-24T16:09:41.255+0200	done dumping Quiz.POSUnits (6 documents)
2025-11-24T16:09:41.257+0200	writing POSdbnew.POSLanguages to 
2025-11-24T16:09:41.259+0200	done dumping POSdbnew.POSCustomerOrders (6 documents)
2025-11-24T16:09:41.259+0200	writing new.POSProductPricingClasses to 
2025-11-24T16:09:41.259+0200	done dumping POSdbnew.POSLanguages (6 documents)
2025-11-24T16:09:41.260+0200	writing POSdb.applicationUsers to 
2025-11-24T16:09:41.261+0200	done dumping new.POSProductPricingClasses (6 documents)
2025-11-24T16:09:41.261+0200	writing Ofline.POSLanguages to 
2025-11-24T16:09:41.262+0200	done dumping POSdb.applicationUsers (6 documents)
2025-11-24T16:09:41.263+0200	writing Quiz.POSLanguages to 
2025-11-24T16:09:41.264+0200	done dumping Ofline.POSLanguages (6 documents)
2025-11-24T16:09:41.264+0200	done dumping Quiz.POSLanguages (6 documents)
2025-11-24T16:09:41.264+0200	writing POSdb.POSLanguages to 
2025-11-24T16:09:41.264+0200	writing newPOSdb.POSLanguages to 
2025-11-24T16:09:41.266+0200	done dumping POSdb.POSLanguages (6 documents)
2025-11-24T16:09:41.266+0200	done dumping newPOSdb.POSLanguages (6 documents)
2025-11-24T16:09:41.266+0200	writing newPOSdb.POSRegions to 
2025-11-24T16:09:41.266+0200	writing POSdb.POSOpenDays to 
2025-11-24T16:09:41.267+0200	done dumping POSdb.POSOpenDays (6 documents)
2025-11-24T16:09:41.267+0200	done dumping newPOSdb.POSRegions (6 documents)
2025-11-24T16:09:41.267+0200	writing new.POSLanguages to 
2025-11-24T16:09:41.268+0200	writing Quiz.POSOrderInsurances to 
2025-11-24T16:09:41.270+0200	done dumping new.POSLanguages (6 documents)
2025-11-24T16:09:41.270+0200	done dumping Quiz.POSOrderInsurances (6 documents)
2025-11-24T16:09:41.270+0200	writing POSdb.POSStocks to 
2025-11-24T16:09:41.270+0200	writing POSdbhamdy.POSLanguages to 
2025-11-24T16:09:41.272+0200	done dumping POSdb.POSStocks (6 documents)
2025-11-24T16:09:41.272+0200	done dumping POSdbhamdy.POSLanguages (6 documents)
2025-11-24T16:09:41.272+0200	writing new.POSProductTaxes to 
2025-11-24T16:09:41.272+0200	writing Quiz.POSStocks to 
2025-11-24T16:09:41.274+0200	done dumping new.POSProductTaxes (6 documents)
2025-11-24T16:09:41.274+0200	done dumping Quiz.POSStocks (5 documents)
2025-11-24T16:09:41.275+0200	writing POSdb.POSOrderTypes to 
2025-11-24T16:09:41.275+0200	writing newPOSdb.POSOrderTypes to 
2025-11-24T16:09:41.276+0200	done dumping POSdb.POSOrderTypes (5 documents)
2025-11-24T16:09:41.276+0200	done dumping newPOSdb.POSOrderTypes (5 documents)
2025-11-24T16:09:41.276+0200	writing newPOSdb.POSProductTypes to 
2025-11-24T16:09:41.276+0200	writing POSdbhamdy.POSProductProperties to 
2025-11-24T16:09:41.279+0200	done dumping POSdbhamdy.POSProductProperties (5 documents)
2025-11-24T16:09:41.280+0200	writing Ofline.POSUsersLogins to 
2025-11-24T16:09:41.282+0200	done dumping Ofline.POSUsersLogins (5 documents)
2025-11-24T16:09:41.282+0200	writing POSdbhamdy.POSItemGroups to 
2025-11-24T16:09:41.287+0200	done dumping POSdbhamdy.POSItemGroups (5 documents)
2025-11-24T16:09:41.288+0200	writing POSdbhamdy.POSMobileOrders to 
2025-11-24T16:09:41.292+0200	done dumping POSdbhamdy.POSMobileOrders (5 documents)
2025-11-24T16:09:41.293+0200	writing newPOSdb.POSIncomingUsers to 
2025-11-24T16:09:41.294+0200	done dumping newPOSdb.POSIncomingUsers (5 documents)
2025-11-24T16:09:41.295+0200	writing newPOSdb.POSOrderPayTypes to 
2025-11-24T16:09:41.297+0200	done dumping newPOSdb.POSOrderPayTypes (5 documents)
2025-11-24T16:09:41.297+0200	writing POSdbhamdy.POSPrinters to 
2025-11-24T16:09:41.303+0200	done dumping POSdbnew.POSProductTypes (7 documents)
2025-11-24T16:09:41.304+0200	writing POSdbnew.POSRegionsDeliveryPrices to 
2025-11-24T16:09:41.305+0200	done dumping POSdbnew.POSRegionsDeliveryPrices (5 documents)
2025-11-24T16:09:41.305+0200	done dumping POSdbhamdy.POSPrinters (5 documents)
2025-11-24T16:09:41.305+0200	writing Quiz.POSVolumes to 
2025-11-24T16:09:41.305+0200	writing POSdbnew.POSTaxes to 
2025-11-24T16:09:41.307+0200	done dumping Quiz.POSVolumes (5 documents)
2025-11-24T16:09:41.307+0200	writing POSdb.POSRegions to 
2025-11-24T16:09:41.307+0200	done dumping POSdbnew.POSTaxes (4 documents)
2025-11-24T16:09:41.307+0200	writing POSdbnew.POSPricingClasses to 
2025-11-24T16:09:41.309+0200	done dumping POSdbnew.POSPricingClasses (4 documents)
2025-11-24T16:09:41.309+0200	done dumping POSdb.POSRegions (4 documents)
2025-11-24T16:09:41.309+0200	writing POSdbhamdy.POSOrderPayTypes to 
2025-11-24T16:09:41.310+0200	writing Quiz.POSReturnOrderInsurances to 
2025-11-24T16:09:41.311+0200	done dumping POSdbhamdy.POSOrderPayTypes (4 documents)
2025-11-24T16:09:41.312+0200	writing Quiz.POSBranches to 
2025-11-24T16:09:41.312+0200	done dumping Quiz.POSReturnOrderInsurances (4 documents)
2025-11-24T16:09:41.313+0200	writing POSdb.POSReturnOrders to 
2025-11-24T16:09:41.314+0200	done dumping Quiz.POSBranches (4 documents)
2025-11-24T16:09:41.314+0200	writing POSdbnew.POSCashReceipts to 
2025-11-24T16:09:41.315+0200	done dumping POSdb.POSReturnOrders (4 documents)
2025-11-24T16:09:41.316+0200	writing Quiz.POSTaxes to 
2025-11-24T16:09:41.316+0200	done dumping POSdbnew.POSCashReceipts (4 documents)
2025-11-24T16:09:41.316+0200	writing POSdb.POSProductTypes to 
2025-11-24T16:09:41.318+0200	done dumping newPOSdb.POSProductTypes (5 documents)
2025-11-24T16:09:41.318+0200	done dumping Quiz.POSTaxes (4 documents)
2025-11-24T16:09:41.318+0200	writing POSdbhamdy.POSCancellationReasons to 
2025-11-24T16:09:41.318+0200	writing POSdb.POSTaxes to 
2025-11-24T16:09:41.320+0200	done dumping POSdbhamdy.POSCancellationReasons (4 documents)
2025-11-24T16:09:41.320+0200	done dumping POSdb.POSProductTypes (4 documents)
2025-11-24T16:09:41.321+0200	done dumping POSdb.POSTaxes (4 documents)
2025-11-24T16:09:41.321+0200	writing POSdb.POSVendors to 
2025-11-24T16:09:41.321+0200	writing Quiz.POSOrderTypes to 
2025-11-24T16:09:41.321+0200	writing newPOSdb.applicationUsers to 
2025-11-24T16:09:41.324+0200	done dumping POSdb.POSVendors (4 documents)
2025-11-24T16:09:41.324+0200	done dumping newPOSdb.applicationUsers (4 documents)
2025-11-24T16:09:41.324+0200	done dumping Quiz.POSOrderTypes (4 documents)
2025-11-24T16:09:41.324+0200	writing Quiz.POSEmployees to 
2025-11-24T16:09:41.324+0200	writing Quiz.POSHalls to 
2025-11-24T16:09:41.324+0200	writing Ofline.POSOrderPayTypes to 
2025-11-24T16:09:41.326+0200	done dumping Quiz.POSEmployees (3 documents)
2025-11-24T16:09:41.327+0200	writing POSdb.POSEmployeeGroups to 
2025-11-24T16:09:41.327+0200	done dumping Ofline.POSOrderPayTypes (3 documents)
2025-11-24T16:09:41.328+0200	done dumping Quiz.POSHalls (3 documents)
2025-11-24T16:09:41.328+0200	writing POSdbnew.POSCancellationReasons to 
2025-11-24T16:09:41.329+0200	writing POSdb.POSPricingClasses to 
2025-11-24T16:09:41.330+0200	done dumping POSdb.POSEmployeeGroups (3 documents)
2025-11-24T16:09:41.330+0200	writing Quiz.POSItemGroups to 
2025-11-24T16:09:41.330+0200	done dumping POSdbnew.POSCancellationReasons (3 documents)
2025-11-24T16:09:41.331+0200	done dumping POSdb.POSPricingClasses (3 documents)
2025-11-24T16:09:41.331+0200	writing Quiz.POSOrderPayTypes to 
2025-11-24T16:09:41.332+0200	writing newPOSdb.POSReturnOrders to 
2025-11-24T16:09:41.333+0200	done dumping Quiz.POSOrderPayTypes (3 documents)
2025-11-24T16:09:41.333+0200	done dumping Quiz.POSItemGroups (3 documents)
2025-11-24T16:09:41.334+0200	writing new.POSPrinters to 
2025-11-24T16:09:41.334+0200	writing POSdb.POSDrivers to 
2025-11-24T16:09:41.334+0200	done dumping newPOSdb.POSReturnOrders (3 documents)
2025-11-24T16:09:41.334+0200	writing Quiz.POSCities to 
2025-11-24T16:09:41.336+0200	done dumping Quiz.POSCities (3 documents)
2025-11-24T16:09:41.336+0200	done dumping POSdb.POSDrivers (3 documents)
2025-11-24T16:09:41.336+0200	done dumping new.POSPrinters (3 documents)
2025-11-24T16:09:41.336+0200	writing new.POSOrderPayTypes to 
2025-11-24T16:09:41.336+0200	writing new.POSOrderTypes to 
2025-11-24T16:09:41.336+0200	writing Quiz.POSCashReceipts to 
2025-11-24T16:09:41.338+0200	done dumping new.POSOrderPayTypes (3 documents)
2025-11-24T16:09:41.338+0200	done dumping Quiz.POSCashReceipts (3 documents)
2025-11-24T16:09:41.339+0200	done dumping new.POSOrderTypes (3 documents)
2025-11-24T16:09:41.339+0200	writing Quiz.POSProductTypes to 
2025-11-24T16:09:41.339+0200	writing POSdbhamdy.POSPointOfSales to 
2025-11-24T16:09:41.339+0200	writing Quiz.POSOrderTypeTaxes to 
2025-11-24T16:09:41.340+0200	done dumping Quiz.POSOrderTypeTaxes (3 documents)
2025-11-24T16:09:41.340+0200	done dumping POSdbhamdy.POSPointOfSales (3 documents)
2025-11-24T16:09:41.342+0200	writing POSdb.POSVolumes to 
2025-11-24T16:09:41.342+0200	writing POSdbnew.POSBranches to 
2025-11-24T16:09:41.345+0200	done dumping POSdb.POSVolumes (3 documents)
2025-11-24T16:09:41.345+0200	done dumping POSdbnew.POSBranches (3 documents)
2025-11-24T16:09:41.345+0200	done dumping Quiz.POSProductTypes (3 documents)
2025-11-24T16:09:41.345+0200	writing POSdb.POSItemGroups to 
2025-11-24T16:09:41.346+0200	writing Ofline.POSOrderTypes to 
2025-11-24T16:09:41.346+0200	writing Quiz.POSProductClasses to 
2025-11-24T16:09:41.347+0200	done dumping Quiz.POSProductClasses (3 documents)
2025-11-24T16:09:41.347+0200	done dumping Ofline.POSOrderTypes (3 documents)
2025-11-24T16:09:41.347+0200	writing Quiz.POSPricingClasses to 
2025-11-24T16:09:41.347+0200	writing POSdbnew.POSUsersGroups to 
2025-11-24T16:09:41.351+0200	done dumping Quiz.POSPricingClasses (2 documents)
2025-11-24T16:09:41.351+0200	done dumping POSdbnew.POSUsersGroups (2 documents)
2025-11-24T16:09:41.351+0200	writing Quiz.POSCostCenters to 
2025-11-24T16:09:41.351+0200	done dumping POSdb.POSItemGroups (3 documents)
2025-11-24T16:09:41.351+0200	writing Quiz.POSCustomers to 
2025-11-24T16:09:41.352+0200	writing POSdbnew.POSPointOfSales to 
2025-11-24T16:09:41.354+0200	done dumping Quiz.POSCostCenters (2 documents)
2025-11-24T16:09:41.354+0200	writing POSdbnew.POSHalls to 
2025-11-24T16:09:41.355+0200	done dumping Quiz.POSCustomers (2 documents)
2025-11-24T16:09:41.355+0200	writing Quiz.POSCountries to 
2025-11-24T16:09:41.355+0200	done dumping POSdbnew.POSPointOfSales (2 documents)
2025-11-24T16:09:41.355+0200	done dumping POSdbnew.POSHalls (2 documents)
2025-11-24T16:09:41.355+0200	writing POSdbnew.POSInsurances to 
2025-11-24T16:09:41.355+0200	writing POSdbhamdy.POSDrivers to 
2025-11-24T16:09:41.355+0200	done dumping Quiz.POSCountries (2 documents)
2025-11-24T16:09:41.355+0200	writing POSdbhamdy.POSVolumes to 
2025-11-24T16:09:41.357+0200	done dumping POSdbnew.POSInsurances (2 documents)
2025-11-24T16:09:41.357+0200	done dumping POSdbhamdy.POSDrivers (2 documents)
2025-11-24T16:09:41.357+0200	writing POSdbhamdy.POSWorkTime to 
2025-11-24T16:09:41.357+0200	writing POSdbnew.POSCustomerGroups to 
2025-11-24T16:09:41.357+0200	done dumping POSdbhamdy.POSVolumes (2 documents)
2025-11-24T16:09:41.358+0200	writing Ofline.POSOrders to 
2025-11-24T16:09:41.359+0200	done dumping POSdbhamdy.POSWorkTime (2 documents)
2025-11-24T16:09:41.359+0200	done dumping POSdbnew.POSCustomerGroups (2 documents)
2025-11-24T16:09:41.359+0200	writing POSdbnew.POSPermissions to 
2025-11-24T16:09:41.359+0200	writing new.POSProductTypes to 
2025-11-24T16:09:41.361+0200	done dumping Ofline.POSOrders (2 documents)
2025-11-24T16:09:41.361+0200	done dumping new.POSProductTypes (2 documents)
2025-11-24T16:09:41.362+0200	writing new.POSUsersGroups to 
2025-11-24T16:09:41.362+0200	writing new.POSDrivers to 
2025-11-24T16:09:41.363+0200	done dumping POSdbnew.POSPermissions (2 documents)
2025-11-24T16:09:41.363+0200	writing new.POSBranches to 
2025-11-24T16:09:41.364+0200	done dumping new.POSDrivers (2 documents)
2025-11-24T16:09:41.364+0200	done dumping new.POSUsersGroups (2 documents)
2025-11-24T16:09:41.364+0200	writing new.POSTaxes to 
2025-11-24T16:09:41.364+0200	writing POSdbhamdy.POSFollowOrderSettings to 
2025-11-24T16:09:41.365+0200	done dumping new.POSBranches (2 documents)
2025-11-24T16:09:41.365+0200	done dumping new.POSTaxes (2 documents)
2025-11-24T16:09:41.365+0200	writing new.POSPointOfSales to 
2025-11-24T16:09:41.365+0200	writing POSdbhamdy.POSUsersGroups to 
2025-11-24T16:09:41.366+0200	done dumping POSdbhamdy.POSFollowOrderSettings (2 documents)
2025-11-24T16:09:41.366+0200	writing POSdbnew.POSWorkTime to 
2025-11-24T16:09:41.367+0200	done dumping new.POSPointOfSales (2 documents)
2025-11-24T16:09:41.368+0200	writing new.POSIncomingUsers to 
2025-11-24T16:09:41.368+0200	done dumping POSdbhamdy.POSUsersGroups (2 documents)
2025-11-24T16:09:41.368+0200	done dumping POSdbnew.POSWorkTime (2 documents)
2025-11-24T16:09:41.368+0200	writing POSdbhamdy.POSCustomerGroups to 
2025-11-24T16:09:41.368+0200	writing POSdb.POSPermissions to 
2025-11-24T16:09:41.370+0200	done dumping POSdbhamdy.POSCustomerGroups (2 documents)
2025-11-24T16:09:41.370+0200	done dumping new.POSIncomingUsers (2 documents)
2025-11-24T16:09:41.370+0200	writing new.POSEmployees to 
2025-11-24T16:09:41.370+0200	writing new.POSUsersLogins to 
2025-11-24T16:09:41.371+0200	done dumping new.POSUsersLogins (2 documents)
2025-11-24T16:09:41.371+0200	done dumping new.POSEmployees (2 documents)
2025-11-24T16:09:41.372+0200	writing new.POSOpenDays to 
2025-11-24T16:09:41.372+0200	writing POSdbhamdy.POSOrderTypes to 
2025-11-24T16:09:41.374+0200	done dumping POSdb.POSPermissions (2 documents)
2025-11-24T16:09:41.374+0200	done dumping new.POSOpenDays (2 documents)
2025-11-24T16:09:41.374+0200	writing newPOSdb.POSCustomerGroups to 
2025-11-24T16:09:41.374+0200	done dumping POSdbhamdy.POSOrderTypes (2 documents)
2025-11-24T16:09:41.374+0200	writing Ofline.POSProductTypes to 
2025-11-24T16:09:41.374+0200	writing POSdb.POSInsurances to 
2025-11-24T16:09:41.377+0200	done dumping POSdb.POSInsurances (2 documents)
2025-11-24T16:09:41.377+0200	done dumping Ofline.POSProductTypes (2 documents)
2025-11-24T16:09:41.377+0200	done dumping newPOSdb.POSCustomerGroups (2 documents)
2025-11-24T16:09:41.377+0200	writing POSdb.POSPointOfSales to 
2025-11-24T16:09:41.377+0200	writing POSdb.POSUsersGroups to 
2025-11-24T16:09:41.377+0200	writing POSdb.POSCustomerGroups to 
2025-11-24T16:09:41.379+0200	done dumping POSdb.POSPointOfSales (2 documents)
2025-11-24T16:09:41.379+0200	writing POSdb.POSBranches to 
2025-11-24T16:09:41.379+0200	done dumping POSdb.POSCustomerGroups (2 documents)
2025-11-24T16:09:41.379+0200	writing newPOSdb.POSHalls to 
2025-11-24T16:09:41.381+0200	done dumping POSdb.POSUsersGroups (2 documents)
2025-11-24T16:09:41.382+0200	writing newPOSdb.POSEmployeeGroups to 
2025-11-24T16:09:41.382+0200	done dumping POSdb.POSBranches (2 documents)
2025-11-24T16:09:41.382+0200	done dumping newPOSdb.POSHalls (2 documents)
2025-11-24T16:09:41.382+0200	writing Quiz.POSGovernments to 
2025-11-24T16:09:41.382+0200	writing POSdbhamdy.POSPermissions to 
2025-11-24T16:09:41.383+0200	done dumping newPOSdb.POSEmployeeGroups (2 documents)
2025-11-24T16:09:41.384+0200	writing POSdb.POSOrderInsurances to 
2025-11-24T16:09:41.384+0200	done dumping Quiz.POSGovernments (2 documents)
2025-11-24T16:09:41.385+0200	writing Quiz.POSBackups to 
2025-11-24T16:09:41.385+0200	done dumping Quiz.POSBackups (1 document)
2025-11-24T16:09:41.385+0200	done dumping POSdb.POSOrderInsurances (1 document)
2025-11-24T16:09:41.385+0200	writing Quiz.POSInsurances to 
2025-11-24T16:09:41.385+0200	done dumping POSdbhamdy.POSPermissions (2 documents)
2025-11-24T16:09:41.385+0200	writing Quiz.POSNotes to 
2025-11-24T16:09:41.385+0200	writing Quiz.applicationRoles to 
2025-11-24T16:09:41.388+0200	done dumping Quiz.POSNotes (1 document)
2025-11-24T16:09:41.388+0200	done dumping Quiz.POSInsurances (1 document)
2025-11-24T16:09:41.388+0200	done dumping Quiz.applicationRoles (1 document)
2025-11-24T16:09:41.388+0200	writing Quiz.POSFoodPlans to 
2025-11-24T16:09:41.389+0200	writing Quiz.applicationUsers to 
2025-11-24T16:09:41.389+0200	writing POSdbnew.POSComboProducts to 
2025-11-24T16:09:41.391+0200	done dumping Quiz.POSFoodPlans (1 document)
2025-11-24T16:09:41.391+0200	done dumping Quiz.applicationUsers (1 document)
2025-11-24T16:09:41.391+0200	done dumping POSdbnew.POSComboProducts (1 document)
2025-11-24T16:09:41.391+0200	writing Quiz.POSMyPoints to 
2025-11-24T16:09:41.391+0200	writing POSdbnew.POSMinimumCharges to 
2025-11-24T16:09:41.391+0200	writing Quiz.POSEmployeeGroups to 
2025-11-24T16:09:41.393+0200	done dumping POSdbnew.POSMinimumCharges (1 document)
2025-11-24T16:09:41.393+0200	done dumping Quiz.POSEmployeeGroups (1 document)
2025-11-24T16:09:41.393+0200	done dumping Quiz.POSMyPoints (1 document)
2025-11-24T16:09:41.394+0200	writing Ofline.POSIncomingUsers to 
2025-11-24T16:09:41.394+0200	writing POSdbnew.POSFoodPlans to 
2025-11-24T16:09:41.394+0200	writing POSdbnew.POSSettings to 
2025-11-24T16:09:41.396+0200	done dumping Ofline.POSIncomingUsers (1 document)
2025-11-24T16:09:41.396+0200	writing Quiz.POSPermissions to 
2025-11-24T16:09:41.396+0200	done dumping POSdbnew.POSFoodPlans (1 document)
2025-11-24T16:09:41.396+0200	done dumping POSdbnew.POSSettings (1 document)
2025-11-24T16:09:41.396+0200	writing Ofline.POSOpenDays to 
2025-11-24T16:09:41.396+0200	writing POSdbnew.POSCountries to 
2025-11-24T16:09:41.398+0200	done dumping Ofline.POSOpenDays (1 document)
2025-11-24T16:09:41.398+0200	done dumping POSdbnew.POSCountries (1 document)
2025-11-24T16:09:41.398+0200	writing POSdbnew.applicationRoles to 
2025-11-24T16:09:41.398+0200	writing Quiz.POSUpdateData to 
2025-11-24T16:09:41.399+0200	done dumping Quiz.POSPermissions (1 document)
2025-11-24T16:09:41.399+0200	done dumping POSdbnew.applicationRoles (1 document)
2025-11-24T16:09:41.399+0200	done dumping Quiz.POSUpdateData (1 document)
2025-11-24T16:09:41.399+0200	writing POSdbnew.POSReturnOrders to 
2025-11-24T16:09:41.399+0200	writing Quiz.POSMinimumCharges to 
2025-11-24T16:09:41.399+0200	writing Ofline.POSRMSConnSettings to 
2025-11-24T16:09:41.401+0200	done dumping Ofline.POSRMSConnSettings (1 document)
2025-11-24T16:09:41.401+0200	done dumping POSdbnew.POSReturnOrders (1 document)
2025-11-24T16:09:41.401+0200	done dumping Quiz.POSMinimumCharges (1 document)
2025-11-24T16:09:41.401+0200	writing Quiz.POSWorkTime to 
2025-11-24T16:09:41.402+0200	writing POSdbnew.POSDrivers to 
2025-11-24T16:09:41.402+0200	writing Quiz.POSRMSConnSettings to 
2025-11-24T16:09:41.403+0200	done dumping POSdbnew.POSDrivers (1 document)
2025-11-24T16:09:41.403+0200	done dumping Quiz.POSWorkTime (1 document)
2025-11-24T16:09:41.403+0200	done dumping Quiz.POSRMSConnSettings (1 document)
2025-11-24T16:09:41.403+0200	writing Quiz.POSSettings to 
2025-11-24T16:09:41.403+0200	writing POSdbnew.POSCities to 
2025-11-24T16:09:41.403+0200	writing POSdbnew.POSUpdateData to 
2025-11-24T16:09:41.405+0200	done dumping POSdbnew.POSCities (1 document)
2025-11-24T16:09:41.405+0200	done dumping POSdbnew.POSUpdateData (1 document)
2025-11-24T16:09:41.406+0200	writing POSdbnew.POSBackups to 
2025-11-24T16:09:41.406+0200	done dumping Quiz.POSSettings (1 document)
2025-11-24T16:09:41.406+0200	writing POSdbnew.POSProductClasses to 
2025-11-24T16:09:41.406+0200	writing Ofline.POSPointOfSales to 
2025-11-24T16:09:41.407+0200	done dumping POSdbnew.POSProductClasses (1 document)
2025-11-24T16:09:41.407+0200	done dumping POSdbnew.POSBackups (1 document)
2025-11-24T16:09:41.407+0200	done dumping Ofline.POSPointOfSales (1 document)
2025-11-24T16:09:41.407+0200	writing Quiz.POSCancellationReasons to 
2025-11-24T16:09:41.407+0200	writing POSdbnew.POSMyPoints to 
2025-11-24T16:09:41.407+0200	writing Ofline.POSMinimumCharges to 
2025-11-24T16:09:41.409+0200	done dumping POSdbnew.POSMyPoints (1 document)
2025-11-24T16:09:41.410+0200	writing Quiz.POSVendors to 
2025-11-24T16:09:41.410+0200	done dumping Quiz.POSCancellationReasons (1 document)
2025-11-24T16:09:41.410+0200	done dumping Ofline.POSMinimumCharges (1 document)
2025-11-24T16:09:41.410+0200	writing POSdbnew.POSFavoritescreens to 
2025-11-24T16:09:41.410+0200	writing Ofline.POSMyPoints to 
2025-11-24T16:09:41.412+0200	done dumping Quiz.POSVendors (1 document)
2025-11-24T16:09:41.412+0200	writing POSdbnew.POSCompanies to 
2025-11-24T16:09:41.412+0200	done dumping POSdbnew.POSFavoritescreens (1 document)
2025-11-24T16:09:41.413+0200	done dumping Ofline.POSMyPoints (1 document)
2025-11-24T16:09:41.413+0200	writing Quiz.POSPointOfSales to 
2025-11-24T16:09:41.413+0200	writing Quiz.POSRegions to 
2025-11-24T16:09:41.415+0200	done dumping Quiz.POSRegions (1 document)
2025-11-24T16:09:41.415+0200	done dumping Quiz.POSPointOfSales (1 document)
2025-11-24T16:09:41.415+0200	done dumping POSdbnew.POSCompanies (1 document)
2025-11-24T16:09:41.415+0200	writing POSdbnew.POSRMSConnSettings to 
2025-11-24T16:09:41.415+0200	writing POSdbnew.POSGovernments to 
2025-11-24T16:09:41.415+0200	writing POSdbnew.POSPrinters to 
2025-11-24T16:09:41.418+0200	done dumping POSdbnew.POSRMSConnSettings (1 document)
2025-11-24T16:09:41.419+0200	done dumping POSdbnew.POSGovernments (1 document)
2025-11-24T16:09:41.419+0200	writing Ofline.POSPricingClasses to 
2025-11-24T16:09:41.419+0200	writing POSdbhamdy.POSStocks to 
2025-11-24T16:09:41.421+0200	done dumping Ofline.POSPricingClasses (1 document)
2025-11-24T16:09:41.421+0200	done dumping POSdbhamdy.POSStocks (1 document)
2025-11-24T16:09:41.421+0200	done dumping POSdbnew.POSPrinters (1 document)
2025-11-24T16:09:41.421+0200	writing Quiz.POSPrinters to 
2025-11-24T16:09:41.421+0200	writing Quiz.POSCompanies to 
2025-11-24T16:09:41.421+0200	writing Quiz.POSUsersGroups to 
2025-11-24T16:09:41.424+0200	done dumping Quiz.POSCompanies (1 document)
2025-11-24T16:09:41.424+0200	done dumping Quiz.POSPrinters (1 document)
2025-11-24T16:09:41.424+0200	writing Quiz.POSDrivers to 
2025-11-24T16:09:41.424+0200	done dumping Quiz.POSUsersGroups (1 document)
2025-11-24T16:09:41.424+0200	writing POSdbhamdy.POSBranches to 
2025-11-24T16:09:41.424+0200	writing Ofline.POSBranches to 
2025-11-24T16:09:41.424+0200	done dumping Quiz.POSDrivers (1 document)
2025-11-24T16:09:41.426+0200	done dumping Ofline.POSBranches (1 document)
2025-11-24T16:09:41.426+0200	writing Ofline.POSSettings to 
2025-11-24T16:09:41.426+0200	writing new.POSCustomers to 
2025-11-24T16:09:41.427+0200	done dumping new.POSCustomers (1 document)
2025-11-24T16:09:41.427+0200	done dumping Ofline.POSSettings (1 document)
2025-11-24T16:09:41.428+0200	writing new.POSMyPoints to 
2025-11-24T16:09:41.428+0200	writing Ofline.POSCustomerGroups to 
2025-11-24T16:09:41.430+0200	done dumping Ofline.POSCustomerGroups (1 document)
2025-11-24T16:09:41.431+0200	done dumping new.POSMyPoints (1 document)
2025-11-24T16:09:41.431+0200	writing new.POSMinimumCharges to 
2025-11-24T16:09:41.431+0200	writing Ofline.POSBackups to 
2025-11-24T16:09:41.432+0200	done dumping Ofline.POSBackups (1 document)
2025-11-24T16:09:41.432+0200	done dumping new.POSMinimumCharges (1 document)
2025-11-24T16:09:41.432+0200	writing POSdbhamdy.POSUpdateData to 
2025-11-24T16:09:41.432+0200	writing POSdbhamdy.POSPricingClasses to 
2025-11-24T16:09:41.432+0200	done dumping POSdbhamdy.POSBranches (1 document)
2025-11-24T16:09:41.434+0200	writing POSdbhamdy.POSProductClasses to 
2025-11-24T16:09:41.437+0200	done dumping POSdbhamdy.POSUpdateData (1 document)
2025-11-24T16:09:41.437+0200	done dumping POSdbhamdy.POSPricingClasses (1 document)
2025-11-24T16:09:41.437+0200	done dumping POSdbhamdy.POSProductClasses (1 document)
2025-11-24T16:09:41.437+0200	writing POSdbhamdy.POSRMSConnSettings to 
2025-11-24T16:09:41.437+0200	writing POSdb.POSCashReceipts to 
2025-11-24T16:09:41.437+0200	writing new.applicationUsers to 
2025-11-24T16:09:41.439+0200	done dumping POSdb.POSCashReceipts (1 document)
2025-11-24T16:09:41.439+0200	done dumping POSdbhamdy.POSRMSConnSettings (1 document)
2025-11-24T16:09:41.439+0200	done dumping new.applicationUsers (1 document)
2025-11-24T16:09:41.440+0200	writing new.POSPricingClasses to 
2025-11-24T16:09:41.440+0200	writing new.POSCustomerGroups to 
2025-11-24T16:09:41.440+0200	writing new.POSBackups to 
2025-11-24T16:09:41.442+0200	done dumping new.POSCustomerGroups (1 document)
2025-11-24T16:09:41.442+0200	done dumping new.POSPricingClasses (1 document)
2025-11-24T16:09:41.442+0200	writing POSdbhamdy.POSCountries to 
2025-11-24T16:09:41.442+0200	writing POSdb.POSFollowOrderSettings to 
2025-11-24T16:09:41.444+0200	done dumping new.POSBackups (1 document)
2025-11-24T16:09:41.445+0200	writing new.POSRegions to 
2025-11-24T16:09:41.445+0200	done dumping POSdbhamdy.POSCountries (1 document)
2025-11-24T16:09:41.445+0200	done dumping POSdb.POSFollowOrderSettings (1 document)
2025-11-24T16:09:41.446+0200	writing new.POSUpdateData to 
2025-11-24T16:09:41.446+0200	writing POSdbhamdy.POSMinimumCharges to 
2025-11-24T16:09:41.447+0200	done dumping new.POSRegions (1 document)
2025-11-24T16:09:41.447+0200	done dumping POSdbhamdy.POSMinimumCharges (1 document)
2025-11-24T16:09:41.447+0200	done dumping new.POSUpdateData (1 document)
2025-11-24T16:09:41.447+0200	writing POSdbhamdy.POSBarcodeSettings to 
2025-11-24T16:09:41.447+0200	writing POSdbhamdy.POSProductTypes to 
2025-11-24T16:09:41.448+0200	writing new.POSSettings to 
2025-11-24T16:09:41.449+0200	done dumping POSdbhamdy.POSBarcodeSettings (1 document)
2025-11-24T16:09:41.450+0200	writing new.POSHalls to 
2025-11-24T16:09:41.451+0200	done dumping new.POSSettings (1 document)
2025-11-24T16:09:41.451+0200	writing new.POSRMSConnSettings to 
2025-11-24T16:09:41.453+0200	done dumping new.POSHalls (1 document)
2025-11-24T16:09:41.453+0200	done dumping POSdbhamdy.POSProductTypes (1 document)
2025-11-24T16:09:41.454+0200	writing POSdbhamdy.POSBackups to 
2025-11-24T16:09:41.455+0200	writing new.POSWorkTime to 
2025-11-24T16:09:41.455+0200	done dumping new.POSRMSConnSettings (1 document)
2025-11-24T16:09:41.456+0200	writing new.applicationRoles to 
2025-11-24T16:09:41.456+0200	done dumping POSdbhamdy.POSBackups (1 document)
2025-11-24T16:09:41.456+0200	writing POSdbhamdy.POSCities to 
2025-11-24T16:09:41.457+0200	done dumping new.POSWorkTime (1 document)
2025-11-24T16:09:41.457+0200	writing POSdbhamdy.POSSettings to 
2025-11-24T16:09:41.457+0200	done dumping new.applicationRoles (1 document)
2025-11-24T16:09:41.457+0200	writing POSdbhamdy.POSMyPoints to 
2025-11-24T16:09:41.460+0200	done dumping POSdbhamdy.POSCities (1 document)
2025-11-24T16:09:41.461+0200	writing POSdb.POSBackups to 
2025-11-24T16:09:41.461+0200	done dumping POSdbhamdy.POSSettings (1 document)
2025-11-24T16:09:41.461+0200	done dumping POSdbhamdy.POSMyPoints (1 document)
2025-11-24T16:09:41.461+0200	writing newPOSdb.POSUsersGroups to 
2025-11-24T16:09:41.461+0200	writing POSdbhamdy.applicationRoles to 
2025-11-24T16:09:41.463+0200	done dumping POSdb.POSBackups (1 document)
2025-11-24T16:09:41.463+0200	done dumping POSdbhamdy.applicationRoles (1 document)
2025-11-24T16:09:41.463+0200	writing POSdbhamdy.POSCompanies to 
2025-11-24T16:09:41.463+0200	writing newPOSdb.POSCancellationReasons to 
2025-11-24T16:09:41.464+0200	done dumping newPOSdb.POSUsersGroups (1 document)
2025-11-24T16:09:41.464+0200	writing Ofline.POSUpdateData to 
2025-11-24T16:09:41.466+0200	done dumping POSdbhamdy.POSCompanies (1 document)
2025-11-24T16:09:41.466+0200	done dumping newPOSdb.POSCancellationReasons (1 document)
2025-11-24T16:09:41.466+0200	writing newPOSdb.POSPointOfSales to 
2025-11-24T16:09:41.466+0200	writing newPOSdb.POSOpenDays to 
2025-11-24T16:09:41.466+0200	done dumping Ofline.POSUpdateData (1 document)
2025-11-24T16:09:41.466+0200	writing newPOSdb.POSBackups to 
2025-11-24T16:09:41.468+0200	done dumping newPOSdb.POSPointOfSales (1 document)
2025-11-24T16:09:41.468+0200	done dumping newPOSdb.POSBackups (1 document)
2025-11-24T16:09:41.468+0200	done dumping newPOSdb.POSOpenDays (1 document)
2025-11-24T16:09:41.468+0200	writing newPOSdb.applicationRoles to 
2025-11-24T16:09:41.469+0200	writing Ofline.applicationUsers to 
2025-11-24T16:09:41.469+0200	writing newPOSdb.POSMyPoints to 
2025-11-24T16:09:41.471+0200	done dumping newPOSdb.POSMyPoints (1 document)
2025-11-24T16:09:41.471+0200	done dumping newPOSdb.applicationRoles (1 document)
2025-11-24T16:09:41.471+0200	done dumping Ofline.applicationUsers (1 document)
2025-11-24T16:09:41.471+0200	writing newPOSdb.POSCountries to 
2025-11-24T16:09:41.471+0200	writing POSdbhamdy.POSGovernments to 
2025-11-24T16:09:41.471+0200	writing newPOSdb.POSWorkTime to 
2025-11-24T16:09:41.472+0200	done dumping POSdbhamdy.POSGovernments (1 document)
2025-11-24T16:09:41.472+0200	done dumping newPOSdb.POSCountries (1 document)
2025-11-24T16:09:41.472+0200	done dumping newPOSdb.POSWorkTime (1 document)
2025-11-24T16:09:41.473+0200	writing newPOSdb.POSSettings to 
2025-11-24T16:09:41.473+0200	writing POSdb.POSHalls to 
2025-11-24T16:09:41.473+0200	writing POSdb.POSGovernments to 
2025-11-24T16:09:41.474+0200	done dumping POSdb.POSGovernments (1 document)
2025-11-24T16:09:41.474+0200	done dumping POSdb.POSHalls (1 document)
2025-11-24T16:09:41.474+0200	writing newPOSdb.POSPermissions to 
2025-11-24T16:09:41.474+0200	writing POSdb.POSReturnOrderInsurances to 
2025-11-24T16:09:41.475+0200	done dumping newPOSdb.POSSettings (1 document)
2025-11-24T16:09:41.475+0200	writing Ofline.applicationRoles to 
2025-11-24T16:09:41.477+0200	done dumping POSdb.POSReturnOrderInsurances (1 document)
2025-11-24T16:09:41.477+0200	done dumping Ofline.applicationRoles (1 document)
2025-11-24T16:09:41.477+0200	writing POSdb.POSCountries to 
2025-11-24T16:09:41.477+0200	writing newPOSdb.POSGovernments to 
2025-11-24T16:09:41.479+0200	done dumping newPOSdb.POSPermissions (1 document)
2025-11-24T16:09:41.479+0200	writing newPOSdb.POSCompanies to 
2025-11-24T16:09:41.479+0200	done dumping newPOSdb.POSGovernments (1 document)
2025-11-24T16:09:41.479+0200	done dumping POSdb.POSCountries (1 document)
2025-11-24T16:09:41.480+0200	writing POSdb.POSWorkTime to 
2025-11-24T16:09:41.480+0200	writing newPOSdb.POSItemGroups to 
2025-11-24T16:09:41.481+0200	done dumping newPOSdb.POSCompanies (1 document)
2025-11-24T16:09:41.481+0200	done dumping POSdb.POSWorkTime (1 document)
2025-11-24T16:09:41.481+0200	writing POSdb.POSUpdateData to 
2025-11-24T16:09:41.482+0200	writing Ofline.POSWorkTime to 
2025-11-24T16:09:41.483+0200	done dumping POSdb.POSUpdateData (1 document)
2025-11-24T16:09:41.483+0200	done dumping Ofline.POSWorkTime (1 document)
2025-11-24T16:09:41.483+0200	writing POSdb.POSRMSConnSettings to 
2025-11-24T16:09:41.483+0200	writing POSdb.POSMinimumCharges to 
2025-11-24T16:09:41.484+0200	done dumping POSdb.POSRMSConnSettings (1 document)
2025-11-24T16:09:41.484+0200	done dumping POSdb.POSMinimumCharges (1 document)
2025-11-24T16:09:41.485+0200	writing POSdb.POSCompanies to 
2025-11-24T16:09:41.485+0200	writing POSdb.POSCities to 
2025-11-24T16:09:41.487+0200	done dumping POSdb.POSCompanies (1 document)
2025-11-24T16:09:41.487+0200	done dumping POSdb.POSCities (1 document)
2025-11-24T16:09:41.487+0200	writing newPOSdb.POSTaxes to 
2025-11-24T16:09:41.487+0200	writing POSdb.POSMyPoints to 
2025-11-24T16:09:41.488+0200	done dumping POSdb.POSMyPoints (1 document)
2025-11-24T16:09:41.488+0200	done dumping newPOSdb.POSTaxes (1 document)
2025-11-24T16:09:41.489+0200	writing newPOSdb.POSMinimumCharges to 
2025-11-24T16:09:41.489+0200	writing POSdb.POSPrinters to 
2025-11-24T16:09:41.490+0200	done dumping newPOSdb.POSMinimumCharges (1 document)
2025-11-24T16:09:41.491+0200	writing newPOSdb.POSVolumes to 
2025-11-24T16:09:41.491+0200	done dumping newPOSdb.POSItemGroups (1 document)
2025-11-24T16:09:41.491+0200	writing POSdb.POSCancellationReasons to 
2025-11-24T16:09:41.491+0200	done dumping POSdb.POSPrinters (1 document)
2025-11-24T16:09:41.492+0200	writing POSdb.POSSettings to 
2025-11-24T16:09:41.492+0200	done dumping newPOSdb.POSVolumes (1 document)
2025-11-24T16:09:41.493+0200	writing newPOSdb.POSRMSConnSettings to 
2025-11-24T16:09:41.493+0200	done dumping POSdb.POSCancellationReasons (1 document)
2025-11-24T16:09:41.494+0200	writing POSdb.applicationRoles to 
2025-11-24T16:09:41.494+0200	done dumping newPOSdb.POSRMSConnSettings (1 document)
2025-11-24T16:09:41.494+0200	done dumping POSdb.POSSettings (1 document)
2025-11-24T16:09:41.494+0200	writing newPOSdb.POSUpdateData to 
2025-11-24T16:09:41.496+0200	writing Quiz.POSOrderETaxs to 
2025-11-24T16:09:41.496+0200	done dumping POSdb.applicationRoles (1 document)
2025-11-24T16:09:41.496+0200	writing POSdbnew.POSOrderETaxs to 
2025-11-24T16:09:41.496+0200	done dumping newPOSdb.POSUpdateData (1 document)
2025-11-24T16:09:41.496+0200	done dumping Quiz.POSOrderETaxs (0 documents)
2025-11-24T16:09:41.497+0200	done dumping POSdbnew.POSOrderETaxs (0 documents)
2025-11-24T16:09:42.704+0200	[#####################...]  POSdbhamdy.POSOrders  10371/11550  (89.8%)
2025-11-24T16:09:42.896+0200	[########################]  POSdbhamdy.POSOrders  11550/11550  (100.0%)
2025-11-24T16:09:42.896+0200	done dumping POSdbhamdy.POSOrders (11550 documents)
info: Microsoft.Hosting.Lifetime[0]
      Application is shutting down...
