info: Microsoft.Hosting.Lifetime[0]
      Application started. Press Ctrl+C to shut down.
info: Microsoft.Hosting.Lifetime[0]
      Hosting environment: Production
info: Microsoft.Hosting.Lifetime[0]
      Content root path: D:\POS-19-10-2025\POS-BackPublish
2025-11-10T15:40:43.298+0200	writing admin.system.version to 
2025-11-10T15:40:43.300+0200	done dumping admin.system.version (1 document)
2025-11-10T15:40:43.300+0200	writing POSdbhamdy.POSOrders to 
2025-11-10T15:40:43.603+0200	writing POSdbhamdy.POSCustomers to 
2025-11-10T15:40:43.604+0200	writing POSdbhamdy.POSUsersLogins to 
2025-11-10T15:40:43.604+0200	writing newPOSdb.POSProductPricingClasses to 
2025-11-10T15:40:43.635+0200	done dumping POSdbhamdy.POSUsersLogins (1939 documents)
2025-11-10T15:40:43.635+0200	writing POSdbnew.POSProductPricingClasses to 
2025-11-10T15:40:43.640+0200	done dumping newPOSdb.POSProductPricingClasses (2724 documents)
2025-11-10T15:40:43.640+0200	writing POSdbnew.POSProductTaxes to 
2025-11-10T15:40:43.647+0200	done dumping POSdbnew.POSProductTaxes (415 documents)
2025-11-10T15:40:43.648+0200	writing POSdbhamdy.POSIncomingUsers to 
2025-11-10T15:40:43.655+0200	done dumping POSdbnew.POSProductPricingClasses (1209 documents)
2025-11-10T15:40:43.655+0200	writing POSdbhamdy.POSNotes to 
2025-11-10T15:40:43.663+0200	done dumping POSdbhamdy.POSNotes (292 documents)
2025-11-10T15:40:43.664+0200	writing newPOSdb.POSProductTaxes to 
2025-11-10T15:40:43.667+0200	done dumping POSdbhamdy.POSIncomingUsers (401 documents)
2025-11-10T15:40:43.667+0200	writing newPOSdb.POSCostCenters to 
2025-11-10T15:40:43.669+0200	done dumping newPOSdb.POSProductTaxes (286 documents)
2025-11-10T15:40:43.669+0200	writing POSdbhamdy.POSCustomerOrders to 
2025-11-10T15:40:43.672+0200	done dumping newPOSdb.POSCostCenters (202 documents)
2025-11-10T15:40:43.672+0200	writing POSdbhamdy.POSCashReceipts to 
2025-11-10T15:40:43.678+0200	done dumping POSdbhamdy.POSCashReceipts (150 documents)
2025-11-10T15:40:43.679+0200	writing POSdbhamdy.POSRegions to 
2025-11-10T15:40:43.685+0200	done dumping POSdbhamdy.POSRegions (137 documents)
2025-11-10T15:40:43.686+0200	writing Quiz.POSScreens to 
2025-11-10T15:40:43.689+0200	done dumping Quiz.POSScreens (134 documents)
2025-11-10T15:40:43.690+0200	writing POSdbhamdy.POSRegionsDeliveryPrices to 
2025-11-10T15:40:43.690+0200	done dumping POSdbhamdy.POSCustomerOrders (186 documents)
2025-11-10T15:40:43.691+0200	writing POSdbnew.POSMobileOrders to 
2025-11-10T15:40:43.693+0200	done dumping POSdbhamdy.POSRegionsDeliveryPrices (130 documents)
2025-11-10T15:40:43.694+0200	writing POSdbnew.POSOrders to 
2025-11-10T15:40:43.711+0200	done dumping POSdbhamdy.POSCustomers (2207 documents)
2025-11-10T15:40:43.712+0200	writing POSdb.POSProductPricingClasses to 
2025-11-10T15:40:43.716+0200	done dumping POSdb.POSProductPricingClasses (108 documents)
2025-11-10T15:40:43.717+0200	writing POSdbhamdy.POSProductPricingClasses to 
2025-11-10T15:40:43.723+0200	done dumping POSdbhamdy.POSProductPricingClasses (102 documents)
2025-11-10T15:40:43.723+0200	writing Quiz.POSOrders to 
2025-11-10T15:40:43.754+0200	done dumping Quiz.POSOrders (99 documents)
2025-11-10T15:40:43.755+0200	writing POSdbhamdy.POSOpenDays to 
2025-11-10T15:40:43.759+0200	done dumping POSdbhamdy.POSOpenDays (98 documents)
2025-11-10T15:40:43.759+0200	writing POSdbnew.POSVendors to 
2025-11-10T15:40:43.764+0200	done dumping POSdbnew.POSOrders (120 documents)
2025-11-10T15:40:43.765+0200	writing Quiz.POSUsersLogins to 
2025-11-10T15:40:43.765+0200	done dumping POSdbnew.POSVendors (97 documents)
2025-11-10T15:40:43.766+0200	writing POSdb.POSScreens to 
2025-11-10T15:40:43.768+0200	done dumping Quiz.POSUsersLogins (75 documents)
2025-11-10T15:40:43.769+0200	writing POSdb.POSOrders to 
2025-11-10T15:40:43.769+0200	done dumping POSdb.POSScreens (69 documents)
2025-11-10T15:40:43.769+0200	writing POSdbhamdy.POSScreens to 
2025-11-10T15:40:43.771+0200	done dumping POSdbnew.POSMobileOrders (125 documents)
2025-11-10T15:40:43.771+0200	writing Ofline.POSScreens to 
2025-11-10T15:40:43.773+0200	done dumping POSdbhamdy.POSScreens (68 documents)
2025-11-10T15:40:43.773+0200	writing new.POSScreens to 
2025-11-10T15:40:43.775+0200	done dumping Ofline.POSScreens (68 documents)
2025-11-10T15:40:43.776+0200	writing newPOSdb.POSScreens to 
2025-11-10T15:40:43.777+0200	done dumping new.POSScreens (68 documents)
2025-11-10T15:40:43.778+0200	writing POSdbnew.POSScreens to 
2025-11-10T15:40:43.779+0200	done dumping newPOSdb.POSScreens (68 documents)
2025-11-10T15:40:43.779+0200	writing POSdbnew.POSEmployees to 
2025-11-10T15:40:43.781+0200	done dumping POSdbnew.POSScreens (67 documents)
2025-11-10T15:40:43.781+0200	writing POSdb.POSMobileOrders to 
2025-11-10T15:40:43.784+0200	done dumping POSdbnew.POSEmployees (63 documents)
2025-11-10T15:40:43.785+0200	writing POSdbnew.POSUsersLogins to 
2025-11-10T15:40:43.789+0200	done dumping POSdbnew.POSUsersLogins (59 documents)
2025-11-10T15:40:43.790+0200	writing POSdb.POSProductTaxes to 
2025-11-10T15:40:43.792+0200	done dumping POSdb.POSProductTaxes (53 documents)
2025-11-10T15:40:43.793+0200	writing POSdbhamdy.POSReturnOrders to 
2025-11-10T15:40:43.799+0200	done dumping POSdbhamdy.POSReturnOrders (36 documents)
2025-11-10T15:40:43.800+0200	writing POSdbhamdy.POSEmployees to 
2025-11-10T15:40:43.802+0200	done dumping POSdb.POSOrders (68 documents)
2025-11-10T15:40:43.802+0200	writing newPOSdb.POSOrders to 
2025-11-10T15:40:43.804+0200	done dumping POSdbhamdy.POSEmployees (32 documents)
2025-11-10T15:40:43.805+0200	writing POSdb.POSUsersLogins to 
2025-11-10T15:40:43.809+0200	done dumping POSdb.POSUsersLogins (28 documents)
2025-11-10T15:40:43.810+0200	writing POSdbnew.POSIncomingUsers to 
2025-11-10T15:40:43.813+0200	done dumping POSdbnew.POSIncomingUsers (22 documents)
2025-11-10T15:40:43.814+0200	writing Quiz.POSOpenDays to 
2025-11-10T15:40:43.816+0200	done dumping Quiz.POSOpenDays (21 documents)
2025-11-10T15:40:43.817+0200	writing Quiz.POSCustomerGroups to 
2025-11-10T15:40:43.819+0200	done dumping Quiz.POSCustomerGroups (20 documents)
2025-11-10T15:40:43.819+0200	writing Quiz.POSIncomingUsers to 
2025-11-10T15:40:43.821+0200	done dumping Quiz.POSIncomingUsers (19 documents)
2025-11-10T15:40:43.821+0200	done dumping POSdb.POSMobileOrders (61 documents)
2025-11-10T15:40:43.821+0200	writing POSdbnew.POSUnits to 
2025-11-10T15:40:43.822+0200	writing POSdb.POSCategories to 
2025-11-10T15:40:43.823+0200	done dumping POSdbnew.POSUnits (18 documents)
2025-11-10T15:40:43.823+0200	done dumping POSdb.POSCategories (18 documents)
2025-11-10T15:40:43.823+0200	writing POSdbnew.POSCategories to 
2025-11-10T15:40:43.823+0200	writing POSdbnew.POSOpenDays to 
2025-11-10T15:40:43.825+0200	done dumping POSdbnew.POSCategories (17 documents)
2025-11-10T15:40:43.826+0200	done dumping POSdbnew.POSOpenDays (17 documents)
2025-11-10T15:40:43.826+0200	writing Quiz.POSReturnOrders to 
2025-11-10T15:40:43.826+0200	writing POSdbnew.POSItemGroups to 
2025-11-10T15:40:43.830+0200	done dumping Quiz.POSReturnOrders (17 documents)
2025-11-10T15:40:43.830+0200	writing POSdbnew.POSCustomers to 
2025-11-10T15:40:43.832+0200	done dumping newPOSdb.POSOrders (29 documents)
2025-11-10T15:40:43.833+0200	writing newPOSdb.POSCustomers to 
2025-11-10T15:40:43.833+0200	done dumping POSdbnew.POSCustomers (15 documents)
2025-11-10T15:40:43.834+0200	writing POSdbnew.POSEmployeeGroups to 
2025-11-10T15:40:43.835+0200	done dumping newPOSdb.POSCustomers (14 documents)
2025-11-10T15:40:43.835+0200	writing newPOSdb.POSUsersLogins to 
2025-11-10T15:40:43.836+0200	done dumping POSdbnew.POSEmployeeGroups (13 documents)
2025-11-10T15:40:43.837+0200	writing Ofline.POSProductPricingClasses to 
2025-11-10T15:40:43.837+0200	done dumping newPOSdb.POSUsersLogins (13 documents)
2025-11-10T15:40:43.838+0200	writing POSdb.POSUnits to 
2025-11-10T15:40:43.838+0200	done dumping Ofline.POSProductPricingClasses (13 documents)
2025-11-10T15:40:43.839+0200	writing POSdbhamdy.POSVendors to 
2025-11-10T15:40:43.839+0200	done dumping POSdb.POSUnits (12 documents)
2025-11-10T15:40:43.840+0200	writing newPOSdb.POSVendors to 
2025-11-10T15:40:43.840+0200	done dumping POSdbhamdy.POSVendors (11 documents)
2025-11-10T15:40:43.840+0200	writing POSdb.POSOrderTypeTaxes to 
2025-11-10T15:40:43.841+0200	done dumping newPOSdb.POSVendors (11 documents)
2025-11-10T15:40:43.842+0200	writing POSdbnew.POSOrderTypes to 
2025-11-10T15:40:43.842+0200	done dumping POSdb.POSOrderTypeTaxes (10 documents)
2025-11-10T15:40:43.843+0200	writing POSdbnew.POSVolumes to 
2025-11-10T15:40:43.844+0200	done dumping POSdbnew.POSItemGroups (16 documents)
2025-11-10T15:40:43.844+0200	writing POSdbnew.POSRegions to 
2025-11-10T15:40:43.844+0200	done dumping POSdbnew.POSOrderTypes (10 documents)
2025-11-10T15:40:43.844+0200	done dumping POSdbnew.POSVolumes (10 documents)
2025-11-10T15:40:43.844+0200	writing POSdb.POSCustomers to 
2025-11-10T15:40:43.844+0200	writing new.POSOrders to 
2025-11-10T15:40:43.846+0200	done dumping POSdbnew.POSRegions (9 documents)
2025-11-10T15:40:43.846+0200	done dumping POSdb.POSCustomers (8 documents)
2025-11-10T15:40:43.847+0200	writing POSdbnew.applicationUsers to 
2025-11-10T15:40:43.847+0200	writing Quiz.POSCategories to 
2025-11-10T15:40:43.848+0200	done dumping Quiz.POSCategories (8 documents)
2025-11-10T15:40:43.849+0200	writing POSdb.POSIncomingUsers to 
2025-11-10T15:40:43.849+0200	done dumping POSdbnew.applicationUsers (8 documents)
2025-11-10T15:40:43.849+0200	done dumping new.POSOrders (9 documents)
2025-11-10T15:40:43.849+0200	writing POSdbhamdy.POSEmployeeGroups to 
2025-11-10T15:40:43.850+0200	writing POSdbhamdy.applicationUsers to 
2025-11-10T15:40:43.852+0200	done dumping POSdbhamdy.POSEmployeeGroups (8 documents)
2025-11-10T15:40:43.852+0200	done dumping POSdbhamdy.applicationUsers (8 documents)
2025-11-10T15:40:43.853+0200	done dumping POSdb.POSIncomingUsers (8 documents)
2025-11-10T15:40:43.853+0200	writing newPOSdb.POSPricingClasses to 
2025-11-10T15:40:43.853+0200	writing POSdbnew.POSOrderPayTypes to 
2025-11-10T15:40:43.853+0200	writing POSdbhamdy.POSUnits to 
2025-11-10T15:40:43.855+0200	done dumping newPOSdb.POSPricingClasses (8 documents)
2025-11-10T15:40:43.855+0200	done dumping POSdbnew.POSOrderPayTypes (7 documents)
2025-11-10T15:40:43.855+0200	done dumping POSdbhamdy.POSUnits (8 documents)
2025-11-10T15:40:43.855+0200	writing newPOSdb.POSStocks to 
2025-11-10T15:40:43.855+0200	writing POSdbnew.POSOrderTypeTaxes to 
2025-11-10T15:40:43.855+0200	writing newPOSdb.POSBranches to 
2025-11-10T15:40:43.857+0200	done dumping newPOSdb.POSStocks (7 documents)
2025-11-10T15:40:43.857+0200	done dumping POSdbnew.POSOrderTypeTaxes (7 documents)
2025-11-10T15:40:43.857+0200	writing newPOSdb.POSUnits to 
2025-11-10T15:40:43.858+0200	done dumping newPOSdb.POSBranches (7 documents)
2025-11-10T15:40:43.858+0200	writing POSdb.POSEmployees to 
2025-11-10T15:40:43.858+0200	writing POSdb.POSOrderPayTypes to 
2025-11-10T15:40:43.860+0200	done dumping newPOSdb.POSUnits (7 documents)
2025-11-10T15:40:43.860+0200	writing POSdbnew.POSProductTypes to 
2025-11-10T15:40:43.860+0200	done dumping POSdb.POSOrderPayTypes (7 documents)
2025-11-10T15:40:43.860+0200	writing POSdbnew.POSStocks to 
2025-11-10T15:40:43.861+0200	done dumping POSdb.POSEmployees (7 documents)
2025-11-10T15:40:43.861+0200	writing new.POSLanguages to 
2025-11-10T15:40:43.863+0200	done dumping POSdbnew.POSStocks (7 documents)
2025-11-10T15:40:43.863+0200	done dumping new.POSLanguages (6 documents)
2025-11-10T15:40:43.863+0200	writing POSdbnew.POSLanguages to 
2025-11-10T15:40:43.864+0200	writing new.POSProductTaxes to 
2025-11-10T15:40:43.866+0200	done dumping POSdbnew.POSLanguages (6 documents)
2025-11-10T15:40:43.866+0200	done dumping new.POSProductTaxes (6 documents)
2025-11-10T15:40:43.866+0200	writing new.POSProductPricingClasses to 
2025-11-10T15:40:43.866+0200	writing newPOSdb.POSRegions to 
2025-11-10T15:40:43.869+0200	done dumping new.POSProductPricingClasses (6 documents)
2025-11-10T15:40:43.869+0200	writing Ofline.POSLanguages to 
2025-11-10T15:40:43.869+0200	done dumping newPOSdb.POSRegions (6 documents)
2025-11-10T15:40:43.870+0200	writing Quiz.POSUnits to 
2025-11-10T15:40:43.872+0200	done dumping Ofline.POSLanguages (6 documents)
2025-11-10T15:40:43.872+0200	done dumping Quiz.POSUnits (6 documents)
2025-11-10T15:40:43.872+0200	writing Quiz.POSProductPricingClasses to 
2025-11-10T15:40:43.872+0200	writing newPOSdb.POSLanguages to 
2025-11-10T15:40:43.874+0200	done dumping Quiz.POSProductPricingClasses (6 documents)
2025-11-10T15:40:43.874+0200	done dumping newPOSdb.POSLanguages (6 documents)
2025-11-10T15:40:43.875+0200	writing POSdb.POSOpenDays to 
2025-11-10T15:40:43.875+0200	writing newPOSdb.POSEmployees to 
2025-11-10T15:40:43.877+0200	done dumping POSdb.POSOpenDays (6 documents)
2025-11-10T15:40:43.878+0200	done dumping newPOSdb.POSEmployees (6 documents)
2025-11-10T15:40:43.878+0200	writing POSdbhamdy.POSLanguages to 
2025-11-10T15:40:43.878+0200	writing POSdb.POSStocks to 
2025-11-10T15:40:43.880+0200	done dumping POSdb.POSStocks (6 documents)
2025-11-10T15:40:43.880+0200	done dumping POSdbhamdy.POSLanguages (6 documents)
2025-11-10T15:40:43.880+0200	writing POSdbnew.POSCustomerOrders to 
2025-11-10T15:40:43.880+0200	writing POSdb.applicationUsers to 
2025-11-10T15:40:43.883+0200	done dumping POSdb.applicationUsers (6 documents)
2025-11-10T15:40:43.884+0200	writing Quiz.POSOrderInsurances to 
2025-11-10T15:40:43.885+0200	done dumping POSdbnew.POSCustomerOrders (6 documents)
2025-11-10T15:40:43.886+0200	writing POSdb.POSLanguages to 
2025-11-10T15:40:43.887+0200	done dumping Quiz.POSOrderInsurances (6 documents)
2025-11-10T15:40:43.887+0200	writing Quiz.POSLanguages to 
2025-11-10T15:40:43.888+0200	done dumping POSdb.POSLanguages (6 documents)
2025-11-10T15:40:43.888+0200	writing newPOSdb.POSCities to 
2025-11-10T15:40:43.889+0200	done dumping Quiz.POSLanguages (6 documents)
2025-11-10T15:40:43.890+0200	writing POSdb.POSOrderTypes to 
2025-11-10T15:40:43.890+0200	done dumping newPOSdb.POSCities (6 documents)
2025-11-10T15:40:43.890+0200	writing POSdbnew.POSRegionsDeliveryPrices to 
2025-11-10T15:40:43.892+0200	done dumping POSdbnew.POSRegionsDeliveryPrices (5 documents)
2025-11-10T15:40:43.892+0200	writing Ofline.POSUsersLogins to 
2025-11-10T15:40:43.894+0200	done dumping POSdb.POSOrderTypes (5 documents)
2025-11-10T15:40:43.894+0200	writing newPOSdb.POSIncomingUsers to 
2025-11-10T15:40:43.894+0200	done dumping Ofline.POSUsersLogins (5 documents)
2025-11-10T15:40:43.895+0200	writing POSdbhamdy.POSProductProperties to 
2025-11-10T15:40:43.896+0200	done dumping newPOSdb.POSIncomingUsers (5 documents)
2025-11-10T15:40:43.897+0200	writing Quiz.POSStocks to 
2025-11-10T15:40:43.897+0200	done dumping POSdbhamdy.POSProductProperties (5 documents)
2025-11-10T15:40:43.897+0200	writing POSdbhamdy.POSItemGroups to 
2025-11-10T15:40:43.898+0200	done dumping Quiz.POSStocks (5 documents)
2025-11-10T15:40:43.899+0200	writing newPOSdb.POSOrderTypes to 
2025-11-10T15:40:43.899+0200	done dumping POSdbhamdy.POSItemGroups (5 documents)
2025-11-10T15:40:43.900+0200	writing Quiz.POSVolumes to 
2025-11-10T15:40:43.900+0200	done dumping newPOSdb.POSOrderTypes (5 documents)
2025-11-10T15:40:43.901+0200	done dumping Quiz.POSVolumes (5 documents)
2025-11-10T15:40:43.901+0200	writing POSdbhamdy.POSMobileOrders to 
2025-11-10T15:40:43.901+0200	writing newPOSdb.POSProductTypes to 
2025-11-10T15:40:43.904+0200	done dumping POSdbhamdy.POSMobileOrders (5 documents)
2025-11-10T15:40:43.905+0200	writing POSdbhamdy.POSPrinters to 
2025-11-10T15:40:43.910+0200	done dumping POSdbhamdy.POSPrinters (5 documents)
2025-11-10T15:40:43.910+0200	writing newPOSdb.POSOrderPayTypes to 
2025-11-10T15:40:43.911+0200	done dumping POSdbnew.POSProductTypes (7 documents)
2025-11-10T15:40:43.911+0200	done dumping newPOSdb.POSOrderPayTypes (5 documents)
2025-11-10T15:40:43.912+0200	writing POSdbnew.POSTaxes to 
2025-11-10T15:40:43.912+0200	writing POSdb.POSVendors to 
2025-11-10T15:40:43.914+0200	done dumping POSdb.POSVendors (4 documents)
2025-11-10T15:40:43.914+0200	done dumping POSdbnew.POSTaxes (4 documents)
2025-11-10T15:40:43.914+0200	writing newPOSdb.applicationUsers to 
2025-11-10T15:40:43.915+0200	writing POSdbnew.POSCashReceipts to 
2025-11-10T15:40:43.917+0200	done dumping newPOSdb.applicationUsers (4 documents)
2025-11-10T15:40:43.918+0200	done dumping POSdbnew.POSCashReceipts (4 documents)
2025-11-10T15:40:43.918+0200	writing POSdbhamdy.POSOrderPayTypes to 
2025-11-10T15:40:43.918+0200	writing POSdb.POSProductTypes to 
2025-11-10T15:40:43.920+0200	done dumping POSdbhamdy.POSOrderPayTypes (4 documents)
2025-11-10T15:40:43.920+0200	writing Quiz.POSBranches to 
2025-11-10T15:40:43.923+0200	done dumping Quiz.POSBranches (4 documents)
2025-11-10T15:40:43.923+0200	done dumping POSdb.POSProductTypes (4 documents)
2025-11-10T15:40:43.923+0200	writing POSdb.POSRegions to 
2025-11-10T15:40:43.924+0200	writing POSdbhamdy.POSCancellationReasons to 
2025-11-10T15:40:43.925+0200	done dumping POSdbhamdy.POSCancellationReasons (4 documents)
2025-11-10T15:40:43.925+0200	done dumping POSdb.POSRegions (4 documents)
2025-11-10T15:40:43.926+0200	writing Quiz.POSReturnOrderInsurances to 
2025-11-10T15:40:43.926+0200	writing POSdbnew.POSPricingClasses to 
2025-11-10T15:40:43.928+0200	done dumping POSdbnew.POSPricingClasses (4 documents)
2025-11-10T15:40:43.928+0200	writing Quiz.POSTaxes to 
2025-11-10T15:40:43.928+0200	done dumping Quiz.POSReturnOrderInsurances (4 documents)
2025-11-10T15:40:43.929+0200	writing POSdb.POSReturnOrders to 
2025-11-10T15:40:43.930+0200	done dumping Quiz.POSTaxes (4 documents)
2025-11-10T15:40:43.932+0200	writing POSdb.POSTaxes to 
2025-11-10T15:40:43.933+0200	done dumping POSdb.POSReturnOrders (4 documents)
2025-11-10T15:40:43.933+0200	writing Quiz.POSOrderTypes to 
2025-11-10T15:40:43.934+0200	done dumping POSdb.POSTaxes (4 documents)
2025-11-10T15:40:43.935+0200	writing POSdb.POSItemGroups to 
2025-11-10T15:40:43.936+0200	done dumping Quiz.POSOrderTypes (4 documents)
2025-11-10T15:40:43.936+0200	writing POSdb.POSEmployeeGroups to 
2025-11-10T15:40:43.938+0200	done dumping POSdb.POSEmployeeGroups (3 documents)
2025-11-10T15:40:43.938+0200	writing newPOSdb.POSReturnOrders to 
2025-11-10T15:40:43.941+0200	done dumping newPOSdb.POSReturnOrders (3 documents)
2025-11-10T15:40:43.941+0200	writing Quiz.POSProductTypes to 
2025-11-10T15:40:43.941+0200	done dumping POSdb.POSItemGroups (3 documents)
2025-11-10T15:40:43.942+0200	writing Quiz.POSOrderTypeTaxes to 
2025-11-10T15:40:43.943+0200	done dumping Quiz.POSOrderTypeTaxes (3 documents)
2025-11-10T15:40:43.943+0200	done dumping Quiz.POSProductTypes (3 documents)
2025-11-10T15:40:43.943+0200	writing POSdbnew.POSCancellationReasons to 
2025-11-10T15:40:43.943+0200	writing new.POSOrderTypes to 
2025-11-10T15:40:43.945+0200	done dumping POSdbnew.POSCancellationReasons (3 documents)
2025-11-10T15:40:43.945+0200	done dumping new.POSOrderTypes (3 documents)
2025-11-10T15:40:43.945+0200	writing Ofline.POSOrderPayTypes to 
2025-11-10T15:40:43.945+0200	done dumping newPOSdb.POSProductTypes (5 documents)
2025-11-10T15:40:43.945+0200	writing POSdb.POSVolumes to 
2025-11-10T15:40:43.946+0200	writing Ofline.POSOrderTypes to 
2025-11-10T15:40:43.947+0200	done dumping POSdb.POSVolumes (3 documents)
2025-11-10T15:40:43.947+0200	done dumping Ofline.POSOrderPayTypes (3 documents)
2025-11-10T15:40:43.947+0200	writing Quiz.POSProductClasses to 
2025-11-10T15:40:43.947+0200	done dumping Ofline.POSOrderTypes (3 documents)
2025-11-10T15:40:43.947+0200	writing Quiz.POSCities to 
2025-11-10T15:40:43.947+0200	writing Quiz.POSOrderPayTypes to 
2025-11-10T15:40:43.949+0200	done dumping Quiz.POSProductClasses (3 documents)
2025-11-10T15:40:43.949+0200	done dumping Quiz.POSCities (3 documents)
2025-11-10T15:40:43.949+0200	done dumping Quiz.POSOrderPayTypes (3 documents)
2025-11-10T15:40:43.949+0200	writing new.POSPrinters to 
2025-11-10T15:40:43.949+0200	writing Quiz.POSProductTaxes to 
2025-11-10T15:40:43.949+0200	writing Quiz.POSCashReceipts to 
2025-11-10T15:40:43.951+0200	done dumping Quiz.POSProductTaxes (3 documents)
2025-11-10T15:40:43.951+0200	writing POSdb.POSPricingClasses to 
2025-11-10T15:40:43.951+0200	done dumping new.POSPrinters (3 documents)
2025-11-10T15:40:43.951+0200	done dumping Quiz.POSCashReceipts (3 documents)
2025-11-10T15:40:43.952+0200	writing Quiz.POSEmployees to 
2025-11-10T15:40:43.952+0200	writing Quiz.POSItemGroups to 
2025-11-10T15:40:43.953+0200	done dumping POSdb.POSPricingClasses (3 documents)
2025-11-10T15:40:43.953+0200	writing new.POSOrderPayTypes to 
2025-11-10T15:40:43.953+0200	done dumping Quiz.POSEmployees (3 documents)
2025-11-10T15:40:43.954+0200	writing POSdbnew.POSBranches to 
2025-11-10T15:40:43.954+0200	done dumping Quiz.POSItemGroups (3 documents)
2025-11-10T15:40:43.954+0200	writing POSdbhamdy.POSPointOfSales to 
2025-11-10T15:40:43.955+0200	done dumping new.POSOrderPayTypes (3 documents)
2025-11-10T15:40:43.955+0200	writing POSdb.POSDrivers to 
2025-11-10T15:40:43.956+0200	done dumping POSdbnew.POSBranches (3 documents)
2025-11-10T15:40:43.956+0200	writing Quiz.POSHalls to 
2025-11-10T15:40:43.957+0200	done dumping POSdb.POSDrivers (3 documents)
2025-11-10T15:40:43.957+0200	done dumping POSdbhamdy.POSPointOfSales (3 documents)
2025-11-10T15:40:43.957+0200	writing POSdb.POSCustomerGroups to 
2025-11-10T15:40:43.958+0200	writing POSdbnew.POSUsersGroups to 
2025-11-10T15:40:43.960+0200	done dumping POSdb.POSCustomerGroups (2 documents)
2025-11-10T15:40:43.960+0200	done dumping Quiz.POSHalls (3 documents)
2025-11-10T15:40:43.960+0200	writing new.POSOpenDays to 
2025-11-10T15:40:43.961+0200	writing POSdb.POSBranches to 
2025-11-10T15:40:43.963+0200	done dumping POSdbnew.POSUsersGroups (2 documents)
2025-11-10T15:40:43.963+0200	writing POSdbnew.POSPointOfSales to 
2025-11-10T15:40:43.963+0200	done dumping POSdb.POSBranches (2 documents)
2025-11-10T15:40:43.963+0200	done dumping new.POSOpenDays (2 documents)
2025-11-10T15:40:43.964+0200	writing POSdbnew.POSHalls to 
2025-11-10T15:40:43.965+0200	writing Quiz.POSGovernments to 
2025-11-10T15:40:43.966+0200	done dumping POSdbnew.POSPointOfSales (2 documents)
2025-11-10T15:40:43.967+0200	writing new.POSUsersLogins to 
2025-11-10T15:40:43.967+0200	done dumping POSdbnew.POSHalls (2 documents)
2025-11-10T15:40:43.968+0200	done dumping Quiz.POSGovernments (2 documents)
2025-11-10T15:40:43.968+0200	writing newPOSdb.POSCustomerGroups to 
2025-11-10T15:40:43.969+0200	writing POSdb.POSPointOfSales to 
2025-11-10T15:40:43.970+0200	done dumping new.POSUsersLogins (2 documents)
2025-11-10T15:40:43.970+0200	writing POSdbnew.POSCustomerGroups to 
2025-11-10T15:40:43.970+0200	done dumping newPOSdb.POSCustomerGroups (2 documents)
2025-11-10T15:40:43.970+0200	writing Quiz.POSCountries to 
2025-11-10T15:40:43.971+0200	done dumping POSdb.POSPointOfSales (2 documents)
2025-11-10T15:40:43.971+0200	done dumping POSdbnew.POSCustomerGroups (2 documents)
2025-11-10T15:40:43.971+0200	writing Quiz.POSPricingClasses to 
2025-11-10T15:40:43.972+0200	writing POSdbnew.POSPermissions to 
2025-11-10T15:40:43.972+0200	done dumping Quiz.POSCountries (2 documents)
2025-11-10T15:40:43.973+0200	writing POSdbnew.POSInsurances to 
2025-11-10T15:40:43.973+0200	done dumping Quiz.POSPricingClasses (2 documents)
2025-11-10T15:40:43.974+0200	writing POSdbhamdy.POSDrivers to 
2025-11-10T15:40:43.974+0200	done dumping POSdbnew.POSInsurances (2 documents)
2025-11-10T15:40:43.975+0200	writing new.POSEmployees to 
2025-11-10T15:40:43.976+0200	done dumping POSdbhamdy.POSDrivers (2 documents)
2025-11-10T15:40:43.977+0200	done dumping POSdbnew.POSPermissions (2 documents)
2025-11-10T15:40:43.977+0200	writing POSdb.POSInsurances to 
2025-11-10T15:40:43.977+0200	writing new.POSIncomingUsers to 
2025-11-10T15:40:43.977+0200	done dumping new.POSEmployees (2 documents)
2025-11-10T15:40:43.977+0200	writing Quiz.POSCostCenters to 
2025-11-10T15:40:43.978+0200	done dumping POSdb.POSInsurances (2 documents)
2025-11-10T15:40:43.978+0200	done dumping new.POSIncomingUsers (2 documents)
2025-11-10T15:40:43.978+0200	writing POSdbnew.POSWorkTime to 
2025-11-10T15:40:43.979+0200	done dumping Quiz.POSCostCenters (2 documents)
2025-11-10T15:40:43.979+0200	writing POSdb.POSPermissions to 
2025-11-10T15:40:43.979+0200	writing newPOSdb.POSHalls to 
2025-11-10T15:40:43.980+0200	done dumping POSdbnew.POSWorkTime (2 documents)
2025-11-10T15:40:43.981+0200	writing POSdbhamdy.POSVolumes to 
2025-11-10T15:40:43.981+0200	done dumping newPOSdb.POSHalls (2 documents)
2025-11-10T15:40:43.981+0200	writing new.POSPointOfSales to 
2025-11-10T15:40:43.982+0200	done dumping POSdbhamdy.POSVolumes (2 documents)
2025-11-10T15:40:43.983+0200	done dumping new.POSPointOfSales (2 documents)
2025-11-10T15:40:43.983+0200	writing new.POSTaxes to 
2025-11-10T15:40:43.983+0200	writing Quiz.POSCustomers to 
2025-11-10T15:40:43.984+0200	done dumping POSdb.POSPermissions (2 documents)
2025-11-10T15:40:43.984+0200	writing Ofline.POSOrders to 
2025-11-10T15:40:43.985+0200	done dumping new.POSTaxes (2 documents)
2025-11-10T15:40:43.985+0200	done dumping Quiz.POSCustomers (2 documents)
2025-11-10T15:40:43.985+0200	writing POSdbhamdy.POSPermissions to 
2025-11-10T15:40:43.985+0200	writing POSdbhamdy.POSFollowOrderSettings to 
2025-11-10T15:40:43.987+0200	done dumping POSdbhamdy.POSFollowOrderSettings (2 documents)
2025-11-10T15:40:43.988+0200	writing newPOSdb.POSEmployeeGroups to 
2025-11-10T15:40:43.988+0200	done dumping Ofline.POSOrders (2 documents)
2025-11-10T15:40:43.988+0200	writing POSdbhamdy.POSOrderTypes to 
2025-11-10T15:40:43.988+0200	done dumping POSdbhamdy.POSPermissions (2 documents)
2025-11-10T15:40:43.989+0200	writing new.POSBranches to 
2025-11-10T15:40:43.989+0200	done dumping newPOSdb.POSEmployeeGroups (2 documents)
2025-11-10T15:40:43.990+0200	writing POSdbhamdy.POSUsersGroups to 
2025-11-10T15:40:43.990+0200	done dumping POSdbhamdy.POSOrderTypes (2 documents)
2025-11-10T15:40:43.990+0200	writing POSdb.POSUsersGroups to 
2025-11-10T15:40:43.990+0200	done dumping new.POSBranches (2 documents)
2025-11-10T15:40:43.991+0200	writing new.POSUsersGroups to 
2025-11-10T15:40:43.992+0200	done dumping POSdbhamdy.POSUsersGroups (2 documents)
2025-11-10T15:40:43.993+0200	writing Ofline.POSProductTypes to 
2025-11-10T15:40:43.993+0200	done dumping new.POSUsersGroups (2 documents)
2025-11-10T15:40:43.994+0200	done dumping POSdb.POSUsersGroups (2 documents)
2025-11-10T15:40:43.994+0200	writing new.POSProductTypes to 
2025-11-10T15:40:43.994+0200	writing POSdbhamdy.POSCustomerGroups to 
2025-11-10T15:40:43.995+0200	done dumping Ofline.POSProductTypes (2 documents)
2025-11-10T15:40:43.996+0200	writing new.POSDrivers to 
2025-11-10T15:40:43.996+0200	done dumping POSdbhamdy.POSCustomerGroups (2 documents)
2025-11-10T15:40:43.996+0200	writing POSdbhamdy.POSWorkTime to 
2025-11-10T15:40:43.997+0200	done dumping new.POSProductTypes (2 documents)
2025-11-10T15:40:43.997+0200	writing Quiz.POSBackups to 
2025-11-10T15:40:43.998+0200	done dumping new.POSDrivers (2 documents)
2025-11-10T15:40:43.998+0200	writing Quiz.POSNotes to 
2025-11-10T15:40:43.999+0200	done dumping POSdbhamdy.POSWorkTime (2 documents)
2025-11-10T15:40:43.999+0200	done dumping Quiz.POSBackups (1 document)
2025-11-10T15:40:43.999+0200	writing Quiz.POSInsurances to 
2025-11-10T15:40:43.999+0200	writing Quiz.applicationRoles to 
2025-11-10T15:40:44.003+0200	done dumping Quiz.POSNotes (1 document)
2025-11-10T15:40:44.004+0200	writing Quiz.applicationUsers to 
2025-11-10T15:40:44.005+0200	done dumping Quiz.applicationRoles (1 document)
2025-11-10T15:40:44.005+0200	done dumping Quiz.POSInsurances (1 document)
2025-11-10T15:40:44.005+0200	writing POSdbnew.POSCities to 
2025-11-10T15:40:44.008+0200	writing Quiz.POSFoodPlans to 
2025-11-10T15:40:44.008+0200	done dumping Quiz.applicationUsers (1 document)
2025-11-10T15:40:44.009+0200	writing Quiz.POSEmployeeGroups to 
2025-11-10T15:40:44.010+0200	done dumping POSdbnew.POSCities (1 document)
2025-11-10T15:40:44.012+0200	writing Quiz.POSMyPoints to 
2025-11-10T15:40:44.014+0200	done dumping Quiz.POSFoodPlans (1 document)
2025-11-10T15:40:44.017+0200	writing POSdbnew.POSMinimumCharges to 
2025-11-10T15:40:44.019+0200	done dumping Quiz.POSEmployeeGroups (1 document)
2025-11-10T15:40:44.022+0200	writing POSdbnew.POSSettings to 
2025-11-10T15:40:44.022+0200	done dumping POSdbnew.POSMinimumCharges (1 document)
2025-11-10T15:40:44.022+0200	done dumping Quiz.POSMyPoints (1 document)
2025-11-10T15:40:44.023+0200	writing POSdbnew.POSFoodPlans to 
2025-11-10T15:40:44.023+0200	writing Quiz.POSPermissions to 
2025-11-10T15:40:44.037+0200	done dumping POSdbnew.POSFoodPlans (1 document)
2025-11-10T15:40:44.037+0200	done dumping POSdbnew.POSSettings (1 document)
2025-11-10T15:40:44.037+0200	done dumping Quiz.POSPermissions (1 document)
2025-11-10T15:40:44.040+0200	writing POSdbnew.POSDrivers to 
2025-11-10T15:40:44.040+0200	writing POSdbnew.applicationRoles to 
2025-11-10T15:40:44.040+0200	writing POSdbnew.POSCountries to 
2025-11-10T15:40:44.045+0200	done dumping POSdbnew.POSCountries (1 document)
2025-11-10T15:40:44.045+0200	writing Quiz.POSUpdateData to 
2025-11-10T15:40:44.046+0200	done dumping POSdbnew.applicationRoles (1 document)
2025-11-10T15:40:44.046+0200	done dumping POSdbnew.POSDrivers (1 document)
2025-11-10T15:40:44.046+0200	writing Quiz.POSMinimumCharges to 
2025-11-10T15:40:44.046+0200	writing POSdbnew.POSComboProducts to 
2025-11-10T15:40:44.050+0200	done dumping Quiz.POSUpdateData (1 document)
2025-11-10T15:40:44.050+0200	writing POSdbnew.POSUpdateData to 
2025-11-10T15:40:44.050+0200	done dumping POSdbnew.POSComboProducts (1 document)
2025-11-10T15:40:44.052+0200	writing Quiz.POSWorkTime to 
2025-11-10T15:40:44.054+0200	done dumping Quiz.POSMinimumCharges (1 document)
2025-11-10T15:40:44.056+0200	writing Quiz.POSRMSConnSettings to 
2025-11-10T15:40:44.056+0200	done dumping POSdbnew.POSUpdateData (1 document)
2025-11-10T15:40:44.056+0200	done dumping Quiz.POSWorkTime (1 document)
2025-11-10T15:40:44.057+0200	writing POSdbnew.POSBackups to 
2025-11-10T15:40:44.057+0200	writing POSdbnew.POSProductClasses to 
2025-11-10T15:40:44.058+0200	done dumping Quiz.POSRMSConnSettings (1 document)
2025-11-10T15:40:44.061+0200	writing POSdbnew.POSMyPoints to 
2025-11-10T15:40:44.063+0200	done dumping POSdbnew.POSBackups (1 document)
2025-11-10T15:40:44.064+0200	done dumping POSdbnew.POSMyPoints (1 document)
2025-11-10T15:40:44.064+0200	writing Quiz.POSSettings to 
2025-11-10T15:40:44.064+0200	done dumping POSdbnew.POSProductClasses (1 document)
2025-11-10T15:40:44.065+0200	writing POSdbnew.POSFavoritescreens to 
2025-11-10T15:40:44.066+0200	writing POSdbnew.POSCompanies to 
2025-11-10T15:40:44.072+0200	done dumping POSdbnew.POSFavoritescreens (1 document)
2025-11-10T15:40:44.073+0200	writing POSdbnew.POSGovernments to 
2025-11-10T15:40:44.073+0200	done dumping Quiz.POSSettings (1 document)
2025-11-10T15:40:44.074+0200	writing POSdbnew.POSRMSConnSettings to 
2025-11-10T15:40:44.079+0200	done dumping POSdbnew.POSCompanies (1 document)
2025-11-10T15:40:44.081+0200	done dumping POSdbnew.POSGovernments (1 document)
2025-11-10T15:40:44.087+0200	writing POSdbnew.POSPrinters to 
2025-11-10T15:40:44.088+0200	writing Quiz.POSCancellationReasons to 
2025-11-10T15:40:44.090+0200	done dumping POSdbnew.POSRMSConnSettings (1 document)
2025-11-10T15:40:44.091+0200	writing Quiz.POSVendors to 
2025-11-10T15:40:44.091+0200	done dumping Quiz.POSCancellationReasons (1 document)
2025-11-10T15:40:44.092+0200	writing POSdbhamdy.POSStocks to 
2025-11-10T15:40:44.093+0200	done dumping Quiz.POSVendors (1 document)
2025-11-10T15:40:44.094+0200	done dumping POSdbnew.POSPrinters (1 document)
2025-11-10T15:40:44.095+0200	writing POSdbhamdy.POSBranches to 
2025-11-10T15:40:44.095+0200	writing POSdbhamdy.POSPricingClasses to 
2025-11-10T15:40:44.097+0200	done dumping POSdbhamdy.POSStocks (1 document)
2025-11-10T15:40:44.098+0200	done dumping POSdbhamdy.POSPricingClasses (1 document)
2025-11-10T15:40:44.098+0200	writing Quiz.POSRegions to 
2025-11-10T15:40:44.098+0200	writing Quiz.POSPointOfSales to 
2025-11-10T15:40:44.104+0200	done dumping Quiz.POSRegions (1 document)
2025-11-10T15:40:44.104+0200	writing POSdbhamdy.POSUpdateData to 
2025-11-10T15:40:44.112+0200	done dumping Quiz.POSPointOfSales (1 document)
2025-11-10T15:40:44.113+0200	writing POSdbhamdy.POSProductClasses to 
2025-11-10T15:40:44.118+0200	done dumping POSdbhamdy.POSUpdateData (1 document)
2025-11-10T15:40:44.119+0200	done dumping POSdbhamdy.POSProductClasses (1 document)
2025-11-10T15:40:44.120+0200	writing POSdbhamdy.POSRMSConnSettings to 
2025-11-10T15:40:44.120+0200	done dumping POSdbhamdy.POSBranches (1 document)
2025-11-10T15:40:44.120+0200	writing POSdbhamdy.POSCountries to 
2025-11-10T15:40:44.121+0200	writing Ofline.POSWorkTime to 
2025-11-10T15:40:44.123+0200	done dumping POSdbhamdy.POSRMSConnSettings (1 document)
2025-11-10T15:40:44.125+0200	done dumping Ofline.POSWorkTime (1 document)
2025-11-10T15:40:44.125+0200	writing Quiz.POSCompanies to 
2025-11-10T15:40:44.127+0200	writing Quiz.POSPrinters to 
2025-11-10T15:40:44.128+0200	done dumping POSdbhamdy.POSCountries (1 document)
2025-11-10T15:40:44.128+0200	writing Quiz.POSUsersGroups to 
2025-11-10T15:40:44.129+0200	done dumping Quiz.POSCompanies (1 document)
2025-11-10T15:40:44.129+0200	done dumping Quiz.POSPrinters (1 document)
2025-11-10T15:40:44.129+0200	writing Quiz.POSDrivers to 
2025-11-10T15:40:44.129+0200	writing POSdbhamdy.POSMinimumCharges to 
2025-11-10T15:40:44.130+0200	done dumping Quiz.POSUsersGroups (1 document)
2025-11-10T15:40:44.131+0200	writing POSdbhamdy.POSBarcodeSettings to 
2025-11-10T15:40:44.131+0200	done dumping Quiz.POSDrivers (1 document)
2025-11-10T15:40:44.132+0200	writing POSdbhamdy.POSProductTypes to 
2025-11-10T15:40:44.132+0200	done dumping POSdbhamdy.POSMinimumCharges (1 document)
2025-11-10T15:40:44.133+0200	writing new.POSCustomers to 
2025-11-10T15:40:44.133+0200	done dumping POSdbhamdy.POSBarcodeSettings (1 document)
2025-11-10T15:40:44.134+0200	writing new.POSMyPoints to 
2025-11-10T15:40:44.135+0200	done dumping new.POSCustomers (1 document)
2025-11-10T15:40:44.136+0200	done dumping new.POSMyPoints (1 document)
2025-11-10T15:40:44.137+0200	writing new.POSMinimumCharges to 
2025-11-10T15:40:44.137+0200	writing POSdbhamdy.POSBackups to 
2025-11-10T15:40:44.138+0200	done dumping POSdbhamdy.POSProductTypes (1 document)
2025-11-10T15:40:44.140+0200	writing POSdbhamdy.POSCities to 
2025-11-10T15:40:44.141+0200	done dumping POSdbhamdy.POSBackups (1 document)
2025-11-10T15:40:44.141+0200	done dumping new.POSMinimumCharges (1 document)
2025-11-10T15:40:44.146+0200	writing POSdbhamdy.POSSettings to 
2025-11-10T15:40:44.146+0200	done dumping POSdbhamdy.POSCities (1 document)
2025-11-10T15:40:44.146+0200	writing POSdbhamdy.POSMyPoints to 
2025-11-10T15:40:44.147+0200	writing POSdbhamdy.applicationRoles to 
2025-11-10T15:40:44.152+0200	done dumping POSdbhamdy.POSSettings (1 document)
2025-11-10T15:40:44.152+0200	done dumping POSdbhamdy.applicationRoles (1 document)
2025-11-10T15:40:44.156+0200	writing new.applicationUsers to 
2025-11-10T15:40:44.156+0200	done dumping POSdbhamdy.POSMyPoints (1 document)
2025-11-10T15:40:44.156+0200	writing POSdbhamdy.POSCompanies to 
2025-11-10T15:40:44.158+0200	writing Ofline.applicationUsers to 
2025-11-10T15:40:44.160+0200	done dumping POSdbhamdy.POSCompanies (1 document)
2025-11-10T15:40:44.160+0200	done dumping new.applicationUsers (1 document)
2025-11-10T15:40:44.161+0200	writing new.POSCustomerGroups to 
2025-11-10T15:40:44.162+0200	writing new.POSBackups to 
2025-11-10T15:40:44.162+0200	done dumping Ofline.applicationUsers (1 document)
2025-11-10T15:40:44.164+0200	writing new.POSPricingClasses to 
2025-11-10T15:40:44.168+0200	done dumping new.POSCustomerGroups (1 document)
2025-11-10T15:40:44.169+0200	done dumping new.POSPricingClasses (1 document)
2025-11-10T15:40:44.170+0200	done dumping new.POSBackups (1 document)
2025-11-10T15:40:44.170+0200	writing POSdb.POSHalls to 
2025-11-10T15:40:44.170+0200	writing POSdbhamdy.POSGovernments to 
2025-11-10T15:40:44.173+0200	writing new.POSRegions to 
2025-11-10T15:40:44.176+0200	done dumping new.POSRegions (1 document)
2025-11-10T15:40:44.176+0200	done dumping POSdbhamdy.POSGovernments (1 document)
2025-11-10T15:40:44.176+0200	done dumping POSdb.POSHalls (1 document)
2025-11-10T15:40:44.176+0200	writing POSdb.POSGovernments to 
2025-11-10T15:40:44.176+0200	writing new.POSUpdateData to 
2025-11-10T15:40:44.177+0200	writing POSdb.POSOrderInsurances to 
2025-11-10T15:40:44.178+0200	done dumping POSdb.POSGovernments (1 document)
2025-11-10T15:40:44.178+0200	done dumping new.POSUpdateData (1 document)
2025-11-10T15:40:44.178+0200	done dumping POSdb.POSOrderInsurances (1 document)
2025-11-10T15:40:44.178+0200	writing new.POSSettings to 
2025-11-10T15:40:44.178+0200	writing POSdb.POSReturnOrderInsurances to 
2025-11-10T15:40:44.179+0200	writing new.POSHalls to 
2025-11-10T15:40:44.180+0200	done dumping POSdb.POSReturnOrderInsurances (1 document)
2025-11-10T15:40:44.180+0200	writing new.POSRMSConnSettings to 
2025-11-10T15:40:44.180+0200	done dumping new.POSSettings (1 document)
2025-11-10T15:40:44.180+0200	done dumping new.POSHalls (1 document)
2025-11-10T15:40:44.182+0200	writing new.POSWorkTime to 
2025-11-10T15:40:44.182+0200	writing POSdb.POSCountries to 
2025-11-10T15:40:44.184+0200	done dumping new.POSRMSConnSettings (1 document)
2025-11-10T15:40:44.184+0200	done dumping new.POSWorkTime (1 document)
2025-11-10T15:40:44.184+0200	done dumping POSdb.POSCountries (1 document)
2025-11-10T15:40:44.184+0200	writing new.applicationRoles to 
2025-11-10T15:40:44.185+0200	writing POSdb.POSWorkTime to 
2025-11-10T15:40:44.185+0200	writing POSdb.POSUpdateData to 
2025-11-10T15:40:44.186+0200	done dumping new.applicationRoles (1 document)
2025-11-10T15:40:44.187+0200	done dumping POSdb.POSWorkTime (1 document)
2025-11-10T15:40:44.187+0200	writing POSdb.POSRMSConnSettings to 
2025-11-10T15:40:44.187+0200	writing POSdb.POSMinimumCharges to 
2025-11-10T15:40:44.187+0200	done dumping POSdb.POSUpdateData (1 document)
2025-11-10T15:40:44.188+0200	writing POSdb.POSCompanies to 
2025-11-10T15:40:44.190+0200	done dumping POSdb.POSRMSConnSettings (1 document)
2025-11-10T15:40:44.190+0200	done dumping POSdb.POSCompanies (1 document)
2025-11-10T15:40:44.190+0200	done dumping POSdb.POSMinimumCharges (1 document)
2025-11-10T15:40:44.190+0200	writing newPOSdb.POSUsersGroups to 
2025-11-10T15:40:44.190+0200	writing POSdb.POSCities to 
2025-11-10T15:40:44.192+0200	writing newPOSdb.POSCancellationReasons to 
2025-11-10T15:40:44.192+0200	done dumping POSdb.POSCities (1 document)
2025-11-10T15:40:44.193+0200	writing POSdb.POSMyPoints to 
2025-11-10T15:40:44.194+0200	done dumping newPOSdb.POSUsersGroups (1 document)
2025-11-10T15:40:44.194+0200	done dumping newPOSdb.POSCancellationReasons (1 document)
2025-11-10T15:40:44.195+0200	writing newPOSdb.POSPointOfSales to 
2025-11-10T15:40:44.195+0200	writing newPOSdb.POSOpenDays to 
2025-11-10T15:40:44.195+0200	done dumping POSdb.POSMyPoints (1 document)
2025-11-10T15:40:44.196+0200	writing newPOSdb.POSBackups to 
2025-11-10T15:40:44.197+0200	done dumping newPOSdb.POSOpenDays (1 document)
2025-11-10T15:40:44.197+0200	done dumping newPOSdb.POSPointOfSales (1 document)
2025-11-10T15:40:44.197+0200	writing newPOSdb.POSMyPoints to 
2025-11-10T15:40:44.197+0200	done dumping newPOSdb.POSBackups (1 document)
2025-11-10T15:40:44.198+0200	writing newPOSdb.applicationRoles to 
2025-11-10T15:40:44.198+0200	writing POSdb.POSPrinters to 
2025-11-10T15:40:44.200+0200	done dumping newPOSdb.POSMyPoints (1 document)
2025-11-10T15:40:44.200+0200	done dumping newPOSdb.applicationRoles (1 document)
2025-11-10T15:40:44.202+0200	writing newPOSdb.POSCountries to 
2025-11-10T15:40:44.202+0200	done dumping POSdb.POSPrinters (1 document)
2025-11-10T15:40:44.203+0200	writing POSdb.applicationRoles to 
2025-11-10T15:40:44.203+0200	writing newPOSdb.POSWorkTime to 
2025-11-10T15:40:44.204+0200	done dumping newPOSdb.POSCountries (1 document)
2025-11-10T15:40:44.205+0200	writing newPOSdb.POSSettings to 
2025-11-10T15:40:44.205+0200	done dumping POSdb.applicationRoles (1 document)
2025-11-10T15:40:44.205+0200	writing POSdb.POSSettings to 
2025-11-10T15:40:44.205+0200	done dumping newPOSdb.POSWorkTime (1 document)
2025-11-10T15:40:44.206+0200	writing POSdb.POSCancellationReasons to 
2025-11-10T15:40:44.207+0200	done dumping POSdb.POSCancellationReasons (1 document)
2025-11-10T15:40:44.207+0200	done dumping POSdb.POSSettings (1 document)
2025-11-10T15:40:44.207+0200	done dumping newPOSdb.POSSettings (1 document)
2025-11-10T15:40:44.207+0200	writing POSdb.POSBackups to 
2025-11-10T15:40:44.207+0200	writing POSdb.POSFollowOrderSettings to 
2025-11-10T15:40:44.207+0200	writing newPOSdb.POSPermissions to 
2025-11-10T15:40:44.210+0200	done dumping POSdb.POSBackups (1 document)
2025-11-10T15:40:44.210+0200	done dumping POSdb.POSFollowOrderSettings (1 document)
2025-11-10T15:40:44.210+0200	writing POSdb.POSCashReceipts to 
2025-11-10T15:40:44.210+0200	writing newPOSdb.POSGovernments to 
2025-11-10T15:40:44.213+0200	done dumping newPOSdb.POSGovernments (1 document)
2025-11-10T15:40:44.213+0200	done dumping POSdb.POSCashReceipts (1 document)
2025-11-10T15:40:44.213+0200	writing newPOSdb.POSCompanies to 
2025-11-10T15:40:44.214+0200	done dumping newPOSdb.POSPermissions (1 document)
2025-11-10T15:40:44.214+0200	writing Ofline.POSBackups to 
2025-11-10T15:40:44.214+0200	writing newPOSdb.POSItemGroups to 
2025-11-10T15:40:44.215+0200	done dumping newPOSdb.POSCompanies (1 document)
2025-11-10T15:40:44.215+0200	done dumping Ofline.POSBackups (1 document)
2025-11-10T15:40:44.216+0200	writing Ofline.POSCustomerGroups to 
2025-11-10T15:40:44.216+0200	writing Ofline.POSBranches to 
2025-11-10T15:40:44.218+0200	done dumping Ofline.POSCustomerGroups (1 document)
2025-11-10T15:40:44.218+0200	done dumping Ofline.POSBranches (1 document)
2025-11-10T15:40:44.218+0200	writing Ofline.POSMyPoints to 
2025-11-10T15:40:44.218+0200	writing Ofline.POSPricingClasses to 
2025-11-10T15:40:44.220+0200	done dumping Ofline.POSPricingClasses (1 document)
2025-11-10T15:40:44.220+0200	done dumping Ofline.POSMyPoints (1 document)
2025-11-10T15:40:44.221+0200	writing Ofline.POSMinimumCharges to 
2025-11-10T15:40:44.221+0200	writing Ofline.POSPointOfSales to 
2025-11-10T15:40:44.223+0200	done dumping Ofline.POSMinimumCharges (1 document)
2025-11-10T15:40:44.224+0200	done dumping Ofline.POSPointOfSales (1 document)
2025-11-10T15:40:44.224+0200	writing Ofline.POSRMSConnSettings to 
2025-11-10T15:40:44.225+0200	writing newPOSdb.POSTaxes to 
2025-11-10T15:40:44.225+0200	done dumping newPOSdb.POSItemGroups (1 document)
2025-11-10T15:40:44.226+0200	done dumping Ofline.POSRMSConnSettings (1 document)
2025-11-10T15:40:44.227+0200	done dumping newPOSdb.POSTaxes (1 document)
2025-11-10T15:40:44.227+0200	writing newPOSdb.POSMinimumCharges to 
2025-11-10T15:40:44.227+0200	writing Ofline.POSOpenDays to 
2025-11-10T15:40:44.228+0200	writing newPOSdb.POSVolumes to 
2025-11-10T15:40:44.229+0200	done dumping newPOSdb.POSMinimumCharges (1 document)
2025-11-10T15:40:44.229+0200	done dumping Ofline.POSOpenDays (1 document)
2025-11-10T15:40:44.230+0200	writing Ofline.POSSettings to 
2025-11-10T15:40:44.230+0200	writing Ofline.POSIncomingUsers to 
2025-11-10T15:40:44.231+0200	done dumping newPOSdb.POSVolumes (1 document)
2025-11-10T15:40:44.231+0200	writing newPOSdb.POSRMSConnSettings to 
2025-11-10T15:40:44.238+0200	done dumping Ofline.POSIncomingUsers (1 document)
2025-11-10T15:40:44.239+0200	writing Ofline.POSUpdateData to 
2025-11-10T15:40:44.240+0200	done dumping Ofline.POSSettings (1 document)
2025-11-10T15:40:44.240+0200	done dumping newPOSdb.POSRMSConnSettings (1 document)
2025-11-10T15:40:44.240+0200	writing Ofline.applicationRoles to 
2025-11-10T15:40:44.240+0200	writing newPOSdb.POSUpdateData to 
2025-11-10T15:40:44.242+0200	done dumping Ofline.applicationRoles (1 document)
2025-11-10T15:40:44.243+0200	done dumping Ofline.POSUpdateData (1 document)
2025-11-10T15:40:44.243+0200	done dumping newPOSdb.POSUpdateData (1 document)
2025-11-10T15:40:44.243+0200	writing Quiz.POSOrderETaxs to 
2025-11-10T15:40:44.245+0200	done dumping Quiz.POSOrderETaxs (0 documents)
2025-11-10T15:40:45.230+0200	[##############..........]  POSdbhamdy.POSOrders  7092/11550  (61.4%)
2025-11-10T15:40:46.180+0200	[########################]  POSdbhamdy.POSOrders  11550/11550  (100.0%)
2025-11-10T15:40:46.180+0200	done dumping POSdbhamdy.POSOrders (11550 documents)
info: Microsoft.Hosting.Lifetime[0]
      Application is shutting down...
