info: Microsoft.Hosting.Lifetime[0]
      Application started. Press Ctrl+C to shut down.
info: Microsoft.Hosting.Lifetime[0]
      Hosting environment: Production
info: Microsoft.Hosting.Lifetime[0]
      Content root path: D:\POS-19-10-2025\POS-BackPublish
2025-11-20T15:24:51.044+0200	writing admin.system.version to 
2025-11-20T15:24:51.059+0200	done dumping admin.system.version (1 document)
2025-11-20T15:24:51.064+0200	writing POSdbhamdy.POSOrders to 
2025-11-20T15:24:51.366+0200	writing newPOSdb.POSProductPricingClasses to 
2025-11-20T15:24:51.366+0200	writing POSdbhamdy.POSCustomers to 
2025-11-20T15:24:51.366+0200	writing POSdbhamdy.POSUsersLogins to 
2025-11-20T15:24:51.405+0200	done dumping POSdbhamdy.POSUsersLogins (1939 documents)
2025-11-20T15:24:51.406+0200	writing POSdbnew.POSProductPricingClasses to 
2025-11-20T15:24:51.412+0200	done dumping newPOSdb.POSProductPricingClasses (2724 documents)
2025-11-20T15:24:51.413+0200	writing POSdbnew.POSProductTaxes to 
2025-11-20T15:24:51.423+0200	done dumping POSdbnew.POSProductTaxes (415 documents)
2025-11-20T15:24:51.425+0200	writing POSdbhamdy.POSIncomingUsers to 
2025-11-20T15:24:51.430+0200	done dumping POSdbnew.POSProductPricingClasses (1209 documents)
2025-11-20T15:24:51.431+0200	writing POSdbhamdy.POSNotes to 
2025-11-20T15:24:51.441+0200	done dumping POSdbhamdy.POSNotes (292 documents)
2025-11-20T15:24:51.443+0200	writing newPOSdb.POSProductTaxes to 
2025-11-20T15:24:51.450+0200	done dumping POSdbhamdy.POSIncomingUsers (401 documents)
2025-11-20T15:24:51.452+0200	writing newPOSdb.POSCostCenters to 
2025-11-20T15:24:51.453+0200	done dumping newPOSdb.POSProductTaxes (286 documents)
2025-11-20T15:24:51.457+0200	writing POSdbnew.POSMobileOrders to 
2025-11-20T15:24:51.464+0200	done dumping newPOSdb.POSCostCenters (202 documents)
2025-11-20T15:24:51.466+0200	writing POSdbhamdy.POSCustomerOrders to 
2025-11-20T15:24:51.506+0200	done dumping POSdbhamdy.POSCustomers (2207 documents)
2025-11-20T15:24:51.507+0200	done dumping POSdbhamdy.POSCustomerOrders (186 documents)
2025-11-20T15:24:51.507+0200	writing POSdbnew.POSOrders to 
2025-11-20T15:24:51.507+0200	writing POSdbhamdy.POSCashReceipts to 
2025-11-20T15:24:51.517+0200	done dumping POSdbhamdy.POSCashReceipts (150 documents)
2025-11-20T15:24:51.518+0200	writing POSdbhamdy.POSRegions to 
2025-11-20T15:24:51.532+0200	done dumping POSdbhamdy.POSRegions (137 documents)
2025-11-20T15:24:51.536+0200	writing POSdbhamdy.POSRegionsDeliveryPrices to 
2025-11-20T15:24:51.553+0200	done dumping POSdbhamdy.POSRegionsDeliveryPrices (130 documents)
2025-11-20T15:24:51.554+0200	writing POSdb.POSProductPricingClasses to 
2025-11-20T15:24:51.569+0200	done dumping POSdb.POSProductPricingClasses (108 documents)
2025-11-20T15:24:51.570+0200	writing POSdbhamdy.POSProductPricingClasses to 
2025-11-20T15:24:51.578+0200	done dumping POSdbhamdy.POSProductPricingClasses (102 documents)
2025-11-20T15:24:51.580+0200	writing Quiz.POSOrders to 
2025-11-20T15:24:51.630+0200	done dumping Quiz.POSOrders (99 documents)
2025-11-20T15:24:51.631+0200	writing POSdbhamdy.POSOpenDays to 
2025-11-20T15:24:51.636+0200	done dumping POSdbhamdy.POSOpenDays (98 documents)
2025-11-20T15:24:51.636+0200	writing POSdbnew.POSVendors to 
2025-11-20T15:24:51.645+0200	done dumping POSdbnew.POSVendors (97 documents)
2025-11-20T15:24:51.645+0200	writing POSdbnew.POSUsersLogins to 
2025-11-20T15:24:51.651+0200	done dumping POSdbnew.POSUsersLogins (89 documents)
2025-11-20T15:24:51.652+0200	writing Quiz.POSUsersLogins to 
2025-11-20T15:24:51.656+0200	done dumping POSdbnew.POSMobileOrders (186 documents)
2025-11-20T15:24:51.656+0200	writing POSdb.POSScreens to 
2025-11-20T15:24:51.659+0200	done dumping Quiz.POSUsersLogins (81 documents)
2025-11-20T15:24:51.660+0200	writing POSdbhamdy.POSScreens to 
2025-11-20T15:24:51.663+0200	done dumping POSdb.POSScreens (69 documents)
2025-11-20T15:24:51.666+0200	writing POSdb.POSOrders to 
2025-11-20T15:24:51.667+0200	done dumping POSdbhamdy.POSScreens (68 documents)
2025-11-20T15:24:51.669+0200	writing new.POSScreens to 
2025-11-20T15:24:51.684+0200	done dumping new.POSScreens (68 documents)
2025-11-20T15:24:51.688+0200	writing newPOSdb.POSScreens to 
2025-11-20T15:24:51.688+0200	done dumping POSdbnew.POSOrders (154 documents)
2025-11-20T15:24:51.691+0200	writing Ofline.POSScreens to 
2025-11-20T15:24:51.698+0200	done dumping newPOSdb.POSScreens (68 documents)
2025-11-20T15:24:51.701+0200	done dumping Ofline.POSScreens (68 documents)
2025-11-20T15:24:51.703+0200	writing POSdbnew.POSScreens to 
2025-11-20T15:24:51.706+0200	writing Quiz.POSScreens to 
2025-11-20T15:24:51.711+0200	done dumping Quiz.POSScreens (67 documents)
2025-11-20T15:24:51.712+0200	writing POSdbnew.POSEmployees to 
2025-11-20T15:24:51.714+0200	done dumping POSdbnew.POSScreens (67 documents)
2025-11-20T15:24:51.715+0200	writing POSdb.POSMobileOrders to 
2025-11-20T15:24:51.722+0200	done dumping POSdbnew.POSEmployees (63 documents)
2025-11-20T15:24:51.724+0200	writing POSdb.POSProductTaxes to 
2025-11-20T15:24:51.730+0200	done dumping POSdb.POSOrders (68 documents)
2025-11-20T15:24:51.732+0200	done dumping POSdb.POSProductTaxes (53 documents)
2025-11-20T15:24:51.732+0200	writing POSdbhamdy.POSReturnOrders to 
2025-11-20T15:24:51.734+0200	writing POSdbhamdy.POSEmployees to 
2025-11-20T15:24:51.742+0200	done dumping POSdbhamdy.POSReturnOrders (36 documents)
2025-11-20T15:24:51.743+0200	writing newPOSdb.POSOrders to 
2025-11-20T15:24:51.750+0200	done dumping POSdbhamdy.POSEmployees (32 documents)
2025-11-20T15:24:51.758+0200	writing POSdb.POSUsersLogins to 
2025-11-20T15:24:51.762+0200	done dumping POSdb.POSUsersLogins (28 documents)
2025-11-20T15:24:51.762+0200	writing POSdbnew.POSIncomingUsers to 
2025-11-20T15:24:51.769+0200	done dumping POSdbnew.POSIncomingUsers (27 documents)
2025-11-20T15:24:51.771+0200	writing Quiz.POSOpenDays to 
2025-11-20T15:24:51.774+0200	done dumping Quiz.POSOpenDays (23 documents)
2025-11-20T15:24:51.777+0200	writing POSdbnew.POSOpenDays to 
2025-11-20T15:24:51.782+0200	done dumping POSdbnew.POSOpenDays (22 documents)
2025-11-20T15:24:51.783+0200	writing Quiz.POSIncomingUsers to 
2025-11-20T15:24:51.786+0200	done dumping POSdb.POSMobileOrders (61 documents)
2025-11-20T15:24:51.787+0200	writing Quiz.POSCustomerGroups to 
2025-11-20T15:24:51.790+0200	done dumping Quiz.POSCustomerGroups (20 documents)
2025-11-20T15:24:51.790+0200	writing POSdb.POSCategories to 
2025-11-20T15:24:51.791+0200	done dumping Quiz.POSIncomingUsers (21 documents)
2025-11-20T15:24:51.793+0200	done dumping POSdb.POSCategories (18 documents)
2025-11-20T15:24:51.795+0200	writing Quiz.POSReturnOrders to 
2025-11-20T15:24:51.806+0200	done dumping Quiz.POSReturnOrders (17 documents)
2025-11-20T15:24:51.807+0200	writing POSdbnew.POSUnits to 
2025-11-20T15:24:51.808+0200	writing POSdbnew.POSCategories to 
2025-11-20T15:24:51.819+0200	done dumping POSdbnew.POSUnits (18 documents)
2025-11-20T15:24:51.819+0200	done dumping POSdbnew.POSCategories (17 documents)
2025-11-20T15:24:51.820+0200	writing POSdbnew.POSItemGroups to 
2025-11-20T15:24:51.821+0200	writing POSdbnew.POSCustomers to 
2025-11-20T15:24:51.830+0200	done dumping POSdbnew.POSCustomers (15 documents)
2025-11-20T15:24:51.831+0200	writing newPOSdb.POSCustomers to 
2025-11-20T15:24:51.839+0200	done dumping newPOSdb.POSCustomers (14 documents)
2025-11-20T15:24:51.840+0200	writing Ofline.POSProductPricingClasses to 
2025-11-20T15:24:51.845+0200	done dumping newPOSdb.POSOrders (29 documents)
2025-11-20T15:24:51.846+0200	writing newPOSdb.POSUsersLogins to 
2025-11-20T15:24:51.848+0200	done dumping Ofline.POSProductPricingClasses (13 documents)
2025-11-20T15:24:51.848+0200	done dumping newPOSdb.POSUsersLogins (13 documents)
2025-11-20T15:24:51.848+0200	writing Quiz.POSProductPricingClasses to 
2025-11-20T15:24:51.854+0200	writing POSdbnew.POSEmployeeGroups to 
2025-11-20T15:24:51.856+0200	done dumping POSdbnew.POSItemGroups (16 documents)
2025-11-20T15:24:51.857+0200	done dumping Quiz.POSProductPricingClasses (12 documents)
2025-11-20T15:24:51.857+0200	writing POSdb.POSUnits to 
2025-11-20T15:24:51.858+0200	writing POSdbhamdy.POSVendors to 
2025-11-20T15:24:51.858+0200	done dumping POSdbnew.POSEmployeeGroups (13 documents)
2025-11-20T15:24:51.859+0200	writing newPOSdb.POSVendors to 
2025-11-20T15:24:51.865+0200	done dumping POSdb.POSUnits (12 documents)
2025-11-20T15:24:51.865+0200	done dumping POSdbhamdy.POSVendors (11 documents)
2025-11-20T15:24:51.866+0200	writing POSdbnew.POSVolumes to 
2025-11-20T15:24:51.866+0200	writing POSdb.POSOrderTypeTaxes to 
2025-11-20T15:24:51.867+0200	done dumping newPOSdb.POSVendors (11 documents)
2025-11-20T15:24:51.868+0200	writing POSdbnew.POSOrderTypes to 
2025-11-20T15:24:51.877+0200	done dumping POSdb.POSOrderTypeTaxes (10 documents)
2025-11-20T15:24:51.882+0200	done dumping POSdbnew.POSVolumes (10 documents)
2025-11-20T15:24:51.883+0200	writing POSdbnew.POSRegions to 
2025-11-20T15:24:51.883+0200	writing new.POSOrders to 
2025-11-20T15:24:51.886+0200	done dumping POSdbnew.POSOrderTypes (10 documents)
2025-11-20T15:24:51.899+0200	writing newPOSdb.POSPricingClasses to 
2025-11-20T15:24:51.906+0200	done dumping newPOSdb.POSPricingClasses (8 documents)
2025-11-20T15:24:51.906+0200	done dumping new.POSOrders (9 documents)
2025-11-20T15:24:51.906+0200	done dumping POSdbnew.POSRegions (9 documents)
2025-11-20T15:24:51.906+0200	writing POSdbhamdy.POSUnits to 
2025-11-20T15:24:51.906+0200	writing Quiz.POSCategories to 
2025-11-20T15:24:51.907+0200	writing POSdb.POSCustomers to 
2025-11-20T15:24:51.909+0200	done dumping Quiz.POSCategories (8 documents)
2025-11-20T15:24:51.909+0200	writing POSdbhamdy.POSEmployeeGroups to 
2025-11-20T15:24:51.910+0200	done dumping POSdbhamdy.POSUnits (8 documents)
2025-11-20T15:24:51.911+0200	done dumping POSdb.POSCustomers (8 documents)
2025-11-20T15:24:51.911+0200	writing POSdb.POSIncomingUsers to 
2025-11-20T15:24:51.911+0200	writing POSdbnew.applicationUsers to 
2025-11-20T15:24:51.915+0200	done dumping POSdbhamdy.POSEmployeeGroups (8 documents)
2025-11-20T15:24:51.915+0200	done dumping POSdb.POSIncomingUsers (8 documents)
2025-11-20T15:24:51.915+0200	writing POSdbhamdy.applicationUsers to 
2025-11-20T15:24:51.916+0200	writing POSdbnew.POSOrderPayTypes to 
2025-11-20T15:24:51.919+0200	done dumping POSdbhamdy.applicationUsers (8 documents)
2025-11-20T15:24:51.920+0200	done dumping POSdbnew.applicationUsers (8 documents)
2025-11-20T15:24:51.921+0200	done dumping POSdbnew.POSOrderPayTypes (7 documents)
2025-11-20T15:24:51.921+0200	writing POSdbnew.POSOrderTypeTaxes to 
2025-11-20T15:24:51.922+0200	writing newPOSdb.POSUnits to 
2025-11-20T15:24:51.922+0200	writing POSdbnew.POSStocks to 
2025-11-20T15:24:51.925+0200	done dumping POSdbnew.POSOrderTypeTaxes (7 documents)
2025-11-20T15:24:51.926+0200	writing POSdb.POSEmployees to 
2025-11-20T15:24:51.954+0200	[####....................]  POSdbhamdy.POSOrders  2300/11550   (19.9%)
2025-11-20T15:24:51.954+0200	[########################]    POSdbnew.POSStocks         7/7  (100.0%)
2025-11-20T15:24:51.954+0200	
2025-11-20T15:24:51.960+0200	[########################]  POSdbnew.POSStocks  7/7  (100.0%)
2025-11-20T15:24:51.961+0200	done dumping POSdbnew.POSStocks (7 documents)
2025-11-20T15:24:51.963+0200	writing newPOSdb.POSStocks to 
2025-11-20T15:24:51.964+0200	done dumping newPOSdb.POSUnits (7 documents)
2025-11-20T15:24:51.968+0200	writing newPOSdb.POSBranches to 
2025-11-20T15:24:51.969+0200	done dumping newPOSdb.POSStocks (7 documents)
2025-11-20T15:24:51.970+0200	done dumping POSdb.POSEmployees (7 documents)
2025-11-20T15:24:51.970+0200	writing POSdb.POSOrderPayTypes to 
2025-11-20T15:24:51.970+0200	writing POSdbnew.POSProductTypes to 
2025-11-20T15:24:51.972+0200	done dumping newPOSdb.POSBranches (7 documents)
2025-11-20T15:24:51.973+0200	done dumping POSdb.POSOrderPayTypes (7 documents)
2025-11-20T15:24:51.974+0200	writing newPOSdb.POSEmployees to 
2025-11-20T15:24:51.975+0200	writing newPOSdb.POSCities to 
2025-11-20T15:24:51.979+0200	done dumping newPOSdb.POSCities (6 documents)
2025-11-20T15:24:51.979+0200	done dumping newPOSdb.POSEmployees (6 documents)
2025-11-20T15:24:51.979+0200	writing POSdbnew.POSCustomerOrders to 
2025-11-20T15:24:51.980+0200	writing Quiz.POSProductTaxes to 
2025-11-20T15:24:51.997+0200	done dumping Quiz.POSProductTaxes (6 documents)
2025-11-20T15:24:51.999+0200	done dumping POSdbnew.POSCustomerOrders (6 documents)
2025-11-20T15:24:51.999+0200	writing Quiz.POSUnits to 
2025-11-20T15:24:52.000+0200	writing POSdbnew.POSLanguages to 
2025-11-20T15:24:52.007+0200	done dumping Quiz.POSUnits (6 documents)
2025-11-20T15:24:52.007+0200	done dumping POSdbnew.POSLanguages (6 documents)
2025-11-20T15:24:52.008+0200	writing new.POSProductPricingClasses to 
2025-11-20T15:24:52.008+0200	writing POSdb.applicationUsers to 
2025-11-20T15:24:52.011+0200	done dumping new.POSProductPricingClasses (6 documents)
2025-11-20T15:24:52.014+0200	done dumping POSdb.applicationUsers (6 documents)
2025-11-20T15:24:52.015+0200	writing Ofline.POSLanguages to 
2025-11-20T15:24:52.016+0200	writing Quiz.POSLanguages to 
2025-11-20T15:24:52.019+0200	done dumping Ofline.POSLanguages (6 documents)
2025-11-20T15:24:52.019+0200	writing POSdb.POSLanguages to 
2025-11-20T15:24:52.023+0200	done dumping Quiz.POSLanguages (6 documents)
2025-11-20T15:24:52.028+0200	writing newPOSdb.POSLanguages to 
2025-11-20T15:24:52.029+0200	done dumping POSdb.POSLanguages (6 documents)
2025-11-20T15:24:52.032+0200	done dumping newPOSdb.POSLanguages (6 documents)
2025-11-20T15:24:52.033+0200	writing newPOSdb.POSRegions to 
2025-11-20T15:24:52.034+0200	writing POSdb.POSOpenDays to 
2025-11-20T15:24:52.044+0200	done dumping POSdb.POSOpenDays (6 documents)
2025-11-20T15:24:52.046+0200	writing new.POSLanguages to 
2025-11-20T15:24:52.049+0200	done dumping newPOSdb.POSRegions (6 documents)
2025-11-20T15:24:52.052+0200	writing Quiz.POSOrderInsurances to 
2025-11-20T15:24:52.056+0200	done dumping new.POSLanguages (6 documents)
2025-11-20T15:24:52.058+0200	writing POSdb.POSStocks to 
2025-11-20T15:24:52.062+0200	done dumping Quiz.POSOrderInsurances (6 documents)
2025-11-20T15:24:52.064+0200	done dumping POSdb.POSStocks (6 documents)
2025-11-20T15:24:52.064+0200	writing POSdbhamdy.POSLanguages to 
2025-11-20T15:24:52.064+0200	writing new.POSProductTaxes to 
2025-11-20T15:24:52.066+0200	done dumping POSdbhamdy.POSLanguages (6 documents)
2025-11-20T15:24:52.066+0200	writing Quiz.POSStocks to 
2025-11-20T15:24:52.069+0200	done dumping POSdbnew.POSProductTypes (7 documents)
2025-11-20T15:24:52.070+0200	writing newPOSdb.POSOrderTypes to 
2025-11-20T15:24:52.071+0200	done dumping Quiz.POSStocks (5 documents)
2025-11-20T15:24:52.072+0200	writing POSdb.POSOrderTypes to 
2025-11-20T15:24:52.073+0200	done dumping new.POSProductTaxes (6 documents)
2025-11-20T15:24:52.073+0200	writing POSdbhamdy.POSProductProperties to 
2025-11-20T15:24:52.075+0200	done dumping newPOSdb.POSOrderTypes (5 documents)
2025-11-20T15:24:52.076+0200	writing newPOSdb.POSProductTypes to 
2025-11-20T15:24:52.092+0200	done dumping POSdb.POSOrderTypes (5 documents)
2025-11-20T15:24:52.093+0200	done dumping POSdbhamdy.POSProductProperties (5 documents)
2025-11-20T15:24:52.093+0200	writing Ofline.POSUsersLogins to 
2025-11-20T15:24:52.097+0200	writing POSdbhamdy.POSItemGroups to 
2025-11-20T15:24:52.098+0200	done dumping Ofline.POSUsersLogins (5 documents)
2025-11-20T15:24:52.100+0200	writing POSdbhamdy.POSMobileOrders to 
2025-11-20T15:24:52.106+0200	done dumping POSdbhamdy.POSItemGroups (5 documents)
2025-11-20T15:24:52.107+0200	writing newPOSdb.POSIncomingUsers to 
2025-11-20T15:24:52.107+0200	done dumping POSdbhamdy.POSMobileOrders (5 documents)
2025-11-20T15:24:52.111+0200	writing newPOSdb.POSOrderPayTypes to 
2025-11-20T15:24:52.114+0200	done dumping newPOSdb.POSIncomingUsers (5 documents)
2025-11-20T15:24:52.115+0200	done dumping newPOSdb.POSOrderPayTypes (5 documents)
2025-11-20T15:24:52.115+0200	writing POSdbhamdy.POSPrinters to 
2025-11-20T15:24:52.116+0200	writing POSdbnew.POSRegionsDeliveryPrices to 
2025-11-20T15:24:52.121+0200	done dumping POSdbnew.POSRegionsDeliveryPrices (5 documents)
2025-11-20T15:24:52.123+0200	writing Quiz.POSVolumes to 
2025-11-20T15:24:52.130+0200	done dumping POSdbhamdy.POSPrinters (5 documents)
2025-11-20T15:24:52.132+0200	writing POSdbnew.POSTaxes to 
2025-11-20T15:24:52.133+0200	done dumping Quiz.POSVolumes (5 documents)
2025-11-20T15:24:52.134+0200	writing POSdb.POSRegions to 
2025-11-20T15:24:52.138+0200	done dumping POSdb.POSRegions (4 documents)
2025-11-20T15:24:52.139+0200	writing POSdbnew.POSPricingClasses to 
2025-11-20T15:24:52.140+0200	done dumping newPOSdb.POSProductTypes (5 documents)
2025-11-20T15:24:52.142+0200	done dumping POSdbnew.POSTaxes (4 documents)
2025-11-20T15:24:52.145+0200	writing Quiz.POSReturnOrderInsurances to 
2025-11-20T15:24:52.146+0200	writing POSdbhamdy.POSOrderPayTypes to 
2025-11-20T15:24:52.151+0200	done dumping POSdbnew.POSPricingClasses (4 documents)
2025-11-20T15:24:52.152+0200	writing Quiz.POSBranches to 
2025-11-20T15:24:52.152+0200	done dumping POSdbhamdy.POSOrderPayTypes (4 documents)
2025-11-20T15:24:52.153+0200	writing POSdb.POSReturnOrders to 
2025-11-20T15:24:52.161+0200	done dumping Quiz.POSBranches (4 documents)
2025-11-20T15:24:52.163+0200	done dumping POSdb.POSReturnOrders (4 documents)
2025-11-20T15:24:52.163+0200	writing POSdbnew.POSCashReceipts to 
2025-11-20T15:24:52.163+0200	done dumping Quiz.POSReturnOrderInsurances (4 documents)
2025-11-20T15:24:52.164+0200	writing POSdb.POSProductTypes to 
2025-11-20T15:24:52.166+0200	writing Quiz.POSTaxes to 
2025-11-20T15:24:52.167+0200	done dumping POSdbnew.POSCashReceipts (4 documents)
2025-11-20T15:24:52.167+0200	writing POSdb.POSTaxes to 
2025-11-20T15:24:52.171+0200	done dumping POSdb.POSProductTypes (4 documents)
2025-11-20T15:24:52.171+0200	done dumping POSdb.POSTaxes (4 documents)
2025-11-20T15:24:52.172+0200	writing POSdb.POSVendors to 
2025-11-20T15:24:52.172+0200	writing POSdbhamdy.POSCancellationReasons to 
2025-11-20T15:24:52.175+0200	done dumping Quiz.POSTaxes (4 documents)
2025-11-20T15:24:52.178+0200	done dumping POSdb.POSVendors (4 documents)
2025-11-20T15:24:52.185+0200	writing newPOSdb.applicationUsers to 
2025-11-20T15:24:52.186+0200	writing Quiz.POSOrderTypes to 
2025-11-20T15:24:52.188+0200	done dumping POSdbhamdy.POSCancellationReasons (4 documents)
2025-11-20T15:24:52.191+0200	writing Quiz.POSEmployees to 
2025-11-20T15:24:52.192+0200	done dumping newPOSdb.applicationUsers (4 documents)
2025-11-20T15:24:52.192+0200	done dumping Quiz.POSOrderTypes (4 documents)
2025-11-20T15:24:52.196+0200	writing Quiz.POSHalls to 
2025-11-20T15:24:52.196+0200	writing Ofline.POSOrderPayTypes to 
2025-11-20T15:24:52.199+0200	done dumping Quiz.POSEmployees (3 documents)
2025-11-20T15:24:52.201+0200	writing POSdb.POSEmployeeGroups to 
2025-11-20T15:24:52.206+0200	done dumping Quiz.POSHalls (3 documents)
2025-11-20T15:24:52.206+0200	done dumping POSdb.POSEmployeeGroups (3 documents)
2025-11-20T15:24:52.209+0200	writing POSdb.POSPricingClasses to 
2025-11-20T15:24:52.210+0200	writing POSdbnew.POSCancellationReasons to 
2025-11-20T15:24:52.213+0200	done dumping POSdbnew.POSCancellationReasons (3 documents)
2025-11-20T15:24:52.214+0200	done dumping Ofline.POSOrderPayTypes (3 documents)
2025-11-20T15:24:52.214+0200	writing newPOSdb.POSReturnOrders to 
2025-11-20T15:24:52.215+0200	writing Quiz.POSItemGroups to 
2025-11-20T15:24:52.216+0200	done dumping POSdb.POSPricingClasses (3 documents)
2025-11-20T15:24:52.216+0200	writing Quiz.POSOrderPayTypes to 
2025-11-20T15:24:52.232+0200	done dumping newPOSdb.POSReturnOrders (3 documents)
2025-11-20T15:24:52.233+0200	done dumping Quiz.POSItemGroups (3 documents)
2025-11-20T15:24:52.235+0200	writing POSdb.POSDrivers to 
2025-11-20T15:24:52.237+0200	writing new.POSPrinters to 
2025-11-20T15:24:52.238+0200	done dumping Quiz.POSOrderPayTypes (3 documents)
2025-11-20T15:24:52.241+0200	writing Quiz.POSCities to 
2025-11-20T15:24:52.243+0200	done dumping POSdb.POSDrivers (3 documents)
2025-11-20T15:24:52.244+0200	done dumping new.POSPrinters (3 documents)
2025-11-20T15:24:52.246+0200	done dumping Quiz.POSCities (3 documents)
2025-11-20T15:24:52.246+0200	writing new.POSOrderPayTypes to 
2025-11-20T15:24:52.246+0200	writing Quiz.POSCashReceipts to 
2025-11-20T15:24:52.246+0200	writing new.POSOrderTypes to 
2025-11-20T15:24:52.254+0200	done dumping new.POSOrderTypes (3 documents)
2025-11-20T15:24:52.256+0200	done dumping new.POSOrderPayTypes (3 documents)
2025-11-20T15:24:52.257+0200	writing POSdbhamdy.POSPointOfSales to 
2025-11-20T15:24:52.259+0200	writing Quiz.POSProductTypes to 
2025-11-20T15:24:52.261+0200	done dumping Quiz.POSCashReceipts (3 documents)
2025-11-20T15:24:52.263+0200	writing Quiz.POSOrderTypeTaxes to 
2025-11-20T15:24:52.267+0200	done dumping Quiz.POSProductTypes (3 documents)
2025-11-20T15:24:52.268+0200	writing POSdb.POSVolumes to 
2025-11-20T15:24:52.275+0200	done dumping Quiz.POSOrderTypeTaxes (3 documents)
2025-11-20T15:24:52.276+0200	done dumping POSdbhamdy.POSPointOfSales (3 documents)
2025-11-20T15:24:52.277+0200	writing POSdb.POSItemGroups to 
2025-11-20T15:24:52.277+0200	writing POSdbnew.POSBranches to 
2025-11-20T15:24:52.283+0200	done dumping POSdb.POSVolumes (3 documents)
2025-11-20T15:24:52.290+0200	writing Ofline.POSOrderTypes to 
2025-11-20T15:24:52.294+0200	done dumping POSdbnew.POSBranches (3 documents)
2025-11-20T15:24:52.295+0200	done dumping Ofline.POSOrderTypes (3 documents)
2025-11-20T15:24:52.296+0200	writing Quiz.POSProductClasses to 
2025-11-20T15:24:52.296+0200	done dumping POSdb.POSItemGroups (3 documents)
2025-11-20T15:24:52.300+0200	writing Quiz.POSPricingClasses to 
2025-11-20T15:24:52.300+0200	writing POSdbnew.POSUsersGroups to 
2025-11-20T15:24:52.307+0200	done dumping Quiz.POSProductClasses (3 documents)
2025-11-20T15:24:52.309+0200	done dumping POSdbnew.POSUsersGroups (2 documents)
2025-11-20T15:24:52.309+0200	writing Quiz.POSCostCenters to 
2025-11-20T15:24:52.310+0200	done dumping Quiz.POSPricingClasses (2 documents)
2025-11-20T15:24:52.310+0200	writing Quiz.POSCustomers to 
2025-11-20T15:24:52.313+0200	writing POSdbnew.POSPointOfSales to 
2025-11-20T15:24:52.315+0200	done dumping Quiz.POSCustomers (2 documents)
2025-11-20T15:24:52.315+0200	done dumping Quiz.POSCostCenters (2 documents)
2025-11-20T15:24:52.316+0200	writing Quiz.POSCountries to 
2025-11-20T15:24:52.317+0200	writing POSdbnew.POSHalls to 
2025-11-20T15:24:52.319+0200	done dumping POSdbnew.POSPointOfSales (2 documents)
2025-11-20T15:24:52.321+0200	done dumping Quiz.POSCountries (2 documents)
2025-11-20T15:24:52.321+0200	writing POSdbhamdy.POSDrivers to 
2025-11-20T15:24:52.323+0200	writing POSdbnew.POSInsurances to 
2025-11-20T15:24:52.325+0200	done dumping POSdbhamdy.POSDrivers (2 documents)
2025-11-20T15:24:52.327+0200	done dumping POSdbnew.POSHalls (2 documents)
2025-11-20T15:24:52.329+0200	writing POSdbhamdy.POSWorkTime to 
2025-11-20T15:24:52.330+0200	writing POSdbhamdy.POSVolumes to 
2025-11-20T15:24:52.330+0200	done dumping POSdbnew.POSInsurances (2 documents)
2025-11-20T15:24:52.332+0200	writing POSdbnew.POSCustomerGroups to 
2025-11-20T15:24:52.333+0200	done dumping POSdbhamdy.POSWorkTime (2 documents)
2025-11-20T15:24:52.333+0200	done dumping POSdbhamdy.POSVolumes (2 documents)
2025-11-20T15:24:52.336+0200	writing new.POSProductTypes to 
2025-11-20T15:24:52.336+0200	writing Ofline.POSOrders to 
2025-11-20T15:24:52.336+0200	done dumping POSdbnew.POSCustomerGroups (2 documents)
2025-11-20T15:24:52.337+0200	writing POSdbnew.POSPermissions to 
2025-11-20T15:24:52.344+0200	done dumping new.POSProductTypes (2 documents)
2025-11-20T15:24:52.345+0200	writing new.POSUsersGroups to 
2025-11-20T15:24:52.361+0200	done dumping Ofline.POSOrders (2 documents)
2025-11-20T15:24:52.362+0200	done dumping new.POSUsersGroups (2 documents)
2025-11-20T15:24:52.362+0200	writing new.POSDrivers to 
2025-11-20T15:24:52.362+0200	done dumping POSdbnew.POSPermissions (2 documents)
2025-11-20T15:24:52.363+0200	writing new.POSBranches to 
2025-11-20T15:24:52.363+0200	writing new.POSTaxes to 
2025-11-20T15:24:52.364+0200	done dumping new.POSTaxes (2 documents)
2025-11-20T15:24:52.364+0200	done dumping new.POSBranches (2 documents)
2025-11-20T15:24:52.366+0200	writing POSdbhamdy.POSFollowOrderSettings to 
2025-11-20T15:24:52.366+0200	done dumping new.POSDrivers (2 documents)
2025-11-20T15:24:52.366+0200	writing new.POSPointOfSales to 
2025-11-20T15:24:52.367+0200	writing POSdbhamdy.POSUsersGroups to 
2025-11-20T15:24:52.371+0200	done dumping POSdbhamdy.POSFollowOrderSettings (2 documents)
2025-11-20T15:24:52.372+0200	done dumping new.POSPointOfSales (2 documents)
2025-11-20T15:24:52.373+0200	writing new.POSIncomingUsers to 
2025-11-20T15:24:52.373+0200	done dumping POSdbhamdy.POSUsersGroups (2 documents)
2025-11-20T15:24:52.373+0200	writing POSdbnew.POSWorkTime to 
2025-11-20T15:24:52.373+0200	writing POSdbhamdy.POSCustomerGroups to 
2025-11-20T15:24:52.377+0200	done dumping POSdbnew.POSWorkTime (2 documents)
2025-11-20T15:24:52.377+0200	done dumping new.POSIncomingUsers (2 documents)
2025-11-20T15:24:52.378+0200	done dumping POSdbhamdy.POSCustomerGroups (2 documents)
2025-11-20T15:24:52.378+0200	writing new.POSEmployees to 
2025-11-20T15:24:52.378+0200	writing POSdb.POSPermissions to 
2025-11-20T15:24:52.379+0200	writing new.POSUsersLogins to 
2025-11-20T15:24:52.381+0200	done dumping new.POSEmployees (2 documents)
2025-11-20T15:24:52.382+0200	done dumping new.POSUsersLogins (2 documents)
2025-11-20T15:24:52.382+0200	writing new.POSOpenDays to 
2025-11-20T15:24:52.382+0200	writing POSdbhamdy.POSOrderTypes to 
2025-11-20T15:24:52.388+0200	done dumping POSdbhamdy.POSOrderTypes (2 documents)
2025-11-20T15:24:52.388+0200	done dumping new.POSOpenDays (2 documents)
2025-11-20T15:24:52.388+0200	done dumping POSdb.POSPermissions (2 documents)
2025-11-20T15:24:52.389+0200	writing newPOSdb.POSCustomerGroups to 
2025-11-20T15:24:52.389+0200	writing Ofline.POSProductTypes to 
2025-11-20T15:24:52.389+0200	writing POSdb.POSInsurances to 
2025-11-20T15:24:52.394+0200	done dumping POSdb.POSInsurances (2 documents)
2025-11-20T15:24:52.394+0200	done dumping Ofline.POSProductTypes (2 documents)
2025-11-20T15:24:52.394+0200	writing POSdb.POSPointOfSales to 
2025-11-20T15:24:52.394+0200	done dumping newPOSdb.POSCustomerGroups (2 documents)
2025-11-20T15:24:52.394+0200	writing POSdb.POSUsersGroups to 
2025-11-20T15:24:52.410+0200	writing POSdb.POSCustomerGroups to 
2025-11-20T15:24:52.413+0200	done dumping POSdb.POSPointOfSales (2 documents)
2025-11-20T15:24:52.416+0200	writing POSdb.POSBranches to 
2025-11-20T15:24:52.419+0200	done dumping POSdb.POSCustomerGroups (2 documents)
2025-11-20T15:24:52.420+0200	writing newPOSdb.POSHalls to 
2025-11-20T15:24:52.422+0200	done dumping POSdb.POSUsersGroups (2 documents)
2025-11-20T15:24:52.424+0200	done dumping newPOSdb.POSHalls (2 documents)
2025-11-20T15:24:52.427+0200	done dumping POSdb.POSBranches (2 documents)
2025-11-20T15:24:52.428+0200	writing POSdbhamdy.POSPermissions to 
2025-11-20T15:24:52.429+0200	writing Quiz.POSGovernments to 
2025-11-20T15:24:52.429+0200	writing newPOSdb.POSEmployeeGroups to 
2025-11-20T15:24:52.442+0200	done dumping POSdbhamdy.POSPermissions (2 documents)
2025-11-20T15:24:52.443+0200	writing POSdb.POSOrderInsurances to 
2025-11-20T15:24:52.444+0200	done dumping Quiz.POSGovernments (2 documents)
2025-11-20T15:24:52.444+0200	done dumping newPOSdb.POSEmployeeGroups (2 documents)
2025-11-20T15:24:52.444+0200	writing Quiz.POSBackups to 
2025-11-20T15:24:52.447+0200	writing Quiz.POSInsurances to 
2025-11-20T15:24:52.451+0200	done dumping Quiz.POSInsurances (1 document)
2025-11-20T15:24:52.453+0200	done dumping Quiz.POSBackups (1 document)
2025-11-20T15:24:52.454+0200	writing Quiz.POSNotes to 
2025-11-20T15:24:52.454+0200	writing Quiz.applicationRoles to 
2025-11-20T15:24:52.464+0200	done dumping POSdb.POSOrderInsurances (1 document)
2025-11-20T15:24:52.468+0200	writing Quiz.applicationUsers to 
2025-11-20T15:24:52.477+0200	done dumping Quiz.applicationRoles (1 document)
2025-11-20T15:24:52.478+0200	done dumping Quiz.POSNotes (1 document)
2025-11-20T15:24:52.478+0200	writing Quiz.POSFoodPlans to 
2025-11-20T15:24:52.481+0200	writing POSdbnew.POSComboProducts to 
2025-11-20T15:24:52.482+0200	done dumping Quiz.applicationUsers (1 document)
2025-11-20T15:24:52.484+0200	writing Quiz.POSMyPoints to 
2025-11-20T15:24:52.487+0200	done dumping POSdbnew.POSComboProducts (1 document)
2025-11-20T15:24:52.488+0200	writing Quiz.POSEmployeeGroups to 
2025-11-20T15:24:52.489+0200	done dumping Quiz.POSFoodPlans (1 document)
2025-11-20T15:24:52.490+0200	writing POSdbnew.POSMinimumCharges to 
2025-11-20T15:24:52.491+0200	done dumping Quiz.POSEmployeeGroups (1 document)
2025-11-20T15:24:52.492+0200	writing POSdbnew.POSSettings to 
2025-11-20T15:24:52.493+0200	done dumping Quiz.POSMyPoints (1 document)
2025-11-20T15:24:52.499+0200	writing POSdbnew.POSFoodPlans to 
2025-11-20T15:24:52.503+0200	done dumping POSdbnew.POSFoodPlans (1 document)
2025-11-20T15:24:52.504+0200	writing Ofline.POSIncomingUsers to 
2025-11-20T15:24:52.504+0200	done dumping POSdbnew.POSMinimumCharges (1 document)
2025-11-20T15:24:52.507+0200	writing Quiz.POSPermissions to 
2025-11-20T15:24:52.508+0200	done dumping Ofline.POSIncomingUsers (1 document)
2025-11-20T15:24:52.509+0200	writing Ofline.POSOpenDays to 
2025-11-20T15:24:52.518+0200	done dumping Ofline.POSOpenDays (1 document)
2025-11-20T15:24:52.518+0200	done dumping POSdbnew.POSSettings (1 document)
2025-11-20T15:24:52.519+0200	writing POSdbnew.POSCountries to 
2025-11-20T15:24:52.520+0200	done dumping Quiz.POSPermissions (1 document)
2025-11-20T15:24:52.520+0200	writing POSdbnew.applicationRoles to 
2025-11-20T15:24:52.527+0200	writing Quiz.POSUpdateData to 
2025-11-20T15:24:52.530+0200	done dumping Quiz.POSUpdateData (1 document)
2025-11-20T15:24:52.532+0200	writing POSdbnew.POSReturnOrders to 
2025-11-20T15:24:52.532+0200	done dumping POSdbnew.POSCountries (1 document)
2025-11-20T15:24:52.532+0200	writing Quiz.POSMinimumCharges to 
2025-11-20T15:24:52.535+0200	done dumping POSdbnew.applicationRoles (1 document)
2025-11-20T15:24:52.536+0200	done dumping Quiz.POSMinimumCharges (1 document)
2025-11-20T15:24:52.536+0200	done dumping POSdbnew.POSReturnOrders (1 document)
2025-11-20T15:24:52.539+0200	writing Quiz.POSRMSConnSettings to 
2025-11-20T15:24:52.540+0200	writing Quiz.POSWorkTime to 
2025-11-20T15:24:52.540+0200	writing Ofline.POSRMSConnSettings to 
2025-11-20T15:24:52.543+0200	done dumping Quiz.POSWorkTime (1 document)
2025-11-20T15:24:52.548+0200	writing POSdbnew.POSDrivers to 
2025-11-20T15:24:52.550+0200	done dumping Ofline.POSRMSConnSettings (1 document)
2025-11-20T15:24:52.552+0200	done dumping Quiz.POSRMSConnSettings (1 document)
2025-11-20T15:24:52.552+0200	writing POSdbnew.POSCities to 
2025-11-20T15:24:52.554+0200	done dumping POSdbnew.POSDrivers (1 document)
2025-11-20T15:24:52.554+0200	writing POSdbnew.POSUpdateData to 
2025-11-20T15:24:52.554+0200	writing Quiz.POSSettings to 
2025-11-20T15:24:52.562+0200	done dumping POSdbnew.POSCities (1 document)
2025-11-20T15:24:52.562+0200	done dumping POSdbnew.POSUpdateData (1 document)
2025-11-20T15:24:52.562+0200	done dumping Quiz.POSSettings (1 document)
2025-11-20T15:24:52.563+0200	writing POSdbnew.POSBackups to 
2025-11-20T15:24:52.574+0200	writing Ofline.POSPointOfSales to 
2025-11-20T15:24:52.579+0200	done dumping Ofline.POSPointOfSales (1 document)
2025-11-20T15:24:52.581+0200	writing POSdbnew.POSProductClasses to 
2025-11-20T15:24:52.582+0200	writing POSdbnew.POSMyPoints to 
2025-11-20T15:24:52.588+0200	done dumping POSdbnew.POSBackups (1 document)
2025-11-20T15:24:52.590+0200	writing Quiz.POSCancellationReasons to 
2025-11-20T15:24:52.594+0200	done dumping POSdbnew.POSProductClasses (1 document)
2025-11-20T15:24:52.594+0200	done dumping POSdbnew.POSMyPoints (1 document)
2025-11-20T15:24:52.594+0200	writing Ofline.POSMinimumCharges to 
2025-11-20T15:24:52.595+0200	writing Quiz.POSVendors to 
2025-11-20T15:24:52.599+0200	done dumping Quiz.POSCancellationReasons (1 document)
2025-11-20T15:24:52.600+0200	done dumping Ofline.POSMinimumCharges (1 document)
2025-11-20T15:24:52.600+0200	writing Ofline.POSMyPoints to 
2025-11-20T15:24:52.602+0200	writing POSdbnew.POSFavoritescreens to 
2025-11-20T15:24:52.604+0200	done dumping Ofline.POSMyPoints (1 document)
2025-11-20T15:24:52.604+0200	done dumping Quiz.POSVendors (1 document)
2025-11-20T15:24:52.607+0200	writing Quiz.POSRegions to 
2025-11-20T15:24:52.608+0200	writing POSdbnew.POSCompanies to 
2025-11-20T15:24:52.616+0200	done dumping POSdbnew.POSFavoritescreens (1 document)
2025-11-20T15:24:52.618+0200	writing Quiz.POSPointOfSales to 
2025-11-20T15:24:52.620+0200	done dumping Quiz.POSRegions (1 document)
2025-11-20T15:24:52.621+0200	done dumping POSdbnew.POSCompanies (1 document)
2025-11-20T15:24:52.621+0200	writing POSdbnew.POSGovernments to 
2025-11-20T15:24:52.624+0200	writing POSdbnew.POSRMSConnSettings to 
2025-11-20T15:24:52.625+0200	done dumping Quiz.POSPointOfSales (1 document)
2025-11-20T15:24:52.629+0200	writing POSdbnew.POSPrinters to 
2025-11-20T15:24:52.633+0200	done dumping POSdbnew.POSGovernments (1 document)
2025-11-20T15:24:52.638+0200	writing Ofline.POSPricingClasses to 
2025-11-20T15:24:52.639+0200	done dumping POSdbnew.POSRMSConnSettings (1 document)
2025-11-20T15:24:52.640+0200	writing POSdbhamdy.POSStocks to 
2025-11-20T15:24:52.644+0200	done dumping Ofline.POSPricingClasses (1 document)
2025-11-20T15:24:52.646+0200	writing Quiz.POSCompanies to 
2025-11-20T15:24:52.646+0200	done dumping POSdbnew.POSPrinters (1 document)
2025-11-20T15:24:52.646+0200	writing Quiz.POSPrinters to 
2025-11-20T15:24:52.646+0200	done dumping POSdbhamdy.POSStocks (1 document)
2025-11-20T15:24:52.647+0200	writing Quiz.POSUsersGroups to 
2025-11-20T15:24:52.650+0200	done dumping Quiz.POSCompanies (1 document)
2025-11-20T15:24:52.651+0200	done dumping Quiz.POSPrinters (1 document)
2025-11-20T15:24:52.657+0200	writing POSdbhamdy.POSBranches to 
2025-11-20T15:24:52.658+0200	writing Quiz.POSDrivers to 
2025-11-20T15:24:52.659+0200	done dumping Quiz.POSUsersGroups (1 document)
2025-11-20T15:24:52.660+0200	writing Ofline.POSBranches to 
2025-11-20T15:24:52.661+0200	done dumping Quiz.POSDrivers (1 document)
2025-11-20T15:24:52.662+0200	writing Ofline.POSSettings to 
2025-11-20T15:24:52.664+0200	done dumping Ofline.POSBranches (1 document)
2025-11-20T15:24:52.669+0200	writing new.POSCustomers to 
2025-11-20T15:24:52.669+0200	done dumping Ofline.POSSettings (1 document)
2025-11-20T15:24:52.679+0200	writing new.POSMyPoints to 
2025-11-20T15:24:52.682+0200	done dumping new.POSCustomers (1 document)
2025-11-20T15:24:52.684+0200	done dumping new.POSMyPoints (1 document)
2025-11-20T15:24:52.686+0200	writing new.POSMinimumCharges to 
2025-11-20T15:24:52.687+0200	writing Ofline.POSCustomerGroups to 
2025-11-20T15:24:52.689+0200	done dumping new.POSMinimumCharges (1 document)
2025-11-20T15:24:52.690+0200	writing Ofline.POSBackups to 
2025-11-20T15:24:52.694+0200	done dumping Ofline.POSCustomerGroups (1 document)
2025-11-20T15:24:52.696+0200	done dumping POSdbhamdy.POSBranches (1 document)
2025-11-20T15:24:52.698+0200	writing POSdbhamdy.POSUpdateData to 
2025-11-20T15:24:52.698+0200	writing POSdbhamdy.POSPricingClasses to 
2025-11-20T15:24:52.704+0200	done dumping POSdbhamdy.POSUpdateData (1 document)
2025-11-20T15:24:52.705+0200	writing POSdbhamdy.POSProductClasses to 
2025-11-20T15:24:52.706+0200	done dumping Ofline.POSBackups (1 document)
2025-11-20T15:24:52.714+0200	done dumping POSdbhamdy.POSProductClasses (1 document)
2025-11-20T15:24:52.722+0200	writing POSdb.POSCashReceipts to 
2025-11-20T15:24:52.727+0200	writing new.applicationUsers to 
2025-11-20T15:24:52.729+0200	done dumping POSdbhamdy.POSPricingClasses (1 document)
2025-11-20T15:24:52.730+0200	done dumping POSdb.POSCashReceipts (1 document)
2025-11-20T15:24:52.730+0200	writing POSdbhamdy.POSRMSConnSettings to 
2025-11-20T15:24:52.731+0200	done dumping new.applicationUsers (1 document)
2025-11-20T15:24:52.731+0200	writing new.POSCustomerGroups to 
2025-11-20T15:24:52.732+0200	writing new.POSBackups to 
2025-11-20T15:24:52.733+0200	done dumping new.POSCustomerGroups (1 document)
2025-11-20T15:24:52.733+0200	done dumping POSdbhamdy.POSRMSConnSettings (1 document)
2025-11-20T15:24:52.734+0200	writing POSdb.POSFollowOrderSettings to 
2025-11-20T15:24:52.747+0200	writing new.POSPricingClasses to 
2025-11-20T15:24:52.748+0200	done dumping new.POSBackups (1 document)
2025-11-20T15:24:52.764+0200	writing POSdbhamdy.POSCountries to 
2025-11-20T15:24:52.770+0200	done dumping POSdb.POSFollowOrderSettings (1 document)
2025-11-20T15:24:52.773+0200	done dumping POSdbhamdy.POSCountries (1 document)
2025-11-20T15:24:52.775+0200	done dumping new.POSPricingClasses (1 document)
2025-11-20T15:24:52.775+0200	writing new.POSRegions to 
2025-11-20T15:24:52.780+0200	writing new.POSUpdateData to 
2025-11-20T15:24:52.780+0200	writing POSdbhamdy.POSMinimumCharges to 
2025-11-20T15:24:52.782+0200	done dumping new.POSRegions (1 document)
2025-11-20T15:24:52.783+0200	done dumping POSdbhamdy.POSMinimumCharges (1 document)
2025-11-20T15:24:52.784+0200	done dumping new.POSUpdateData (1 document)
2025-11-20T15:24:52.784+0200	writing POSdbhamdy.POSBarcodeSettings to 
2025-11-20T15:24:52.786+0200	writing POSdbhamdy.POSProductTypes to 
2025-11-20T15:24:52.793+0200	done dumping POSdbhamdy.POSBarcodeSettings (1 document)
2025-11-20T15:24:52.798+0200	done dumping POSdbhamdy.POSProductTypes (1 document)
2025-11-20T15:24:52.799+0200	writing new.POSSettings to 
2025-11-20T15:24:52.800+0200	writing new.POSRMSConnSettings to 
2025-11-20T15:24:52.803+0200	done dumping new.POSRMSConnSettings (1 document)
2025-11-20T15:24:52.804+0200	writing new.POSHalls to 
2025-11-20T15:24:52.806+0200	writing POSdbhamdy.POSBackups to 
2025-11-20T15:24:52.814+0200	done dumping POSdbhamdy.POSBackups (1 document)
2025-11-20T15:24:52.823+0200	writing new.POSWorkTime to 
2025-11-20T15:24:52.823+0200	done dumping new.POSSettings (1 document)
2025-11-20T15:24:52.828+0200	done dumping new.POSHalls (1 document)
2025-11-20T15:24:52.828+0200	writing new.applicationRoles to 
2025-11-20T15:24:52.832+0200	writing POSdbhamdy.POSCities to 
2025-11-20T15:24:52.833+0200	done dumping new.POSWorkTime (1 document)
2025-11-20T15:24:52.834+0200	done dumping new.applicationRoles (1 document)
2025-11-20T15:24:52.834+0200	writing POSdbhamdy.POSSettings to 
2025-11-20T15:24:52.834+0200	writing POSdbhamdy.POSMyPoints to 
2025-11-20T15:24:52.845+0200	done dumping POSdbhamdy.POSCities (1 document)
2025-11-20T15:24:52.858+0200	writing POSdb.POSBackups to 
2025-11-20T15:24:52.864+0200	done dumping POSdb.POSBackups (1 document)
2025-11-20T15:24:52.865+0200	writing POSdbhamdy.applicationRoles to 
2025-11-20T15:24:52.879+0200	done dumping POSdbhamdy.POSSettings (1 document)
2025-11-20T15:24:52.882+0200	writing newPOSdb.POSUsersGroups to 
2025-11-20T15:24:52.882+0200	done dumping POSdbhamdy.applicationRoles (1 document)
2025-11-20T15:24:52.882+0200	done dumping POSdbhamdy.POSMyPoints (1 document)
2025-11-20T15:24:52.883+0200	writing newPOSdb.POSCancellationReasons to 
2025-11-20T15:24:52.888+0200	writing POSdbhamdy.POSCompanies to 
2025-11-20T15:24:52.890+0200	done dumping newPOSdb.POSUsersGroups (1 document)
2025-11-20T15:24:52.890+0200	writing Ofline.POSUpdateData to 
2025-11-20T15:24:52.891+0200	done dumping newPOSdb.POSCancellationReasons (1 document)
2025-11-20T15:24:52.893+0200	writing newPOSdb.POSPointOfSales to 
2025-11-20T15:24:52.893+0200	done dumping Ofline.POSUpdateData (1 document)
2025-11-20T15:24:52.894+0200	writing newPOSdb.POSOpenDays to 
2025-11-20T15:24:52.896+0200	done dumping POSdbhamdy.POSCompanies (1 document)
2025-11-20T15:24:52.899+0200	writing newPOSdb.POSBackups to 
2025-11-20T15:24:52.926+0200	done dumping newPOSdb.POSPointOfSales (1 document)
2025-11-20T15:24:52.933+0200	writing newPOSdb.POSMyPoints to 
2025-11-20T15:24:52.936+0200	done dumping newPOSdb.POSBackups (1 document)
2025-11-20T15:24:52.937+0200	done dumping newPOSdb.POSOpenDays (1 document)
2025-11-20T15:24:52.938+0200	done dumping newPOSdb.POSMyPoints (1 document)
2025-11-20T15:24:52.938+0200	writing newPOSdb.POSCountries to 
2025-11-20T15:24:52.941+0200	writing newPOSdb.applicationRoles to 
2025-11-20T15:24:52.942+0200	writing Ofline.applicationUsers to 
2025-11-20T15:24:52.942+0200	done dumping newPOSdb.POSCountries (1 document)
2025-11-20T15:24:52.943+0200	writing POSdbhamdy.POSGovernments to 
2025-11-20T15:24:52.944+0200	done dumping newPOSdb.applicationRoles (1 document)
2025-11-20T15:24:52.945+0200	done dumping Ofline.applicationUsers (1 document)
2025-11-20T15:24:52.945+0200	writing newPOSdb.POSWorkTime to 
2025-11-20T15:24:52.946+0200	writing newPOSdb.POSSettings to 
2025-11-20T15:24:52.947+0200	done dumping POSdbhamdy.POSGovernments (1 document)
2025-11-20T15:24:52.954+0200	done dumping newPOSdb.POSWorkTime (1 document)
2025-11-20T15:24:52.955+0200	writing POSdb.POSHalls to 
2025-11-20T15:24:52.964+0200	done dumping POSdb.POSHalls (1 document)
2025-11-20T15:24:52.967+0200	writing POSdb.POSGovernments to 
2025-11-20T15:24:52.967+0200	writing newPOSdb.POSPermissions to 
2025-11-20T15:24:52.975+0200	done dumping newPOSdb.POSSettings (1 document)
2025-11-20T15:24:52.976+0200	done dumping POSdb.POSGovernments (1 document)
2025-11-20T15:24:52.976+0200	writing POSdb.POSReturnOrderInsurances to 
2025-11-20T15:24:52.978+0200	done dumping POSdb.POSReturnOrderInsurances (1 document)
2025-11-20T15:24:52.979+0200	writing Ofline.applicationRoles to 
2025-11-20T15:24:52.981+0200	writing newPOSdb.POSGovernments to 
2025-11-20T15:24:52.982+0200	done dumping Ofline.applicationRoles (1 document)
2025-11-20T15:24:52.999+0200	writing POSdb.POSCountries to 
2025-11-20T15:24:53.005+0200	done dumping newPOSdb.POSGovernments (1 document)
2025-11-20T15:24:53.006+0200	writing newPOSdb.POSCompanies to 
2025-11-20T15:24:53.007+0200	done dumping POSdb.POSCountries (1 document)
2025-11-20T15:24:53.008+0200	writing POSdb.POSWorkTime to 
2025-11-20T15:24:53.012+0200	done dumping newPOSdb.POSCompanies (1 document)
2025-11-20T15:24:53.013+0200	done dumping POSdb.POSWorkTime (1 document)
2025-11-20T15:24:53.013+0200	writing newPOSdb.POSItemGroups to 
2025-11-20T15:24:53.023+0200	done dumping newPOSdb.POSPermissions (1 document)
2025-11-20T15:24:53.024+0200	writing POSdb.POSUpdateData to 
2025-11-20T15:24:53.026+0200	writing Ofline.POSWorkTime to 
2025-11-20T15:24:53.030+0200	done dumping Ofline.POSWorkTime (1 document)
2025-11-20T15:24:53.031+0200	done dumping POSdb.POSUpdateData (1 document)
2025-11-20T15:24:53.031+0200	writing POSdb.POSRMSConnSettings to 
2025-11-20T15:24:53.032+0200	writing POSdb.POSMinimumCharges to 
2025-11-20T15:24:53.037+0200	done dumping POSdb.POSRMSConnSettings (1 document)
2025-11-20T15:24:53.039+0200	done dumping newPOSdb.POSItemGroups (1 document)
2025-11-20T15:24:53.040+0200	writing POSdb.POSCompanies to 
2025-11-20T15:24:53.041+0200	writing POSdb.POSCities to 
2025-11-20T15:24:53.085+0200	done dumping POSdb.POSCities (1 document)
2025-11-20T15:24:53.085+0200	done dumping POSdb.POSMinimumCharges (1 document)
2025-11-20T15:24:53.085+0200	done dumping POSdb.POSCompanies (1 document)
2025-11-20T15:24:53.085+0200	writing POSdb.POSMyPoints to 
2025-11-20T15:24:53.085+0200	writing newPOSdb.POSTaxes to 
2025-11-20T15:24:53.086+0200	writing newPOSdb.POSMinimumCharges to 
2025-11-20T15:24:53.091+0200	done dumping POSdb.POSMyPoints (1 document)
2025-11-20T15:24:53.091+0200	done dumping newPOSdb.POSTaxes (1 document)
2025-11-20T15:24:53.092+0200	writing POSdb.POSPrinters to 
2025-11-20T15:24:53.094+0200	done dumping newPOSdb.POSMinimumCharges (1 document)
2025-11-20T15:24:53.095+0200	writing POSdb.POSCancellationReasons to 
2025-11-20T15:24:53.097+0200	done dumping POSdb.POSPrinters (1 document)
2025-11-20T15:24:53.097+0200	writing POSdb.POSSettings to 
2025-11-20T15:24:53.099+0200	writing newPOSdb.POSVolumes to 
2025-11-20T15:24:53.113+0200	done dumping POSdb.POSCancellationReasons (1 document)
2025-11-20T15:24:53.115+0200	writing newPOSdb.POSRMSConnSettings to 
2025-11-20T15:24:53.118+0200	done dumping newPOSdb.POSVolumes (1 document)
2025-11-20T15:24:53.121+0200	done dumping newPOSdb.POSRMSConnSettings (1 document)
2025-11-20T15:24:53.122+0200	writing POSdb.applicationRoles to 
2025-11-20T15:24:53.122+0200	done dumping POSdb.POSSettings (1 document)
2025-11-20T15:24:53.122+0200	writing newPOSdb.POSUpdateData to 
2025-11-20T15:24:53.123+0200	writing Quiz.POSOrderETaxs to 
2025-11-20T15:24:53.127+0200	done dumping POSdb.applicationRoles (1 document)
2025-11-20T15:24:53.131+0200	writing POSdbnew.POSOrderETaxs to 
2025-11-20T15:24:53.153+0200	done dumping Quiz.POSOrderETaxs (0 documents)
2025-11-20T15:24:53.153+0200	done dumping newPOSdb.POSUpdateData (1 document)
2025-11-20T15:24:53.156+0200	done dumping POSdbnew.POSOrderETaxs (0 documents)
2025-11-20T15:24:54.828+0200	[########################]  POSdbhamdy.POSOrders  11550/11550  (100.0%)
2025-11-20T15:24:54.829+0200	done dumping POSdbhamdy.POSOrders (11550 documents)
fail: Microsoft.AspNetCore.Diagnostics.DeveloperExceptionPageMiddleware[1]
      An unhandled exception has occurred while executing the request.
System.NullReferenceException: Object reference not set to an instance of an object.
   at POS.Service.FavoriteScreenService.GetFavoriteScreenList() in F:\Repos\POS_BackEnd\POS.Service\FavoriteScreenService.cs:line 43
   at POS.Web.Controllers.FavoriteScreenController.GetFavoriteScreenList() in F:\Repos\POS_BackEnd\POS.Web\Controllers\FavoriteScreenController.cs:line 29
   at Microsoft.AspNetCore.Mvc.Infrastructure.ActionMethodExecutor.SyncObjectResultExecutor.Execute(IActionResultTypeMapper mapper, ObjectMethodExecutor executor, Object controller, Object[] arguments)
   at Microsoft.AspNetCore.Mvc.Infrastructure.ControllerActionInvoker.InvokeActionMethodAsync()
   at Microsoft.AspNetCore.Mvc.Infrastructure.ControllerActionInvoker.Next(State& next, Scope& scope, Object& state, Boolean& isCompleted)
   at Microsoft.AspNetCore.Mvc.Infrastructure.ControllerActionInvoker.InvokeNextActionFilterAsync()
--- End of stack trace from previous location where exception was thrown ---
   at Microsoft.AspNetCore.Mvc.Infrastructure.ControllerActionInvoker.Rethrow(ActionExecutedContextSealed context)
   at Microsoft.AspNetCore.Mvc.Infrastructure.ControllerActionInvoker.Next(State& next, Scope& scope, Object& state, Boolean& isCompleted)
   at Microsoft.AspNetCore.Mvc.Infrastructure.ControllerActionInvoker.InvokeInnerFilterAsync()
--- End of stack trace from previous location where exception was thrown ---
   at Microsoft.AspNetCore.Mvc.Infrastructure.ResourceInvoker.<InvokeFilterPipelineAsync>g__Awaited|19_0(ResourceInvoker invoker, Task lastTask, State next, Scope scope, Object state, Boolean isCompleted)
   at Microsoft.AspNetCore.Mvc.Infrastructure.ResourceInvoker.<InvokeAsync>g__Awaited|17_0(ResourceInvoker invoker, Task task, IDisposable scope)
   at Microsoft.AspNetCore.Routing.EndpointMiddleware.<Invoke>g__AwaitRequestTask|6_0(Endpoint endpoint, Task requestTask, ILogger logger)
   at Microsoft.AspNetCore.Authorization.AuthorizationMiddleware.Invoke(HttpContext context)
   at Microsoft.AspNetCore.Authentication.AuthenticationMiddleware.Invoke(HttpContext context)
   at POS.BAL.CustomExceptionMiddleware.ExceptionMiddleware.InvokeAsync(HttpContext httpContext) in F:\Repos\POS_BackEnd\POS.BAL\CustomExceptionMiddleware\ExceptionMiddleware.cs:line 52
   at SaasKit.Multitenancy.Internal.TenantResolutionMiddleware`1.Invoke(HttpContext context, ITenantResolver`1 tenantResolver)
   at POS.Web.Helpers.TokenManagerMiddleware.InvokeAsync(HttpContext context, RequestDelegate next) in F:\Repos\POS_BackEnd\POS.Web\Helpers\TokenManagerMiddleware.cs:line 32
   at Microsoft.AspNetCore.Builder.UseMiddlewareExtensions.<>c__DisplayClass5_1.<<UseMiddlewareInterface>b__1>d.MoveNext()
--- End of stack trace from previous location where exception was thrown ---
   at Swashbuckle.AspNetCore.SwaggerUI.SwaggerUIMiddleware.Invoke(HttpContext httpContext)
   at Swashbuckle.AspNetCore.Swagger.SwaggerMiddleware.Invoke(HttpContext httpContext, ISwaggerProvider swaggerProvider)
   at Microsoft.AspNetCore.Diagnostics.DeveloperExceptionPageMiddleware.Invoke(HttpContext context)
fail: Microsoft.AspNetCore.Diagnostics.DeveloperExceptionPageMiddleware[1]
      An unhandled exception has occurred while executing the request.
System.InvalidOperationException: Sequence contains no matching element
   at System.Linq.ThrowHelper.ThrowNoMatchException()
   at System.Linq.Enumerable.First[TSource](IEnumerable`1 source, Func`2 predicate)
   at POS.Web.Controllers.UserLoginController.GetByDocumentID(String id) in F:\Repos\POS_BackEnd\POS.Web\Controllers\UserLoginController.cs:line 41
   at lambda_method(Closure , Object )
   at Microsoft.AspNetCore.Mvc.Infrastructure.ActionMethodExecutor.AwaitableObjectResultExecutor.Execute(IActionResultTypeMapper mapper, ObjectMethodExecutor executor, Object controller, Object[] arguments)
   at Microsoft.AspNetCore.Mvc.Infrastructure.ControllerActionInvoker.<InvokeActionMethodAsync>g__Awaited|12_0(ControllerActionInvoker invoker, ValueTask`1 actionResultValueTask)
   at Microsoft.AspNetCore.Mvc.Infrastructure.ControllerActionInvoker.<InvokeNextActionFilterAsync>g__Awaited|10_0(ControllerActionInvoker invoker, Task lastTask, State next, Scope scope, Object state, Boolean isCompleted)
   at Microsoft.AspNetCore.Mvc.Infrastructure.ControllerActionInvoker.Rethrow(ActionExecutedContextSealed context)
   at Microsoft.AspNetCore.Mvc.Infrastructure.ControllerActionInvoker.Next(State& next, Scope& scope, Object& state, Boolean& isCompleted)
   at Microsoft.AspNetCore.Mvc.Infrastructure.ControllerActionInvoker.InvokeInnerFilterAsync()
--- End of stack trace from previous location where exception was thrown ---
   at Microsoft.AspNetCore.Mvc.Infrastructure.ResourceInvoker.<InvokeFilterPipelineAsync>g__Awaited|19_0(ResourceInvoker invoker, Task lastTask, State next, Scope scope, Object state, Boolean isCompleted)
   at Microsoft.AspNetCore.Mvc.Infrastructure.ResourceInvoker.<InvokeAsync>g__Awaited|17_0(ResourceInvoker invoker, Task task, IDisposable scope)
   at Microsoft.AspNetCore.Routing.EndpointMiddleware.<Invoke>g__AwaitRequestTask|6_0(Endpoint endpoint, Task requestTask, ILogger logger)
   at Microsoft.AspNetCore.Authorization.AuthorizationMiddleware.Invoke(HttpContext context)
   at Microsoft.AspNetCore.Authentication.AuthenticationMiddleware.Invoke(HttpContext context)
   at POS.BAL.CustomExceptionMiddleware.ExceptionMiddleware.InvokeAsync(HttpContext httpContext) in F:\Repos\POS_BackEnd\POS.BAL\CustomExceptionMiddleware\ExceptionMiddleware.cs:line 52
   at SaasKit.Multitenancy.Internal.TenantResolutionMiddleware`1.Invoke(HttpContext context, ITenantResolver`1 tenantResolver)
   at POS.Web.Helpers.TokenManagerMiddleware.InvokeAsync(HttpContext context, RequestDelegate next) in F:\Repos\POS_BackEnd\POS.Web\Helpers\TokenManagerMiddleware.cs:line 32
   at Microsoft.AspNetCore.Builder.UseMiddlewareExtensions.<>c__DisplayClass5_1.<<UseMiddlewareInterface>b__1>d.MoveNext()
--- End of stack trace from previous location where exception was thrown ---
   at Swashbuckle.AspNetCore.SwaggerUI.SwaggerUIMiddleware.Invoke(HttpContext httpContext)
   at Swashbuckle.AspNetCore.Swagger.SwaggerMiddleware.Invoke(HttpContext httpContext, ISwaggerProvider swaggerProvider)
   at Microsoft.AspNetCore.Diagnostics.DeveloperExceptionPageMiddleware.Invoke(HttpContext context)
info: Microsoft.Hosting.Lifetime[0]
      Application is shutting down...
