info: Microsoft.Hosting.Lifetime[0]
      Application started. Press Ctrl+C to shut down.
info: Microsoft.Hosting.Lifetime[0]
      Hosting environment: Production
info: Microsoft.Hosting.Lifetime[0]
      Content root path: D:\POS-19-10-2025\POS-BackPublish
2025-11-18T11:32:47.797+0200	writing admin.system.version to 
2025-11-18T11:32:47.800+0200	done dumping admin.system.version (1 document)
2025-11-18T11:32:47.800+0200	writing POSdbhamdy.POSOrders to 
2025-11-18T11:32:48.104+0200	writing POSdbhamdy.POSCustomers to 
2025-11-18T11:32:48.104+0200	writing POSdbhamdy.POSUsersLogins to 
2025-11-18T11:32:48.104+0200	writing newPOSdb.POSProductPricingClasses to 
2025-11-18T11:32:48.137+0200	done dumping POSdbhamdy.POSUsersLogins (1939 documents)
2025-11-18T11:32:48.139+0200	writing POSdbnew.POSProductPricingClasses to 
2025-11-18T11:32:48.143+0200	done dumping newPOSdb.POSProductPricingClasses (2724 documents)
2025-11-18T11:32:48.143+0200	writing POSdbnew.POSProductTaxes to 
2025-11-18T11:32:48.150+0200	done dumping POSdbnew.POSProductTaxes (415 documents)
2025-11-18T11:32:48.151+0200	writing POSdbhamdy.POSIncomingUsers to 
2025-11-18T11:32:48.158+0200	done dumping POSdbnew.POSProductPricingClasses (1209 documents)
2025-11-18T11:32:48.159+0200	writing POSdbhamdy.POSNotes to 
2025-11-18T11:32:48.168+0200	done dumping POSdbhamdy.POSNotes (292 documents)
2025-11-18T11:32:48.169+0200	writing newPOSdb.POSProductTaxes to 
2025-11-18T11:32:48.172+0200	done dumping POSdbhamdy.POSIncomingUsers (401 documents)
2025-11-18T11:32:48.173+0200	writing newPOSdb.POSCostCenters to 
2025-11-18T11:32:48.176+0200	done dumping newPOSdb.POSProductTaxes (286 documents)
2025-11-18T11:32:48.176+0200	writing POSdbhamdy.POSCustomerOrders to 
2025-11-18T11:32:48.179+0200	done dumping newPOSdb.POSCostCenters (202 documents)
2025-11-18T11:32:48.180+0200	writing POSdbnew.POSMobileOrders to 
2025-11-18T11:32:48.211+0200	done dumping POSdbhamdy.POSCustomerOrders (186 documents)
2025-11-18T11:32:48.212+0200	writing POSdbhamdy.POSCashReceipts to 
2025-11-18T11:32:48.215+0200	done dumping POSdbhamdy.POSCustomers (2207 documents)
2025-11-18T11:32:48.216+0200	writing POSdbnew.POSOrders to 
2025-11-18T11:32:48.221+0200	done dumping POSdbhamdy.POSCashReceipts (150 documents)
2025-11-18T11:32:48.222+0200	writing POSdbhamdy.POSRegions to 
2025-11-18T11:32:48.229+0200	done dumping POSdbhamdy.POSRegions (137 documents)
2025-11-18T11:32:48.232+0200	writing POSdbhamdy.POSRegionsDeliveryPrices to 
2025-11-18T11:32:48.238+0200	done dumping POSdbhamdy.POSRegionsDeliveryPrices (130 documents)
2025-11-18T11:32:48.238+0200	writing POSdb.POSProductPricingClasses to 
2025-11-18T11:32:48.244+0200	done dumping POSdb.POSProductPricingClasses (108 documents)
2025-11-18T11:32:48.244+0200	writing POSdbhamdy.POSProductPricingClasses to 
2025-11-18T11:32:48.249+0200	done dumping POSdbhamdy.POSProductPricingClasses (102 documents)
2025-11-18T11:32:48.249+0200	writing Quiz.POSOrders to 
2025-11-18T11:32:48.283+0200	done dumping Quiz.POSOrders (99 documents)
2025-11-18T11:32:48.284+0200	writing POSdbhamdy.POSOpenDays to 
2025-11-18T11:32:48.290+0200	done dumping POSdbhamdy.POSOpenDays (98 documents)
2025-11-18T11:32:48.291+0200	writing POSdbnew.POSVendors to 
2025-11-18T11:32:48.295+0200	done dumping POSdbnew.POSVendors (97 documents)
2025-11-18T11:32:48.296+0200	writing Quiz.POSUsersLogins to 
2025-11-18T11:32:48.296+0200	done dumping POSdbnew.POSMobileOrders (155 documents)
2025-11-18T11:32:48.297+0200	writing POSdbnew.POSUsersLogins to 
2025-11-18T11:32:48.301+0200	done dumping Quiz.POSUsersLogins (79 documents)
2025-11-18T11:32:48.301+0200	done dumping POSdbnew.POSUsersLogins (78 documents)
2025-11-18T11:32:48.302+0200	writing POSdb.POSScreens to 
2025-11-18T11:32:48.302+0200	writing POSdb.POSOrders to 
2025-11-18T11:32:48.308+0200	done dumping POSdb.POSScreens (69 documents)
2025-11-18T11:32:48.308+0200	done dumping POSdbnew.POSOrders (139 documents)
2025-11-18T11:32:48.309+0200	writing Ofline.POSScreens to 
2025-11-18T11:32:48.309+0200	writing new.POSScreens to 
2025-11-18T11:32:48.313+0200	done dumping new.POSScreens (68 documents)
2025-11-18T11:32:48.313+0200	done dumping Ofline.POSScreens (68 documents)
2025-11-18T11:32:48.314+0200	writing newPOSdb.POSScreens to 
2025-11-18T11:32:48.315+0200	writing POSdbhamdy.POSScreens to 
2025-11-18T11:32:48.317+0200	done dumping newPOSdb.POSScreens (68 documents)
2025-11-18T11:32:48.318+0200	writing Quiz.POSScreens to 
2025-11-18T11:32:48.318+0200	done dumping POSdbhamdy.POSScreens (68 documents)
2025-11-18T11:32:48.319+0200	writing POSdbnew.POSScreens to 
2025-11-18T11:32:48.321+0200	done dumping Quiz.POSScreens (67 documents)
2025-11-18T11:32:48.321+0200	writing POSdbnew.POSEmployees to 
2025-11-18T11:32:48.321+0200	done dumping POSdbnew.POSScreens (67 documents)
2025-11-18T11:32:48.322+0200	writing POSdb.POSMobileOrders to 
2025-11-18T11:32:48.326+0200	done dumping POSdbnew.POSEmployees (63 documents)
2025-11-18T11:32:48.327+0200	writing POSdb.POSProductTaxes to 
2025-11-18T11:32:48.329+0200	done dumping POSdb.POSProductTaxes (53 documents)
2025-11-18T11:32:48.331+0200	writing POSdbhamdy.POSReturnOrders to 
2025-11-18T11:32:48.340+0200	done dumping POSdbhamdy.POSReturnOrders (36 documents)
2025-11-18T11:32:48.341+0200	writing POSdbhamdy.POSEmployees to 
2025-11-18T11:32:48.344+0200	done dumping POSdb.POSOrders (68 documents)
2025-11-18T11:32:48.345+0200	writing newPOSdb.POSOrders to 
2025-11-18T11:32:48.345+0200	done dumping POSdbhamdy.POSEmployees (32 documents)
2025-11-18T11:32:48.346+0200	writing POSdb.POSUsersLogins to 
2025-11-18T11:32:48.350+0200	done dumping POSdb.POSUsersLogins (28 documents)
2025-11-18T11:32:48.350+0200	writing POSdbnew.POSIncomingUsers to 
2025-11-18T11:32:48.355+0200	done dumping POSdbnew.POSIncomingUsers (26 documents)
2025-11-18T11:32:48.356+0200	writing Quiz.POSOpenDays to 
2025-11-18T11:32:48.360+0200	done dumping Quiz.POSOpenDays (22 documents)
2025-11-18T11:32:48.361+0200	writing POSdbnew.POSOpenDays to 
2025-11-18T11:32:48.363+0200	done dumping POSdb.POSMobileOrders (61 documents)
2025-11-18T11:32:48.363+0200	done dumping POSdbnew.POSOpenDays (21 documents)
2025-11-18T11:32:48.364+0200	writing Quiz.POSCustomerGroups to 
2025-11-18T11:32:48.364+0200	writing Quiz.POSIncomingUsers to 
2025-11-18T11:32:48.367+0200	done dumping Quiz.POSCustomerGroups (20 documents)
2025-11-18T11:32:48.367+0200	writing POSdbnew.POSUnits to 
2025-11-18T11:32:48.367+0200	done dumping Quiz.POSIncomingUsers (20 documents)
2025-11-18T11:32:48.368+0200	writing POSdb.POSCategories to 
2025-11-18T11:32:48.369+0200	done dumping POSdbnew.POSUnits (18 documents)
2025-11-18T11:32:48.369+0200	done dumping POSdb.POSCategories (18 documents)
2025-11-18T11:32:48.369+0200	writing POSdbnew.POSCategories to 
2025-11-18T11:32:48.370+0200	writing Quiz.POSReturnOrders to 
2025-11-18T11:32:48.372+0200	done dumping POSdbnew.POSCategories (17 documents)
2025-11-18T11:32:48.373+0200	writing POSdbnew.POSItemGroups to 
2025-11-18T11:32:48.374+0200	done dumping Quiz.POSReturnOrders (17 documents)
2025-11-18T11:32:48.375+0200	writing POSdbnew.POSCustomers to 
2025-11-18T11:32:48.377+0200	done dumping POSdbnew.POSCustomers (15 documents)
2025-11-18T11:32:48.378+0200	writing newPOSdb.POSCustomers to 
2025-11-18T11:32:48.381+0200	done dumping newPOSdb.POSCustomers (14 documents)
2025-11-18T11:32:48.383+0200	writing POSdbnew.POSEmployeeGroups to 
2025-11-18T11:32:48.386+0200	done dumping POSdbnew.POSEmployeeGroups (13 documents)
2025-11-18T11:32:48.386+0200	done dumping newPOSdb.POSOrders (29 documents)
2025-11-18T11:32:48.386+0200	writing newPOSdb.POSUsersLogins to 
2025-11-18T11:32:48.387+0200	writing Ofline.POSProductPricingClasses to 
2025-11-18T11:32:48.390+0200	done dumping newPOSdb.POSUsersLogins (13 documents)
2025-11-18T11:32:48.390+0200	done dumping Ofline.POSProductPricingClasses (13 documents)
2025-11-18T11:32:48.391+0200	writing POSdb.POSUnits to 
2025-11-18T11:32:48.391+0200	writing newPOSdb.POSVendors to 
2025-11-18T11:32:48.394+0200	done dumping newPOSdb.POSVendors (11 documents)
2025-11-18T11:32:48.394+0200	done dumping POSdb.POSUnits (12 documents)
2025-11-18T11:32:48.394+0200	writing POSdbnew.POSVolumes to 
2025-11-18T11:32:48.394+0200	writing POSdbhamdy.POSVendors to 
2025-11-18T11:32:48.398+0200	done dumping POSdbnew.POSVolumes (10 documents)
2025-11-18T11:32:48.398+0200	done dumping POSdbhamdy.POSVendors (11 documents)
2025-11-18T11:32:48.399+0200	done dumping POSdbnew.POSItemGroups (16 documents)
2025-11-18T11:32:48.399+0200	writing POSdb.POSOrderTypeTaxes to 
2025-11-18T11:32:48.399+0200	writing POSdbnew.POSOrderTypes to 
2025-11-18T11:32:48.399+0200	writing new.POSOrders to 
2025-11-18T11:32:48.403+0200	done dumping POSdb.POSOrderTypeTaxes (10 documents)
2025-11-18T11:32:48.403+0200	done dumping POSdbnew.POSOrderTypes (10 documents)
2025-11-18T11:32:48.403+0200	writing POSdbnew.POSRegions to 
2025-11-18T11:32:48.403+0200	writing POSdb.POSCustomers to 
2025-11-18T11:32:48.407+0200	done dumping new.POSOrders (9 documents)
2025-11-18T11:32:48.407+0200	done dumping POSdb.POSCustomers (8 documents)
2025-11-18T11:32:48.407+0200	writing newPOSdb.POSPricingClasses to 
2025-11-18T11:32:48.408+0200	writing POSdbnew.applicationUsers to 
2025-11-18T11:32:48.409+0200	done dumping POSdbnew.POSRegions (9 documents)
2025-11-18T11:32:48.410+0200	done dumping newPOSdb.POSPricingClasses (8 documents)
2025-11-18T11:32:48.410+0200	writing POSdbhamdy.POSEmployeeGroups to 
2025-11-18T11:32:48.411+0200	writing Quiz.POSCategories to 
2025-11-18T11:32:48.411+0200	done dumping POSdbnew.applicationUsers (8 documents)
2025-11-18T11:32:48.411+0200	writing POSdbhamdy.POSUnits to 
2025-11-18T11:32:48.414+0200	done dumping POSdbhamdy.POSEmployeeGroups (8 documents)
2025-11-18T11:32:48.414+0200	done dumping Quiz.POSCategories (8 documents)
2025-11-18T11:32:48.416+0200	done dumping POSdbhamdy.POSUnits (8 documents)
2025-11-18T11:32:48.416+0200	writing POSdbhamdy.applicationUsers to 
2025-11-18T11:32:48.416+0200	writing POSdb.POSIncomingUsers to 
2025-11-18T11:32:48.416+0200	writing POSdbnew.POSProductTypes to 
2025-11-18T11:32:48.419+0200	done dumping POSdbhamdy.applicationUsers (8 documents)
2025-11-18T11:32:48.419+0200	done dumping POSdb.POSIncomingUsers (8 documents)
2025-11-18T11:32:48.420+0200	writing POSdb.POSEmployees to 
2025-11-18T11:32:48.420+0200	writing POSdbnew.POSOrderTypeTaxes to 
2025-11-18T11:32:48.426+0200	done dumping POSdbnew.POSOrderTypeTaxes (7 documents)
2025-11-18T11:32:48.427+0200	done dumping POSdb.POSEmployees (7 documents)
2025-11-18T11:32:48.427+0200	writing newPOSdb.POSUnits to 
2025-11-18T11:32:48.427+0200	writing newPOSdb.POSBranches to 
2025-11-18T11:32:48.429+0200	done dumping newPOSdb.POSUnits (7 documents)
2025-11-18T11:32:48.432+0200	done dumping newPOSdb.POSBranches (7 documents)
2025-11-18T11:32:48.432+0200	writing POSdbnew.POSOrderPayTypes to 
2025-11-18T11:32:48.433+0200	writing newPOSdb.POSStocks to 
2025-11-18T11:32:48.436+0200	done dumping newPOSdb.POSStocks (7 documents)
2025-11-18T11:32:48.436+0200	done dumping POSdbnew.POSOrderPayTypes (7 documents)
2025-11-18T11:32:48.436+0200	writing POSdbnew.POSStocks to 
2025-11-18T11:32:48.437+0200	writing POSdb.POSOrderPayTypes to 
2025-11-18T11:32:48.441+0200	done dumping POSdbnew.POSStocks (7 documents)
2025-11-18T11:32:48.441+0200	done dumping POSdb.POSOrderPayTypes (7 documents)
2025-11-18T11:32:48.441+0200	writing Ofline.POSLanguages to 
2025-11-18T11:32:48.442+0200	writing newPOSdb.POSCities to 
2025-11-18T11:32:48.443+0200	done dumping Ofline.POSLanguages (6 documents)
2025-11-18T11:32:48.444+0200	done dumping newPOSdb.POSCities (6 documents)
2025-11-18T11:32:48.444+0200	writing newPOSdb.POSEmployees to 
2025-11-18T11:32:48.444+0200	writing POSdbnew.POSLanguages to 
2025-11-18T11:32:48.446+0200	done dumping POSdbnew.POSLanguages (6 documents)
2025-11-18T11:32:48.446+0200	done dumping newPOSdb.POSEmployees (6 documents)
2025-11-18T11:32:48.446+0200	writing POSdbnew.POSCustomerOrders to 
2025-11-18T11:32:48.446+0200	writing POSdbhamdy.POSLanguages to 
2025-11-18T11:32:48.451+0200	done dumping POSdbhamdy.POSLanguages (6 documents)
2025-11-18T11:32:48.453+0200	writing new.POSProductPricingClasses to 
2025-11-18T11:32:48.454+0200	done dumping POSdbnew.POSCustomerOrders (6 documents)
2025-11-18T11:32:48.455+0200	writing Quiz.POSUnits to 
2025-11-18T11:32:48.459+0200	done dumping new.POSProductPricingClasses (6 documents)
2025-11-18T11:32:48.459+0200	writing POSdb.applicationUsers to 
2025-11-18T11:32:48.460+0200	done dumping Quiz.POSUnits (6 documents)
2025-11-18T11:32:48.460+0200	writing POSdb.POSLanguages to 
2025-11-18T11:32:48.462+0200	done dumping POSdb.POSLanguages (6 documents)
2025-11-18T11:32:48.462+0200	done dumping POSdb.applicationUsers (6 documents)
2025-11-18T11:32:48.463+0200	writing newPOSdb.POSRegions to 
2025-11-18T11:32:48.463+0200	writing Quiz.POSLanguages to 
2025-11-18T11:32:48.467+0200	done dumping newPOSdb.POSRegions (6 documents)
2025-11-18T11:32:48.467+0200	done dumping Quiz.POSLanguages (6 documents)
2025-11-18T11:32:48.467+0200	writing POSdb.POSOpenDays to 
2025-11-18T11:32:48.467+0200	writing Quiz.POSOrderInsurances to 
2025-11-18T11:32:48.470+0200	done dumping POSdb.POSOpenDays (6 documents)
2025-11-18T11:32:48.471+0200	done dumping Quiz.POSOrderInsurances (6 documents)
2025-11-18T11:32:48.472+0200	writing POSdb.POSStocks to 
2025-11-18T11:32:48.472+0200	writing new.POSLanguages to 
2025-11-18T11:32:48.475+0200	done dumping new.POSLanguages (6 documents)
2025-11-18T11:32:48.475+0200	done dumping POSdb.POSStocks (6 documents)
2025-11-18T11:32:48.476+0200	writing newPOSdb.POSLanguages to 
2025-11-18T11:32:48.477+0200	writing Quiz.POSProductPricingClasses to 
2025-11-18T11:32:48.478+0200	done dumping Quiz.POSProductPricingClasses (6 documents)
2025-11-18T11:32:48.478+0200	done dumping newPOSdb.POSLanguages (6 documents)
2025-11-18T11:32:48.479+0200	writing new.POSProductTaxes to 
2025-11-18T11:32:48.479+0200	writing newPOSdb.POSOrderPayTypes to 
2025-11-18T11:32:48.480+0200	done dumping POSdbnew.POSProductTypes (7 documents)
2025-11-18T11:32:48.481+0200	done dumping newPOSdb.POSOrderPayTypes (5 documents)
2025-11-18T11:32:48.482+0200	writing POSdb.POSOrderTypes to 
2025-11-18T11:32:48.483+0200	writing newPOSdb.POSIncomingUsers to 
2025-11-18T11:32:48.483+0200	done dumping new.POSProductTaxes (6 documents)
2025-11-18T11:32:48.484+0200	writing newPOSdb.POSProductTypes to 
2025-11-18T11:32:48.485+0200	done dumping POSdb.POSOrderTypes (5 documents)
2025-11-18T11:32:48.486+0200	writing POSdbhamdy.POSProductProperties to 
2025-11-18T11:32:48.486+0200	done dumping newPOSdb.POSIncomingUsers (5 documents)
2025-11-18T11:32:48.487+0200	writing Ofline.POSUsersLogins to 
2025-11-18T11:32:48.490+0200	done dumping POSdbhamdy.POSProductProperties (5 documents)
2025-11-18T11:32:48.490+0200	done dumping Ofline.POSUsersLogins (5 documents)
2025-11-18T11:32:48.491+0200	writing POSdbhamdy.POSItemGroups to 
2025-11-18T11:32:48.492+0200	writing POSdbhamdy.POSMobileOrders to 
2025-11-18T11:32:48.495+0200	done dumping POSdbhamdy.POSItemGroups (5 documents)
2025-11-18T11:32:48.496+0200	writing POSdbnew.POSRegionsDeliveryPrices to 
2025-11-18T11:32:48.496+0200	done dumping POSdbhamdy.POSMobileOrders (5 documents)
2025-11-18T11:32:48.498+0200	writing Quiz.POSVolumes to 
2025-11-18T11:32:48.500+0200	done dumping POSdbnew.POSRegionsDeliveryPrices (5 documents)
2025-11-18T11:32:48.501+0200	done dumping Quiz.POSVolumes (5 documents)
2025-11-18T11:32:48.501+0200	writing POSdbhamdy.POSPrinters to 
2025-11-18T11:32:48.501+0200	writing Quiz.POSStocks to 
2025-11-18T11:32:48.504+0200	done dumping Quiz.POSStocks (5 documents)
2025-11-18T11:32:48.507+0200	writing newPOSdb.POSOrderTypes to 
2025-11-18T11:32:48.508+0200	done dumping POSdbhamdy.POSPrinters (5 documents)
2025-11-18T11:32:48.509+0200	writing Quiz.POSReturnOrderInsurances to 
2025-11-18T11:32:48.509+0200	done dumping newPOSdb.POSOrderTypes (5 documents)
2025-11-18T11:32:48.510+0200	writing Quiz.POSBranches to 
2025-11-18T11:32:48.511+0200	done dumping Quiz.POSReturnOrderInsurances (4 documents)
2025-11-18T11:32:48.512+0200	writing POSdb.POSRegions to 
2025-11-18T11:32:48.512+0200	done dumping Quiz.POSBranches (4 documents)
2025-11-18T11:32:48.512+0200	writing POSdbnew.POSPricingClasses to 
2025-11-18T11:32:48.513+0200	done dumping POSdb.POSRegions (4 documents)
2025-11-18T11:32:48.514+0200	writing POSdbhamdy.POSOrderPayTypes to 
2025-11-18T11:32:48.514+0200	done dumping POSdbnew.POSPricingClasses (4 documents)
2025-11-18T11:32:48.515+0200	writing POSdb.POSReturnOrders to 
2025-11-18T11:32:48.517+0200	done dumping POSdbhamdy.POSOrderPayTypes (4 documents)
2025-11-18T11:32:48.518+0200	writing POSdbnew.POSCashReceipts to 
2025-11-18T11:32:48.519+0200	done dumping POSdb.POSReturnOrders (4 documents)
2025-11-18T11:32:48.520+0200	writing POSdb.POSVendors to 
2025-11-18T11:32:48.521+0200	done dumping POSdbnew.POSCashReceipts (4 documents)
2025-11-18T11:32:48.522+0200	done dumping POSdb.POSVendors (4 documents)
2025-11-18T11:32:48.523+0200	writing POSdbhamdy.POSCancellationReasons to 
2025-11-18T11:32:48.523+0200	writing Quiz.POSOrderTypes to 
2025-11-18T11:32:48.525+0200	done dumping POSdbhamdy.POSCancellationReasons (4 documents)
2025-11-18T11:32:48.525+0200	done dumping Quiz.POSOrderTypes (4 documents)
2025-11-18T11:32:48.525+0200	writing POSdb.POSProductTypes to 
2025-11-18T11:32:48.526+0200	writing POSdb.POSTaxes to 
2025-11-18T11:32:48.528+0200	done dumping POSdb.POSTaxes (4 documents)
2025-11-18T11:32:48.528+0200	writing POSdbnew.POSTaxes to 
2025-11-18T11:32:48.530+0200	done dumping POSdbnew.POSTaxes (4 documents)
2025-11-18T11:32:48.531+0200	done dumping POSdb.POSProductTypes (4 documents)
2025-11-18T11:32:48.532+0200	writing Quiz.POSTaxes to 
2025-11-18T11:32:48.532+0200	writing newPOSdb.applicationUsers to 
2025-11-18T11:32:48.535+0200	done dumping Quiz.POSTaxes (4 documents)
2025-11-18T11:32:48.535+0200	done dumping newPOSdb.applicationUsers (4 documents)
2025-11-18T11:32:48.536+0200	writing Quiz.POSEmployees to 
2025-11-18T11:32:48.536+0200	writing Quiz.POSHalls to 
2025-11-18T11:32:48.539+0200	done dumping Quiz.POSEmployees (3 documents)
2025-11-18T11:32:48.539+0200	done dumping Quiz.POSHalls (3 documents)
2025-11-18T11:32:48.540+0200	writing Ofline.POSOrderPayTypes to 
2025-11-18T11:32:48.540+0200	writing POSdb.POSEmployeeGroups to 
2025-11-18T11:32:48.543+0200	done dumping POSdb.POSEmployeeGroups (3 documents)
2025-11-18T11:32:48.543+0200	done dumping newPOSdb.POSProductTypes (5 documents)
2025-11-18T11:32:48.543+0200	done dumping Ofline.POSOrderPayTypes (3 documents)
2025-11-18T11:32:48.543+0200	writing POSdbnew.POSCancellationReasons to 
2025-11-18T11:32:48.543+0200	writing Quiz.POSProductTaxes to 
2025-11-18T11:32:48.543+0200	writing POSdb.POSPricingClasses to 
2025-11-18T11:32:48.545+0200	done dumping POSdb.POSPricingClasses (3 documents)
2025-11-18T11:32:48.545+0200	done dumping Quiz.POSProductTaxes (3 documents)
2025-11-18T11:32:48.545+0200	done dumping POSdbnew.POSCancellationReasons (3 documents)
2025-11-18T11:32:48.546+0200	writing newPOSdb.POSReturnOrders to 
2025-11-18T11:32:48.546+0200	writing Quiz.POSItemGroups to 
2025-11-18T11:32:48.546+0200	writing Quiz.POSOrderPayTypes to 
2025-11-18T11:32:48.550+0200	done dumping newPOSdb.POSReturnOrders (3 documents)
2025-11-18T11:32:48.550+0200	done dumping Quiz.POSItemGroups (3 documents)
2025-11-18T11:32:48.550+0200	done dumping Quiz.POSOrderPayTypes (3 documents)
2025-11-18T11:32:48.550+0200	writing POSdbhamdy.POSPointOfSales to 
2025-11-18T11:32:48.550+0200	writing POSdb.POSDrivers to 
2025-11-18T11:32:48.551+0200	writing Quiz.POSCities to 
2025-11-18T11:32:48.554+0200	done dumping POSdb.POSDrivers (3 documents)
2025-11-18T11:32:48.554+0200	done dumping Quiz.POSCities (3 documents)
2025-11-18T11:32:48.554+0200	writing Quiz.POSCashReceipts to 
2025-11-18T11:32:48.554+0200	writing new.POSOrderTypes to 
2025-11-18T11:32:48.554+0200	done dumping POSdbhamdy.POSPointOfSales (3 documents)
2025-11-18T11:32:48.556+0200	writing new.POSOrderPayTypes to 
2025-11-18T11:32:48.558+0200	done dumping Quiz.POSCashReceipts (3 documents)
2025-11-18T11:32:48.558+0200	done dumping new.POSOrderTypes (3 documents)
2025-11-18T11:32:48.558+0200	writing new.POSPrinters to 
2025-11-18T11:32:48.559+0200	writing Quiz.POSProductTypes to 
2025-11-18T11:32:48.559+0200	done dumping new.POSOrderPayTypes (3 documents)
2025-11-18T11:32:48.560+0200	writing Quiz.POSOrderTypeTaxes to 
2025-11-18T11:32:48.562+0200	done dumping new.POSPrinters (3 documents)
2025-11-18T11:32:48.562+0200	done dumping Quiz.POSProductTypes (3 documents)
2025-11-18T11:32:48.562+0200	done dumping Quiz.POSOrderTypeTaxes (3 documents)
2025-11-18T11:32:48.562+0200	writing POSdb.POSVolumes to 
2025-11-18T11:32:48.563+0200	writing POSdbnew.POSBranches to 
2025-11-18T11:32:48.563+0200	writing POSdb.POSItemGroups to 
2025-11-18T11:32:48.567+0200	done dumping POSdb.POSVolumes (3 documents)
2025-11-18T11:32:48.567+0200	done dumping POSdbnew.POSBranches (3 documents)
2025-11-18T11:32:48.568+0200	writing Quiz.POSProductClasses to 
2025-11-18T11:32:48.568+0200	writing Ofline.POSOrderTypes to 
2025-11-18T11:32:48.572+0200	done dumping Quiz.POSProductClasses (3 documents)
2025-11-18T11:32:48.573+0200	done dumping Ofline.POSOrderTypes (3 documents)
2025-11-18T11:32:48.574+0200	done dumping POSdb.POSItemGroups (3 documents)
2025-11-18T11:32:48.574+0200	writing POSdbnew.POSUsersGroups to 
2025-11-18T11:32:48.576+0200	writing Quiz.POSCostCenters to 
2025-11-18T11:32:48.576+0200	writing Quiz.POSPricingClasses to 
2025-11-18T11:32:48.577+0200	done dumping POSdbnew.POSUsersGroups (2 documents)
2025-11-18T11:32:48.579+0200	writing Quiz.POSCustomers to 
2025-11-18T11:32:48.581+0200	done dumping Quiz.POSCostCenters (2 documents)
2025-11-18T11:32:48.582+0200	done dumping Quiz.POSPricingClasses (2 documents)
2025-11-18T11:32:48.583+0200	writing POSdbnew.POSPointOfSales to 
2025-11-18T11:32:48.583+0200	writing POSdbnew.POSHalls to 
2025-11-18T11:32:48.583+0200	done dumping Quiz.POSCustomers (2 documents)
2025-11-18T11:32:48.583+0200	writing Quiz.POSCountries to 
2025-11-18T11:32:48.587+0200	done dumping Quiz.POSCountries (2 documents)
2025-11-18T11:32:48.588+0200	writing POSdbnew.POSInsurances to 
2025-11-18T11:32:48.590+0200	done dumping POSdbnew.POSHalls (2 documents)
2025-11-18T11:32:48.591+0200	writing POSdbhamdy.POSDrivers to 
2025-11-18T11:32:48.591+0200	done dumping POSdbnew.POSPointOfSales (2 documents)
2025-11-18T11:32:48.592+0200	done dumping POSdbnew.POSInsurances (2 documents)
2025-11-18T11:32:48.592+0200	writing POSdbhamdy.POSWorkTime to 
2025-11-18T11:32:48.592+0200	writing POSdbhamdy.POSVolumes to 
2025-11-18T11:32:48.594+0200	done dumping POSdbhamdy.POSDrivers (2 documents)
2025-11-18T11:32:48.595+0200	done dumping POSdbhamdy.POSWorkTime (2 documents)
2025-11-18T11:32:48.595+0200	done dumping POSdbhamdy.POSVolumes (2 documents)
2025-11-18T11:32:48.595+0200	writing POSdbnew.POSCustomerGroups to 
2025-11-18T11:32:48.596+0200	writing Ofline.POSOrders to 
2025-11-18T11:32:48.596+0200	writing new.POSProductTypes to 
2025-11-18T11:32:48.600+0200	done dumping POSdbnew.POSCustomerGroups (2 documents)
2025-11-18T11:32:48.601+0200	done dumping new.POSProductTypes (2 documents)
2025-11-18T11:32:48.601+0200	writing POSdbnew.POSPermissions to 
2025-11-18T11:32:48.602+0200	writing new.POSUsersGroups to 
2025-11-18T11:32:48.604+0200	done dumping Ofline.POSOrders (2 documents)
2025-11-18T11:32:48.605+0200	writing new.POSDrivers to 
2025-11-18T11:32:48.608+0200	done dumping new.POSUsersGroups (2 documents)
2025-11-18T11:32:48.608+0200	done dumping POSdbnew.POSPermissions (2 documents)
2025-11-18T11:32:48.608+0200	done dumping new.POSDrivers (2 documents)
2025-11-18T11:32:48.608+0200	writing new.POSBranches to 
2025-11-18T11:32:48.609+0200	writing new.POSTaxes to 
2025-11-18T11:32:48.609+0200	writing POSdbhamdy.POSFollowOrderSettings to 
2025-11-18T11:32:48.611+0200	done dumping POSdbhamdy.POSFollowOrderSettings (2 documents)
2025-11-18T11:32:48.611+0200	done dumping new.POSBranches (2 documents)
2025-11-18T11:32:48.611+0200	writing new.POSPointOfSales to 
2025-11-18T11:32:48.612+0200	writing POSdbhamdy.POSUsersGroups to 
2025-11-18T11:32:48.612+0200	done dumping new.POSTaxes (2 documents)
2025-11-18T11:32:48.613+0200	writing POSdbnew.POSWorkTime to 
2025-11-18T11:32:48.614+0200	done dumping new.POSPointOfSales (2 documents)
2025-11-18T11:32:48.616+0200	done dumping POSdbhamdy.POSUsersGroups (2 documents)
2025-11-18T11:32:48.616+0200	writing new.POSIncomingUsers to 
2025-11-18T11:32:48.616+0200	writing POSdbhamdy.POSCustomerGroups to 
2025-11-18T11:32:48.616+0200	done dumping POSdbnew.POSWorkTime (2 documents)
2025-11-18T11:32:48.618+0200	writing POSdb.POSPermissions to 
2025-11-18T11:32:48.619+0200	done dumping POSdbhamdy.POSCustomerGroups (2 documents)
2025-11-18T11:32:48.620+0200	done dumping new.POSIncomingUsers (2 documents)
2025-11-18T11:32:48.620+0200	writing new.POSUsersLogins to 
2025-11-18T11:32:48.621+0200	writing new.POSEmployees to 
2025-11-18T11:32:48.625+0200	done dumping new.POSUsersLogins (2 documents)
2025-11-18T11:32:48.625+0200	done dumping new.POSEmployees (2 documents)
2025-11-18T11:32:48.626+0200	writing new.POSOpenDays to 
2025-11-18T11:32:48.626+0200	writing POSdbhamdy.POSOrderTypes to 
2025-11-18T11:32:48.628+0200	done dumping new.POSOpenDays (2 documents)
2025-11-18T11:32:48.628+0200	done dumping POSdb.POSPermissions (2 documents)
2025-11-18T11:32:48.628+0200	done dumping POSdbhamdy.POSOrderTypes (2 documents)
2025-11-18T11:32:48.629+0200	writing newPOSdb.POSCustomerGroups to 
2025-11-18T11:32:48.629+0200	writing POSdb.POSInsurances to 
2025-11-18T11:32:48.629+0200	writing Ofline.POSProductTypes to 
2025-11-18T11:32:48.632+0200	done dumping newPOSdb.POSCustomerGroups (2 documents)
2025-11-18T11:32:48.632+0200	done dumping POSdb.POSInsurances (2 documents)
2025-11-18T11:32:48.633+0200	done dumping Ofline.POSProductTypes (2 documents)
2025-11-18T11:32:48.633+0200	writing POSdb.POSUsersGroups to 
2025-11-18T11:32:48.634+0200	writing POSdb.POSPointOfSales to 
2025-11-18T11:32:48.634+0200	writing POSdb.POSCustomerGroups to 
2025-11-18T11:32:48.643+0200	done dumping POSdb.POSUsersGroups (2 documents)
2025-11-18T11:32:48.644+0200	done dumping POSdb.POSPointOfSales (2 documents)
2025-11-18T11:32:48.644+0200	done dumping POSdb.POSCustomerGroups (2 documents)
2025-11-18T11:32:48.644+0200	writing POSdb.POSBranches to 
2025-11-18T11:32:48.648+0200	writing newPOSdb.POSEmployeeGroups to 
2025-11-18T11:32:48.649+0200	writing newPOSdb.POSHalls to 
2025-11-18T11:32:48.654+0200	done dumping POSdb.POSBranches (2 documents)
2025-11-18T11:32:48.654+0200	done dumping newPOSdb.POSEmployeeGroups (2 documents)
2025-11-18T11:32:48.656+0200	done dumping newPOSdb.POSHalls (2 documents)
2025-11-18T11:32:48.657+0200	writing POSdbhamdy.POSPermissions to 
2025-11-18T11:32:48.657+0200	writing Quiz.POSGovernments to 
2025-11-18T11:32:48.657+0200	writing POSdb.POSOrderInsurances to 
2025-11-18T11:32:48.659+0200	done dumping Quiz.POSGovernments (2 documents)
2025-11-18T11:32:48.660+0200	writing Quiz.POSBackups to 
2025-11-18T11:32:48.661+0200	done dumping POSdbhamdy.POSPermissions (2 documents)
2025-11-18T11:32:48.662+0200	done dumping POSdb.POSOrderInsurances (1 document)
2025-11-18T11:32:48.663+0200	writing Quiz.POSNotes to 
2025-11-18T11:32:48.664+0200	writing Quiz.POSInsurances to 
2025-11-18T11:32:48.665+0200	done dumping Quiz.POSBackups (1 document)
2025-11-18T11:32:48.666+0200	writing Quiz.applicationRoles to 
2025-11-18T11:32:48.666+0200	done dumping Quiz.POSNotes (1 document)
2025-11-18T11:32:48.666+0200	done dumping Quiz.POSInsurances (1 document)
2025-11-18T11:32:48.667+0200	writing Quiz.POSFoodPlans to 
2025-11-18T11:32:48.667+0200	writing Quiz.applicationUsers to 
2025-11-18T11:32:48.668+0200	done dumping Quiz.applicationRoles (1 document)
2025-11-18T11:32:48.668+0200	writing POSdbnew.POSComboProducts to 
2025-11-18T11:32:48.669+0200	done dumping Quiz.POSFoodPlans (1 document)
2025-11-18T11:32:48.670+0200	writing Quiz.POSMyPoints to 
2025-11-18T11:32:48.670+0200	done dumping Quiz.applicationUsers (1 document)
2025-11-18T11:32:48.671+0200	writing Quiz.POSEmployeeGroups to 
2025-11-18T11:32:48.672+0200	done dumping POSdbnew.POSComboProducts (1 document)
2025-11-18T11:32:48.673+0200	done dumping Quiz.POSMyPoints (1 document)
2025-11-18T11:32:48.673+0200	writing POSdbnew.POSMinimumCharges to 
2025-11-18T11:32:48.674+0200	writing POSdbnew.POSSettings to 
2025-11-18T11:32:48.675+0200	done dumping Quiz.POSEmployeeGroups (1 document)
2025-11-18T11:32:48.676+0200	writing POSdbnew.POSFoodPlans to 
2025-11-18T11:32:48.676+0200	done dumping POSdbnew.POSMinimumCharges (1 document)
2025-11-18T11:32:48.677+0200	done dumping POSdbnew.POSSettings (1 document)
2025-11-18T11:32:48.677+0200	writing Quiz.POSPermissions to 
2025-11-18T11:32:48.678+0200	writing Ofline.POSIncomingUsers to 
2025-11-18T11:32:48.679+0200	done dumping POSdbnew.POSFoodPlans (1 document)
2025-11-18T11:32:48.680+0200	writing Ofline.POSOpenDays to 
2025-11-18T11:32:48.682+0200	done dumping Ofline.POSIncomingUsers (1 document)
2025-11-18T11:32:48.684+0200	writing POSdbnew.POSCountries to 
2025-11-18T11:32:48.684+0200	done dumping Ofline.POSOpenDays (1 document)
2025-11-18T11:32:48.686+0200	done dumping Quiz.POSPermissions (1 document)
2025-11-18T11:32:48.687+0200	writing Quiz.POSUpdateData to 
2025-11-18T11:32:48.688+0200	writing POSdbnew.applicationRoles to 
2025-11-18T11:32:48.690+0200	done dumping POSdbnew.POSCountries (1 document)
2025-11-18T11:32:48.691+0200	writing POSdbnew.POSReturnOrders to 
2025-11-18T11:32:48.692+0200	done dumping Quiz.POSUpdateData (1 document)
2025-11-18T11:32:48.693+0200	writing Quiz.POSMinimumCharges to 
2025-11-18T11:32:48.693+0200	done dumping POSdbnew.applicationRoles (1 document)
2025-11-18T11:32:48.695+0200	writing Ofline.POSRMSConnSettings to 
2025-11-18T11:32:48.696+0200	done dumping POSdbnew.POSReturnOrders (1 document)
2025-11-18T11:32:48.696+0200	writing Quiz.POSWorkTime to 
2025-11-18T11:32:48.703+0200	done dumping Quiz.POSMinimumCharges (1 document)
2025-11-18T11:32:48.704+0200	done dumping Ofline.POSRMSConnSettings (1 document)
2025-11-18T11:32:48.704+0200	writing Quiz.POSRMSConnSettings to 
2025-11-18T11:32:48.705+0200	done dumping Quiz.POSWorkTime (1 document)
2025-11-18T11:32:48.707+0200	writing POSdbnew.POSCities to 
2025-11-18T11:32:48.707+0200	writing POSdbnew.POSDrivers to 
2025-11-18T11:32:48.709+0200	done dumping Quiz.POSRMSConnSettings (1 document)
2025-11-18T11:32:48.710+0200	writing POSdbnew.POSUpdateData to 
2025-11-18T11:32:48.710+0200	done dumping POSdbnew.POSCities (1 document)
2025-11-18T11:32:48.712+0200	writing Quiz.POSSettings to 
2025-11-18T11:32:48.712+0200	done dumping POSdbnew.POSDrivers (1 document)
2025-11-18T11:32:48.713+0200	done dumping POSdbnew.POSUpdateData (1 document)
2025-11-18T11:32:48.715+0200	writing POSdbnew.POSBackups to 
2025-11-18T11:32:48.716+0200	writing POSdbnew.POSProductClasses to 
2025-11-18T11:32:48.717+0200	done dumping Quiz.POSSettings (1 document)
2025-11-18T11:32:48.718+0200	done dumping POSdbnew.POSBackups (1 document)
2025-11-18T11:32:48.719+0200	writing POSdbnew.POSMyPoints to 
2025-11-18T11:32:48.719+0200	writing Ofline.POSPointOfSales to 
2025-11-18T11:32:48.721+0200	done dumping POSdbnew.POSProductClasses (1 document)
2025-11-18T11:32:48.722+0200	writing Quiz.POSCancellationReasons to 
2025-11-18T11:32:48.725+0200	done dumping POSdbnew.POSMyPoints (1 document)
2025-11-18T11:32:48.726+0200	writing Ofline.POSMinimumCharges to 
2025-11-18T11:32:48.726+0200	done dumping Ofline.POSPointOfSales (1 document)
2025-11-18T11:32:48.726+0200	writing Quiz.POSVendors to 
2025-11-18T11:32:48.727+0200	done dumping Quiz.POSCancellationReasons (1 document)
2025-11-18T11:32:48.728+0200	writing Ofline.POSMyPoints to 
2025-11-18T11:32:48.730+0200	done dumping Ofline.POSMinimumCharges (1 document)
2025-11-18T11:32:48.730+0200	done dumping Ofline.POSMyPoints (1 document)
2025-11-18T11:32:48.730+0200	writing POSdbnew.POSFavoritescreens to 
2025-11-18T11:32:48.731+0200	writing POSdbnew.POSCompanies to 
2025-11-18T11:32:48.731+0200	done dumping Quiz.POSVendors (1 document)
2025-11-18T11:32:48.732+0200	writing Quiz.POSRegions to 
2025-11-18T11:32:48.733+0200	done dumping POSdbnew.POSFavoritescreens (1 document)
2025-11-18T11:32:48.734+0200	done dumping POSdbnew.POSCompanies (1 document)
2025-11-18T11:32:48.734+0200	writing Quiz.POSPointOfSales to 
2025-11-18T11:32:48.734+0200	writing POSdbnew.POSGovernments to 
2025-11-18T11:32:48.734+0200	done dumping Quiz.POSRegions (1 document)
2025-11-18T11:32:48.735+0200	writing POSdbnew.POSRMSConnSettings to 
2025-11-18T11:32:48.737+0200	done dumping POSdbnew.POSGovernments (1 document)
2025-11-18T11:32:48.737+0200	done dumping Quiz.POSPointOfSales (1 document)
2025-11-18T11:32:48.737+0200	done dumping POSdbnew.POSRMSConnSettings (1 document)
2025-11-18T11:32:48.737+0200	writing POSdbnew.POSPrinters to 
2025-11-18T11:32:48.737+0200	writing Ofline.POSPricingClasses to 
2025-11-18T11:32:48.738+0200	writing POSdbhamdy.POSStocks to 
2025-11-18T11:32:48.741+0200	done dumping POSdbhamdy.POSStocks (1 document)
2025-11-18T11:32:48.741+0200	done dumping Ofline.POSPricingClasses (1 document)
2025-11-18T11:32:48.742+0200	writing Quiz.POSCompanies to 
2025-11-18T11:32:48.742+0200	writing Quiz.POSPrinters to 
2025-11-18T11:32:48.744+0200	done dumping Quiz.POSCompanies (1 document)
2025-11-18T11:32:48.744+0200	done dumping Quiz.POSPrinters (1 document)
2025-11-18T11:32:48.744+0200	writing Quiz.POSUsersGroups to 
2025-11-18T11:32:48.744+0200	writing Quiz.POSDrivers to 
2025-11-18T11:32:48.744+0200	done dumping POSdbnew.POSPrinters (1 document)
2025-11-18T11:32:48.745+0200	writing POSdbhamdy.POSBranches to 
2025-11-18T11:32:48.746+0200	done dumping Quiz.POSUsersGroups (1 document)
2025-11-18T11:32:48.746+0200	done dumping Quiz.POSDrivers (1 document)
2025-11-18T11:32:48.747+0200	writing Ofline.POSBranches to 
2025-11-18T11:32:48.747+0200	writing Ofline.POSSettings to 
2025-11-18T11:32:48.750+0200	done dumping Ofline.POSBranches (1 document)
2025-11-18T11:32:48.751+0200	writing new.POSCustomers to 
2025-11-18T11:32:48.752+0200	done dumping Ofline.POSSettings (1 document)
2025-11-18T11:32:48.753+0200	writing new.POSMyPoints to 
2025-11-18T11:32:48.754+0200	done dumping new.POSCustomers (1 document)
2025-11-18T11:32:48.754+0200	writing Ofline.POSCustomerGroups to 
2025-11-18T11:32:48.757+0200	done dumping new.POSMyPoints (1 document)
2025-11-18T11:32:48.758+0200	writing new.POSMinimumCharges to 
2025-11-18T11:32:48.759+0200	done dumping Ofline.POSCustomerGroups (1 document)
2025-11-18T11:32:48.759+0200	done dumping POSdbhamdy.POSBranches (1 document)
2025-11-18T11:32:48.759+0200	writing POSdbhamdy.POSPricingClasses to 
2025-11-18T11:32:48.759+0200	writing Ofline.POSBackups to 
2025-11-18T11:32:48.760+0200	done dumping new.POSMinimumCharges (1 document)
2025-11-18T11:32:48.761+0200	writing POSdbhamdy.POSUpdateData to 
2025-11-18T11:32:48.761+0200	done dumping Ofline.POSBackups (1 document)
2025-11-18T11:32:48.762+0200	done dumping POSdbhamdy.POSPricingClasses (1 document)
2025-11-18T11:32:48.762+0200	writing POSdbhamdy.POSProductClasses to 
2025-11-18T11:32:48.762+0200	writing POSdb.POSCashReceipts to 
2025-11-18T11:32:48.763+0200	done dumping POSdbhamdy.POSUpdateData (1 document)
2025-11-18T11:32:48.764+0200	writing new.applicationUsers to 
2025-11-18T11:32:48.767+0200	done dumping POSdbhamdy.POSProductClasses (1 document)
2025-11-18T11:32:48.767+0200	done dumping POSdb.POSCashReceipts (1 document)
2025-11-18T11:32:48.767+0200	writing new.POSCustomerGroups to 
2025-11-18T11:32:48.768+0200	writing POSdbhamdy.POSRMSConnSettings to 
2025-11-18T11:32:48.768+0200	done dumping new.applicationUsers (1 document)
2025-11-18T11:32:48.770+0200	writing new.POSBackups to 
2025-11-18T11:32:48.771+0200	done dumping POSdbhamdy.POSRMSConnSettings (1 document)
2025-11-18T11:32:48.771+0200	done dumping new.POSCustomerGroups (1 document)
2025-11-18T11:32:48.772+0200	writing new.POSPricingClasses to 
2025-11-18T11:32:48.773+0200	writing POSdb.POSFollowOrderSettings to 
2025-11-18T11:32:48.775+0200	done dumping new.POSBackups (1 document)
2025-11-18T11:32:48.776+0200	writing POSdbhamdy.POSCountries to 
2025-11-18T11:32:48.777+0200	done dumping POSdb.POSFollowOrderSettings (1 document)
2025-11-18T11:32:48.777+0200	done dumping new.POSPricingClasses (1 document)
2025-11-18T11:32:48.777+0200	writing POSdbhamdy.POSMinimumCharges to 
2025-11-18T11:32:48.779+0200	done dumping POSdbhamdy.POSCountries (1 document)
2025-11-18T11:32:48.779+0200	writing new.POSRegions to 
2025-11-18T11:32:48.779+0200	writing new.POSUpdateData to 
2025-11-18T11:32:48.780+0200	done dumping POSdbhamdy.POSMinimumCharges (1 document)
2025-11-18T11:32:48.780+0200	writing POSdbhamdy.POSBarcodeSettings to 
2025-11-18T11:32:48.783+0200	done dumping POSdbhamdy.POSBarcodeSettings (1 document)
2025-11-18T11:32:48.783+0200	done dumping new.POSUpdateData (1 document)
2025-11-18T11:32:48.784+0200	done dumping new.POSRegions (1 document)
2025-11-18T11:32:48.784+0200	writing new.POSSettings to 
2025-11-18T11:32:48.785+0200	writing new.POSHalls to 
2025-11-18T11:32:48.785+0200	writing POSdbhamdy.POSProductTypes to 
2025-11-18T11:32:48.789+0200	done dumping new.POSSettings (1 document)
2025-11-18T11:32:48.790+0200	writing new.POSRMSConnSettings to 
2025-11-18T11:32:48.790+0200	done dumping new.POSHalls (1 document)
2025-11-18T11:32:48.791+0200	writing POSdbhamdy.POSBackups to 
2025-11-18T11:32:48.793+0200	done dumping POSdbhamdy.POSProductTypes (1 document)
2025-11-18T11:32:48.794+0200	done dumping POSdbhamdy.POSBackups (1 document)
2025-11-18T11:32:48.794+0200	writing new.POSWorkTime to 
2025-11-18T11:32:48.794+0200	done dumping new.POSRMSConnSettings (1 document)
2025-11-18T11:32:48.795+0200	writing new.applicationRoles to 
2025-11-18T11:32:48.796+0200	writing POSdbhamdy.POSCities to 
2025-11-18T11:32:48.799+0200	done dumping new.POSWorkTime (1 document)
2025-11-18T11:32:48.799+0200	done dumping POSdbhamdy.POSCities (1 document)
2025-11-18T11:32:48.799+0200	writing POSdbhamdy.POSSettings to 
2025-11-18T11:32:48.800+0200	done dumping new.applicationRoles (1 document)
2025-11-18T11:32:48.800+0200	writing POSdbhamdy.POSMyPoints to 
2025-11-18T11:32:48.800+0200	writing POSdb.POSBackups to 
2025-11-18T11:32:48.802+0200	done dumping POSdbhamdy.POSMyPoints (1 document)
2025-11-18T11:32:48.803+0200	writing POSdbhamdy.applicationRoles to 
2025-11-18T11:32:48.803+0200	done dumping POSdb.POSBackups (1 document)
2025-11-18T11:32:48.803+0200	writing newPOSdb.POSUsersGroups to 
2025-11-18T11:32:48.803+0200	done dumping POSdbhamdy.POSSettings (1 document)
2025-11-18T11:32:48.804+0200	writing POSdbhamdy.POSCompanies to 
2025-11-18T11:32:48.806+0200	done dumping newPOSdb.POSUsersGroups (1 document)
2025-11-18T11:32:48.806+0200	done dumping POSdbhamdy.applicationRoles (1 document)
2025-11-18T11:32:48.807+0200	writing newPOSdb.POSCancellationReasons to 
2025-11-18T11:32:48.807+0200	writing Ofline.POSUpdateData to 
2025-11-18T11:32:48.807+0200	done dumping POSdbhamdy.POSCompanies (1 document)
2025-11-18T11:32:48.808+0200	writing newPOSdb.POSPointOfSales to 
2025-11-18T11:32:48.808+0200	done dumping newPOSdb.POSCancellationReasons (1 document)
2025-11-18T11:32:48.809+0200	writing newPOSdb.POSOpenDays to 
2025-11-18T11:32:48.809+0200	done dumping Ofline.POSUpdateData (1 document)
2025-11-18T11:32:48.809+0200	writing newPOSdb.POSBackups to 
2025-11-18T11:32:48.810+0200	done dumping newPOSdb.POSPointOfSales (1 document)
2025-11-18T11:32:48.810+0200	writing newPOSdb.POSMyPoints to 
2025-11-18T11:32:48.811+0200	done dumping newPOSdb.POSOpenDays (1 document)
2025-11-18T11:32:48.811+0200	done dumping newPOSdb.POSBackups (1 document)
2025-11-18T11:32:48.811+0200	writing Ofline.applicationUsers to 
2025-11-18T11:32:48.812+0200	writing newPOSdb.applicationRoles to 
2025-11-18T11:32:48.813+0200	done dumping Ofline.applicationUsers (1 document)
2025-11-18T11:32:48.816+0200	writing newPOSdb.POSCountries to 
2025-11-18T11:32:48.816+0200	done dumping newPOSdb.applicationRoles (1 document)
2025-11-18T11:32:48.816+0200	done dumping newPOSdb.POSMyPoints (1 document)
2025-11-18T11:32:48.816+0200	writing newPOSdb.POSWorkTime to 
2025-11-18T11:32:48.817+0200	writing POSdbhamdy.POSGovernments to 
2025-11-18T11:32:48.820+0200	done dumping newPOSdb.POSCountries (1 document)
2025-11-18T11:32:48.820+0200	done dumping POSdbhamdy.POSGovernments (1 document)
2025-11-18T11:32:48.823+0200	writing POSdb.POSHalls to 
2025-11-18T11:32:48.824+0200	writing newPOSdb.POSSettings to 
2025-11-18T11:32:48.825+0200	done dumping newPOSdb.POSWorkTime (1 document)
2025-11-18T11:32:48.826+0200	writing POSdb.POSGovernments to 
2025-11-18T11:32:48.827+0200	done dumping POSdb.POSHalls (1 document)
2025-11-18T11:32:48.827+0200	writing newPOSdb.POSPermissions to 
2025-11-18T11:32:48.829+0200	done dumping POSdb.POSGovernments (1 document)
2025-11-18T11:32:48.833+0200	writing POSdb.POSReturnOrderInsurances to 
2025-11-18T11:32:48.833+0200	done dumping newPOSdb.POSSettings (1 document)
2025-11-18T11:32:48.834+0200	writing Ofline.applicationRoles to 
2025-11-18T11:32:48.838+0200	done dumping POSdb.POSReturnOrderInsurances (1 document)
2025-11-18T11:32:48.840+0200	done dumping newPOSdb.POSPermissions (1 document)
2025-11-18T11:32:48.841+0200	done dumping Ofline.applicationRoles (1 document)
2025-11-18T11:32:48.842+0200	writing newPOSdb.POSCompanies to 
2025-11-18T11:32:48.842+0200	writing newPOSdb.POSGovernments to 
2025-11-18T11:32:48.842+0200	writing POSdb.POSCountries to 
2025-11-18T11:32:48.844+0200	done dumping newPOSdb.POSCompanies (1 document)
2025-11-18T11:32:48.844+0200	done dumping POSdb.POSCountries (1 document)
2025-11-18T11:32:48.844+0200	done dumping newPOSdb.POSGovernments (1 document)
2025-11-18T11:32:48.845+0200	writing POSdb.POSUpdateData to 
2025-11-18T11:32:48.845+0200	writing newPOSdb.POSItemGroups to 
2025-11-18T11:32:48.849+0200	writing POSdb.POSWorkTime to 
2025-11-18T11:32:48.850+0200	done dumping POSdb.POSUpdateData (1 document)
2025-11-18T11:32:48.852+0200	writing Ofline.POSWorkTime to 
2025-11-18T11:32:48.854+0200	done dumping POSdb.POSWorkTime (1 document)
2025-11-18T11:32:48.854+0200	writing POSdb.POSRMSConnSettings to 
2025-11-18T11:32:48.855+0200	done dumping Ofline.POSWorkTime (1 document)
2025-11-18T11:32:48.856+0200	writing POSdb.POSMinimumCharges to 
2025-11-18T11:32:48.860+0200	done dumping POSdb.POSRMSConnSettings (1 document)
2025-11-18T11:32:48.861+0200	done dumping POSdb.POSMinimumCharges (1 document)
2025-11-18T11:32:48.861+0200	writing POSdb.POSCompanies to 
2025-11-18T11:32:48.861+0200	writing POSdb.POSCities to 
2025-11-18T11:32:48.863+0200	done dumping POSdb.POSCompanies (1 document)
2025-11-18T11:32:48.865+0200	done dumping POSdb.POSCities (1 document)
2025-11-18T11:32:48.866+0200	writing POSdb.POSMyPoints to 
2025-11-18T11:32:48.866+0200	writing newPOSdb.POSTaxes to 
2025-11-18T11:32:48.866+0200	done dumping newPOSdb.POSItemGroups (1 document)
2025-11-18T11:32:48.867+0200	writing newPOSdb.POSMinimumCharges to 
2025-11-18T11:32:48.869+0200	done dumping newPOSdb.POSTaxes (1 document)
2025-11-18T11:32:48.870+0200	done dumping POSdb.POSMyPoints (1 document)
2025-11-18T11:32:48.870+0200	writing newPOSdb.POSVolumes to 
2025-11-18T11:32:48.870+0200	writing POSdb.POSPrinters to 
2025-11-18T11:32:48.871+0200	done dumping newPOSdb.POSMinimumCharges (1 document)
2025-11-18T11:32:48.872+0200	writing POSdb.POSCancellationReasons to 
2025-11-18T11:32:48.875+0200	done dumping POSdb.POSCancellationReasons (1 document)
2025-11-18T11:32:48.875+0200	done dumping POSdb.POSPrinters (1 document)
2025-11-18T11:32:48.875+0200	done dumping newPOSdb.POSVolumes (1 document)
2025-11-18T11:32:48.876+0200	writing POSdb.POSSettings to 
2025-11-18T11:32:48.877+0200	writing POSdb.applicationRoles to 
2025-11-18T11:32:48.877+0200	writing newPOSdb.POSRMSConnSettings to 
2025-11-18T11:32:48.879+0200	done dumping POSdb.applicationRoles (1 document)
2025-11-18T11:32:48.879+0200	done dumping newPOSdb.POSRMSConnSettings (1 document)
2025-11-18T11:32:48.879+0200	writing newPOSdb.POSUpdateData to 
2025-11-18T11:32:48.879+0200	writing Quiz.POSOrderETaxs to 
2025-11-18T11:32:48.879+0200	done dumping POSdb.POSSettings (1 document)
2025-11-18T11:32:48.881+0200	writing POSdbnew.POSOrderETaxs to 
2025-11-18T11:32:48.882+0200	done dumping Quiz.POSOrderETaxs (0 documents)
2025-11-18T11:32:48.882+0200	done dumping newPOSdb.POSUpdateData (1 document)
2025-11-18T11:32:48.884+0200	done dumping POSdbnew.POSOrderETaxs (0 documents)
2025-11-18T11:32:49.596+0200	[###############.........]  POSdbhamdy.POSOrders  7249/11550  (62.8%)
2025-11-18T11:32:50.324+0200	[########################]  POSdbhamdy.POSOrders  11550/115